Log file open, 11/09/18 16:07:58
LogWindows: Failed to load 'aqProf.dll' (GetLastError=126)
LogWindows: File 'aqProf.dll' does not exist
LogWindows: Failed to load 'VSPerf140.dll' (GetLastError=126)
LogWindows: File 'VSPerf140.dll' does not exist
LogWindows: Failed to load 'VtuneApi.dll' (GetLastError=126)
LogWindows: File 'VtuneApi.dll' does not exist
LogWindows: Failed to load 'VtuneApi32e.dll' (GetLastError=126)
LogWindows: File 'VtuneApi32e.dll' does not exist
LogInit: Display: Running engine for game: Masters_Project
LogPlatformFile: Not using cached read wrapper
LogTaskGraph: Started task graph with 5 named threads and 23 total threads with 3 sets of task threads.
LogStats: Stats thread started at 0.924600
LogD3D11RHI: Loaded GFSDK_Aftermath_Lib.x64.dll
LogICUInternationalization: Display: ICU TimeZone Detection - Raw Offset: +1:00, Platform Override: ''
LogPluginManager: Mounting plugin Paper2D
LogPluginManager: Mounting plugin AISupport
LogPluginManager: Mounting plugin LightPropagationVolume
LogPluginManager: Mounting plugin CLionSourceCodeAccess
LogPluginManager: Mounting plugin CodeLiteSourceCodeAccess
LogPluginManager: Mounting plugin GitSourceControl
LogPluginManager: Mounting plugin KDevelopSourceCodeAccess
LogPluginManager: Mounting plugin NullSourceCodeAccess
LogPluginManager: Mounting plugin PerforceSourceControl
LogPluginManager: Mounting plugin SubversionSourceControl
LogPluginManager: Mounting plugin UObjectPlugin
LogPluginManager: Mounting plugin VisualStudioCodeSourceCodeAccess
LogPluginManager: Mounting plugin VisualStudioSourceCodeAccess
LogPluginManager: Mounting plugin XCodeSourceCodeAccess
LogPluginManager: Mounting plugin AssetManagerEditor
LogPluginManager: Mounting plugin CryptoKeys
LogPluginManager: Mounting plugin DataValidation
LogPluginManager: Mounting plugin FacialAnimation
LogPluginManager: Mounting plugin GameplayTagsEditor
LogPluginManager: Mounting plugin MacGraphicsSwitching
LogPluginManager: Mounting plugin MeshEditor
LogPluginManager: Mounting plugin MobileLauncherProfileWizard
LogPluginManager: Mounting plugin PluginBrowser
LogPluginManager: Mounting plugin SpeedTreeImporter
LogPluginManager: Mounting plugin DatasmithContent
LogPluginManager: Mounting plugin AlembicImporter
LogPluginManager: Mounting plugin AppleImageUtils
LogPluginManager: Mounting plugin AppleVision
LogPluginManager: Mounting plugin BackChannel
LogPluginManager: Mounting plugin CharacterAI
LogPluginManager: Mounting plugin GeometryCache
LogPluginManager: Mounting plugin HTML5Networking
LogPluginManager: Mounting plugin ProxyLODPlugin
LogPluginManager: Mounting plugin MagicLeap
LogPluginManager: Mounting plugin MagicLeapEmulator
LogPluginManager: Mounting plugin MagicLeapMedia
LogPluginManager: Mounting plugin AndroidMedia
LogPluginManager: Mounting plugin AvfMedia
LogPluginManager: Mounting plugin ImgMedia
LogPluginManager: Mounting plugin LinearTimecode
LogPluginManager: Mounting plugin MediaCompositing
LogPluginManager: Mounting plugin MediaPlayerEditor
LogPluginManager: Mounting plugin WmfMedia
LogPluginManager: Mounting plugin TcpMessaging
LogPluginManager: Mounting plugin UdpMessaging
LogPluginManager: Mounting plugin ActorSequence
LogPluginManager: Mounting plugin LevelSequenceEditor
LogPluginManager: Mounting plugin MatineeToLevelSequence
LogPluginManager: Mounting plugin NetcodeUnitTest
LogPluginManager: Mounting plugin NUTUnrealEngine4
LogPluginManager: Mounting plugin OnlineSubsystemGooglePlay
LogPluginManager: Mounting plugin OnlineSubsystemIOS
LogPluginManager: Mounting plugin OnlineSubsystem
LogPluginManager: Mounting plugin OnlineSubsystemNull
LogPluginManager: Mounting plugin OnlineSubsystemUtils
LogPluginManager: Mounting plugin LauncherChunkInstaller
LogPluginManager: Mounting plugin AndroidDeviceProfileSelector
LogPluginManager: Mounting plugin AndroidMoviePlayer
LogPluginManager: Mounting plugin AndroidPermission
LogPluginManager: Mounting plugin AppleMoviePlayer
LogPluginManager: Mounting plugin ArchVisCharacter
LogPluginManager: Mounting plugin AudioCapture
LogPluginManager: Mounting plugin CableComponent
LogPluginManager: Mounting plugin CustomMeshComponent
LogPluginManager: Mounting plugin EditableMesh
LogPluginManager: Mounting plugin ExampleDeviceProfileSelector
LogPluginManager: Mounting plugin GoogleCloudMessaging
LogPluginManager: Mounting plugin ImmediatePhysics
LogPluginManager: Mounting plugin IOSDeviceProfileSelector
LogPluginManager: Mounting plugin LinuxDeviceProfileSelector
LogPluginManager: Mounting plugin LocationServicesBPLibrary
LogPluginManager: Mounting plugin MobilePatchingUtils
LogPluginManager: Mounting plugin OculusVR
LogPluginManager: Plugin shader directory ../../../Engine/Plugins/Runtime/Oculus/OculusVR/Shaders found
LogPluginManager: Mapping shader source directory ../../../Engine/Plugins/Runtime/Oculus/OculusVR/Shaders to virtual directory /Plugin/OculusVR
LogPluginManager: Mounting plugin PhysXVehicles
LogPluginManager: Mounting plugin ProceduralMeshComponent
LogPluginManager: Mounting plugin RuntimePhysXCooking
LogPluginManager: Mounting plugin SteamVR
LogPluginManager: Mounting plugin WindowsMoviePlayer
LogStreaming: Display: Took  0.465s to configure plugins.
LogInit: Using libcurl 7.55.1-DEV
LogInit:  - built for x86_64-pc-win32
LogInit:  - supports SSL with OpenSSL/1.0.2h
LogInit:  - supports HTTP deflate (compression) using libz 1.2.8
LogInit:  - other features:
LogInit:      CURL_VERSION_SSL
LogInit:      CURL_VERSION_LIBZ
LogInit:      CURL_VERSION_IPV6
LogInit:      CURL_VERSION_ASYNCHDNS
LogInit:      CURL_VERSION_LARGEFILE
LogInit:      CURL_VERSION_IDN
LogInit:  CurlRequestOptions (configurable via config and command line):
LogInit:  - bVerifyPeer = false  - Libcurl will NOT verify peer certificate
LogInit:  - bUseHttpProxy = false  - Libcurl will NOT use HTTP proxy
LogInit:  - bDontReuseConnections = false  - Libcurl will reuse connections
LogInit:  - CertBundlePath = nullptr  - Libcurl will use whatever was configured at build time.
LogInit:  - MaxHostConnections = 16  - Libcurl will limit the number of connections to a host
LogInit:  - LocalHostAddr = Default
LogInit:  - BufferSize = 65536
LogInit: WinSock: version 1.1 (2.2), MaxSocks=32767, MaxUdp=65467
LogInit: Build: ++UE4+Release-4.20-CL-4369336
LogInit: Engine Version: 4.20.3-4369336+++UE4+Release-4.20
LogInit: Compatible Engine Version: 4.20.0-4212847+++UE4+Release-4.20
LogInit: Net CL: 4212847
LogInit: OS: Windows 10 (), CPU: Intel(R) Core(TM) i7-7700HQ CPU @ 2.80GHz, GPU: Intel(R) HD Graphics 630
LogInit: Compiled (64-bit): Sep 17 2018 12:26:19
LogInit: Compiled with Visual C++: 19.13.26129.00
LogInit: Build Configuration: Development
LogInit: Branch Name: ++UE4+Release-4.20
LogInit: Command Line:  
LogInit: Base Directory: C:/Program Files/Epic Games/UE_4.20/Engine/Binaries/Win64/
LogInit: Installed Engine Build: 1
LogDevObjectVersion: Number of dev versions registered: 20
LogDevObjectVersion:   Dev-Blueprints (B0D832E4-1F89-4F0D-ACCF-7EB736FD4AA2): 10
LogDevObjectVersion:   Dev-Build (E1C64328-A22C-4D53-A36C-8E866417BD8C): 0
LogDevObjectVersion:   Dev-Core (375EC13C-06E4-48FB-B500-84F0262A717E): 2
LogDevObjectVersion:   Dev-Editor (E4B068ED-F494-42E9-A231-DA0B2E46BB41): 24
LogDevObjectVersion:   Dev-Framework (CFFC743F-43B0-4480-9391-14DF171D2073): 34
LogDevObjectVersion:   Dev-Mobile (B02B49B5-BB20-44E9-A304-32B752E40360): 2
LogDevObjectVersion:   Dev-Networking (A4E4105C-59A1-49B5-A7C5-40C4547EDFEE): 0
LogDevObjectVersion:   Dev-Online (39C831C9-5AE6-47DC-9A44-9C173E1C8E7C): 0
LogDevObjectVersion:   Dev-Physics (78F01B33-EBEA-4F98-B9B4-84EACCB95AA2): 0
LogDevObjectVersion:   Dev-Platform (6631380F-2D4D-43E0-8009-CF276956A95A): 0
LogDevObjectVersion:   Dev-Rendering (12F88B9F-8875-4AFC-A67C-D90C383ABD29): 26
LogDevObjectVersion:   Dev-Sequencer (7B5AE74C-D270-4C10-A958-57980B212A5A): 9
LogDevObjectVersion:   Dev-VR (D7296918-1DD6-4BDD-9DE2-64A83CC13884): 2
LogDevObjectVersion:   Dev-LoadTimes (C2A15278-BFE7-4AFE-6C17-90FF531DF755): 1
LogDevObjectVersion:   Private-Geometry (6EACA3D4-40EC-4CC1-B786-8BED09428FC5): 3
LogDevObjectVersion:   Dev-AnimPhys (29E575DD-E0A3-4627-9D10-D276232CDCEA): 17
LogDevObjectVersion:   Dev-ReflectionCapture (6B266CEC-1EC7-4B8F-A30B-E4D90942FC07): 1
LogDevObjectVersion:   Dev-Automation (0DF73D61-A23F-47EA-B727-89E90C41499A): 1
LogDevObjectVersion:   FortniteMain (601D1886-AC64-4F84-AA16-D3DE0DEAC7D6): 12
LogDevObjectVersion:   Dev-Enterprise (9DFFBCD6-494F-0158-E221-12823C92A888): 1
LogStreaming: Display: Took  0.265s to delete old logs.
LogInit: Presizing for max 8388607 objects, including 0 objects not considered by GC, pre-allocating 0 bytes for permanent pool.
LogInit: Object subsystem initialized
[2018.11.09-15.08.01:846][  0]LogInit: Selected Device Profile: [Windows]
[2018.11.09-15.08.01:846][  0]LogInit: Applying CVar settings loaded from the selected device profile: [Windows]
[2018.11.09-15.08.02:086][  0]LogHAL: Display: Platform has ~ 8 GB [8469164032 / 8589934592 / 8], which maps to Default [LargestMinGB=32, LargerMinGB=12, DefaultMinGB=8, SmallerMinGB=6, SmallestMinGB=0)
[2018.11.09-15.08.02:086][  0]LogInit: Setting Device Profile CVar: [[r.Vulkan.UseRealUBs:1]]
[2018.11.09-15.08.02:086][  0]LogInit: Going up to parent DeviceProfile []
[2018.11.09-15.08.02:153][  0]LogInit: Computer: DESKTOP-9GLKCJD
[2018.11.09-15.08.02:153][  0]LogInit: User: asus
[2018.11.09-15.08.02:153][  0]LogInit: CPU Page size=4096, Cores=4
[2018.11.09-15.08.02:153][  0]LogInit: High frequency timer resolution =2.742190 MHz
[2018.11.09-15.08.02:153][  0]LogMemory: Memory total: Physical=7.9GB (8GB approx)
[2018.11.09-15.08.02:153][  0]LogMemory: Platform Memory Stats for Windows
[2018.11.09-15.08.02:153][  0]LogMemory: Process Physical Memory: 101.09 MB used, 101.09 MB peak
[2018.11.09-15.08.02:153][  0]LogMemory: Process Virtual Memory: 89.44 MB used, 89.44 MB peak
[2018.11.09-15.08.02:153][  0]LogMemory: Physical Memory: 5324.08 MB used,  2752.74 MB free, 8076.82 MB total
[2018.11.09-15.08.02:153][  0]LogMemory: Virtual Memory: 4643.37 MB used,  2752.74 MB free, 134217728.00 MB total
[2018.11.09-15.08.03:733][  0]LogInit: Using OS detected language (en-US).
[2018.11.09-15.08.03:733][  0]LogInit: Using OS detected locale (en-GB).
[2018.11.09-15.08.03:766][  0]LogTextLocalizationManager: No specific localization for 'en-US' exists, so the 'en' localization will be used.
[2018.11.09-15.08.10:577][  0]LogStreaming: Display: Took  6.845s to InitEngineTextLocalization.
[2018.11.09-15.08.11:579][  0]LogSlate: New Slate User Created.  User Index 0, Is Virtual User: 0
[2018.11.09-15.08.11:579][  0]LogSlate: Slate User Registered.  User Index 0, Is Virtual User: 0
[2018.11.09-15.08.24:079][  0]LogHMD: Failed to initialize OpenVR with code 110
[2018.11.09-15.08.24:079][  0]LogD3D11RHI: D3D11 adapters:
[2018.11.09-15.08.26:266][  0]LogD3D11RHI:    0. 'NVIDIA GeForce GTX 1050' (Feature Level 11_0)
[2018.11.09-15.08.26:266][  0]LogD3D11RHI:       4021/0/4038 MB DedicatedVideo/DedicatedSystem/SharedSystem, Outputs:1, VendorId:0x10de
[2018.11.09-15.08.26:280][  0]LogD3D11RHI:    1. 'Intel(R) HD Graphics 630' (Feature Level 11_0)
[2018.11.09-15.08.26:280][  0]LogD3D11RHI:       128/0/4038 MB DedicatedVideo/DedicatedSystem/SharedSystem, Outputs:0, VendorId:0x8086
[2018.11.09-15.08.26:302][  0]LogD3D11RHI:    2. 'Microsoft Basic Render Driver' (Feature Level 11_0)
[2018.11.09-15.08.26:302][  0]LogD3D11RHI:       0/0/4038 MB DedicatedVideo/DedicatedSystem/SharedSystem, Outputs:0, VendorId:0x1414
[2018.11.09-15.08.26:302][  0]LogD3D11RHI: Chosen D3D11 Adapter: 0
[2018.11.09-15.08.26:332][  0]LogD3D11RHI: Creating new Direct3DDevice
[2018.11.09-15.08.26:332][  0]LogD3D11RHI:     GPU DeviceId: 0x1c8d (for the marketing name, search the web for "GPU Device Id")
[2018.11.09-15.08.26:332][  0]LogWindows: EnumDisplayDevices:
[2018.11.09-15.08.26:332][  0]LogWindows:    0. 'Intel(R) HD Graphics 630' (P:1 D:1)
[2018.11.09-15.08.26:333][  0]LogWindows:    1. 'Intel(R) HD Graphics 630' (P:0 D:0)
[2018.11.09-15.08.26:333][  0]LogWindows:    2. 'Intel(R) HD Graphics 630' (P:0 D:0)
[2018.11.09-15.08.26:333][  0]LogWindows: DebugString: PrimaryIsNotTheChoosenAdapter PrimaryIsNotTheChoosenAdapter PrimaryIsNotTheChoosenAdapter FoundDriverCount:0 
[2018.11.09-15.08.26:333][  0]LogD3D11RHI:     Adapter Name: NVIDIA GeForce GTX 1050
[2018.11.09-15.08.26:333][  0]LogD3D11RHI:   Driver Version: Unknown (internal:Unknown, unified:Unknown)
[2018.11.09-15.08.26:333][  0]LogD3D11RHI:      Driver Date: Unknown
[2018.11.09-15.08.26:333][  0]LogRHI: Texture pool is 2814 MB (70% of 4021 MB)
[2018.11.09-15.08.26:490][  0]LogD3D11RHI: Async texture creation enabled
[2018.11.09-15.08.27:013][  0]LogD3D11RHI: GPU Timing Frequency: 1000.000000 (Debug: 2 2)
[2018.11.09-15.08.27:217][  0]LogShaderCompilers: Guid format shader working directory is -5 characters bigger than the processId version (../../../../../../Users/asus/Desktop/Masters_Game/Intermediate/Shaders/WorkingDirectory/12412/).
[2018.11.09-15.08.27:217][  0]LogShaderCompilers: Cleaned the shader compiler working directory 'C:/Users/asus/AppData/Local/Temp/UnrealShaderWorkingDir/43D8A70E42542F566F7930A9BBA3F290/'.
[2018.11.09-15.08.41:162][  0]LogTemp: Display: Loaded TP AllDesktopTargetPlatform
[2018.11.09-15.08.41:210][  0]LogTemp: Display: Loaded TP MacClientTargetPlatform
[2018.11.09-15.08.41:229][  0]LogTemp: Display: Loaded TP MacNoEditorTargetPlatform
[2018.11.09-15.08.41:254][  0]LogTemp: Display: Loaded TP MacServerTargetPlatform
[2018.11.09-15.08.41:311][  0]LogTemp: Display: Loaded TP MacTargetPlatform
[2018.11.09-15.08.41:400][  0]LogTemp: Display: Loaded TP WindowsClientTargetPlatform
[2018.11.09-15.08.41:438][  0]LogTemp: Display: Loaded TP WindowsNoEditorTargetPlatform
[2018.11.09-15.08.41:455][  0]LogTemp: Display: Loaded TP WindowsServerTargetPlatform
[2018.11.09-15.08.41:471][  0]LogTemp: Display: Loaded TP WindowsTargetPlatform
[2018.11.09-15.08.41:585][  0]LogTemp: Display: Loaded TP AndroidTargetPlatform
[2018.11.09-15.08.41:585][  0]LogTemp: Display: Loaded TP AndroidTargetPlatform
[2018.11.09-15.08.41:585][  0]LogTemp: Display: Loaded TP AndroidTargetPlatform
[2018.11.09-15.08.41:585][  0]LogTemp: Display: Loaded TP AndroidTargetPlatform
[2018.11.09-15.08.41:585][  0]LogTemp: Display: Loaded TP AndroidTargetPlatform
[2018.11.09-15.08.41:585][  0]LogTemp: Display: Loaded TP AndroidTargetPlatform
[2018.11.09-15.08.41:585][  0]LogTemp: Display: Loaded TP AndroidTargetPlatform
[2018.11.09-15.08.41:585][  0]LogTemp: Display: Loaded TP AndroidTargetPlatform
[2018.11.09-15.08.41:585][  0]LogTemp: Display: Loaded TP AndroidTargetPlatform
[2018.11.09-15.08.41:585][  0]LogTemp: Display: Loaded TP AndroidTargetPlatform
[2018.11.09-15.08.41:585][  0]LogTemp: Display: Loaded TP AndroidTargetPlatform
[2018.11.09-15.08.41:585][  0]LogTemp: Display: Loaded TP AndroidTargetPlatform
[2018.11.09-15.08.41:585][  0]LogTemp: Display: Loaded TP AndroidTargetPlatform
[2018.11.09-15.08.41:585][  0]LogTemp: Display: Loaded TP AndroidTargetPlatform
[2018.11.09-15.08.41:585][  0]LogTemp: Display: Loaded TP AndroidTargetPlatform
[2018.11.09-15.08.41:585][  0]LogTemp: Display: Loaded TP AndroidTargetPlatform
[2018.11.09-15.08.41:585][  0]LogTemp: Display: Loaded TP AndroidTargetPlatform
[2018.11.09-15.08.41:585][  0]LogTemp: Display: Loaded TP AndroidTargetPlatform
[2018.11.09-15.08.41:614][  0]LogTemp: Display: Loaded TP HTML5TargetPlatform
[2018.11.09-15.08.41:761][  0]LogTemp: Display: Loaded TP IOSTargetPlatform
[2018.11.09-15.08.41:761][  0]LogTemp: Display: Loaded TP IOSTargetPlatform
[2018.11.09-15.08.41:797][  0]LogTemp: Display: Loaded TP TVOSTargetPlatform
[2018.11.09-15.08.41:797][  0]LogTemp: Display: Loaded TP TVOSTargetPlatform
[2018.11.09-15.08.41:828][  0]LogTemp: Display: Loaded TP LinuxClientTargetPlatform
[2018.11.09-15.08.41:848][  0]LogTemp: Display: Loaded TP LinuxNoEditorTargetPlatform
[2018.11.09-15.08.41:872][  0]LogTemp: Display: Loaded TP LinuxServerTargetPlatform
[2018.11.09-15.08.41:917][  0]LogTemp: Display: Loaded TP LinuxTargetPlatform
[2018.11.09-15.08.41:935][  0]LogTemp: Display: Loaded TP LuminTargetPlatform
[2018.11.09-15.08.41:935][  0]LogTargetPlatformManager: Display: Building Assets For Windows
[2018.11.09-15.08.43:726][  0]LogXGEController: Cleaning working directory: C:/Users/asus/AppData/Local/Temp/UnrealXGEWorkingDir/
[2018.11.09-15.08.43:727][  0]LogXGEController: Cannot use XGE Controller as Incredibuild is not installed on this machine.
[2018.11.09-15.08.43:727][  0]LogShaderCompilers: Cannot use XGE Shader Compiler as Incredibuild is not installed on this machine.
[2018.11.09-15.08.43:800][  0]LogShaderCompilers: Display: Using Local Shader Compiler.
[2018.11.09-15.09.02:909][  0]LogDerivedDataCache: Display: Max Cache Size: 512 MB
[2018.11.09-15.09.05:377][  0]LogDerivedDataCache: Loaded boot cache 2.47s 71MB C:/Users/asus/AppData/Local/UnrealEngine/4.20/DerivedDataCache/Boot.ddc.
[2018.11.09-15.09.05:377][  0]LogDerivedDataCache: Display: Loaded Boot cache: C:/Users/asus/AppData/Local/UnrealEngine/4.20/DerivedDataCache/Boot.ddc
[2018.11.09-15.09.05:377][  0]LogDerivedDataCache: FDerivedDataBackendGraph:  Pak pak cache file ../../../../../../Users/asus/Desktop/Masters_Game/DerivedDataCache/DDC.ddp not found, will not use a pak cache.
[2018.11.09-15.09.05:378][  0]LogDerivedDataCache: Unable to find inner node Pak for hierarchical cache Hierarchy.
[2018.11.09-15.09.05:378][  0]LogDerivedDataCache: FDerivedDataBackendGraph:  CompressedPak pak cache file ../../../../../../Users/asus/Desktop/Masters_Game/DerivedDataCache/Compressed.ddp not found, will not use a pak cache.
[2018.11.09-15.09.05:378][  0]LogDerivedDataCache: Unable to find inner node CompressedPak for hierarchical cache Hierarchy.
[2018.11.09-15.09.05:541][  0]LogDerivedDataCache: Display: Pak cache opened for reading ../../../Engine/DerivedDataCache/Compressed.ddp.
[2018.11.09-15.09.05:555][  0]LogDerivedDataCache: Using Local data cache path C:/Users/asus/AppData/Local/UnrealEngine/Common/DerivedDataCache: Writable
[2018.11.09-15.09.05:555][  0]LogDerivedDataCache: Shared data cache path not found in *engine.ini, will not use an Shared cache.
[2018.11.09-15.09.05:555][  0]LogDerivedDataCache: Unable to find inner node Shared for hierarchical cache Hierarchy.
[2018.11.09-15.09.05:676][  0]LogMaterial: Verifying Global Shaders for PCD3D_SM5
[2018.11.09-15.09.05:685][  0]LogSlate: Using FreeType 2.6.0
[2018.11.09-15.09.05:734][  0]LogSlate: SlateFontServices - WITH_FREETYPE: 1, WITH_HARFBUZZ: 1
[2018.11.09-15.09.09:858][  0]LogAssetRegistry: FAssetRegistry took 0.0296 seconds to start up
[2018.11.09-15.09.16:018][  0]LogInit: Selected Device Profile: [Windows]
[2018.11.09-15.09.17:810][  0]LogSimplygon: Simplygon DLL not present - disabling.
[2018.11.09-15.09.18:611][  0]LogMeshReduction: Using SimplygonSwarm for distributed automatic mesh merging
[2018.11.09-15.09.18:611][  0]LogMeshReduction: Using ProxyLODMeshReduction for automatic mesh merging
[2018.11.09-15.09.18:753][  0]LogMeshReduction: Using QuadricMeshReduction for automatic static mesh reduction
[2018.11.09-15.09.18:753][  0]LogMeshReduction: No automatic skeletal mesh reduction module available
[2018.11.09-15.09.22:107][  0]LogNetVersion: Masters_Project 1.0.0, NetCL: 4212847, EngineNetVer: 5, GameNetVer: 0 (Checksum: 4035682717)
[2018.11.09-15.09.28:045][  0]LogPackageLocalizationCache: Processed 11 localized package path(s) for 2 prioritized culture(s) in 0.189682 seconds
[2018.11.09-15.09.28:082][  0]LogUObjectArray: 38425 objects as part of root set at end of initial load.
[2018.11.09-15.09.28:082][  0]LogUObjectAllocator: 6690872 out of 0 bytes used by permanent object pool.
[2018.11.09-15.09.28:082][  0]LogUObjectArray: CloseDisregardForGC: 0/0 objects in disregard for GC pool
[2018.11.09-15.09.58:989][  0]LogTcpMessaging: Initializing TcpMessaging bridge
[2018.11.09-15.09.59:042][  0]LogUdpMessaging: Initializing bridge on interface 0.0.0.0:0 to multicast group 230.0.0.1:6666.
[2018.11.09-15.10.00:485][  0]SourceControl: Source control is disabled
[2018.11.09-15.10.00:485][  0]SourceControl: Source control is disabled
[2018.11.09-15.10.00:564][  0]SourceControl: Source control is disabled
[2018.11.09-15.10.00:573][  0]SourceControl: Source control is disabled
[2018.11.09-15.10.01:434][  0]LogAndroidPermission: UAndroidPermissionCallbackProxy::GetInstance
[2018.11.09-15.10.01:728][  0]LogOcInput: OculusInput pre-init called
[2018.11.09-15.10.02:191][  0]LogEngine: Initializing Engine...
[2018.11.09-15.10.02:223][  0]LogHMD: Failed to initialize OpenVR with code 110
[2018.11.09-15.10.02:225][  0]LogStats: UGameplayTagsManager::ConstructGameplayTagTree: ImportINI prefixes -  0.000 s
[2018.11.09-15.10.02:225][  0]LogStats: UGameplayTagsManager::ConstructGameplayTagTree: Construct from data asset -  0.000 s
[2018.11.09-15.10.02:225][  0]LogStats: UGameplayTagsManager::ConstructGameplayTagTree: ImportINI -  0.000 s
[2018.11.09-15.10.02:226][  0]LogStats: UGameplayTagsManager::ConstructGameplayTagTree: GameplayTagTreeChangedEvent.Broadcast -  0.000 s
[2018.11.09-15.10.03:375][  0]LogInit: Initializing FReadOnlyCVARCache
[2018.11.09-15.10.03:856][  0]LogAIModule: Creating AISystem for world Untitled
[2018.11.09-15.10.03:999][  0]LogInit: XAudio2 using 'Speakers (Realtek High Definition Audio)' : 2 channels at 48 kHz using 32 bits per sample (channel mask 0x3)
[2018.11.09-15.10.04:404][  0]LogInit: FAudioDevice initialized.
[2018.11.09-15.10.04:421][  0]LogNetVersion: Set ProjectVersion to 1.0.0.0. Version Checksum will be recalculated on next use.
[2018.11.09-15.10.04:952][  0]LogDerivedDataCache: Saved boot cache 0.53s 71MB C:/Users/asus/AppData/Local/UnrealEngine/4.20/DerivedDataCache/Boot.ddc.
[2018.11.09-15.10.04:962][  0]LogInit: Texture streaming: Enabled
[2018.11.09-15.10.05:107][  0]LogEngineSessionManager: EngineSessionManager initialized
[2018.11.09-15.10.05:355][  0]LogInit: Transaction tracking system initialized
[2018.11.09-15.10.05:694][  0]BlueprintLog: New page: Editor Load
[2018.11.09-15.10.08:216][  0]LocalizationService: Localization service is disabled
[2018.11.09-15.10.14:824][  0]LogFileCache: Scanning file cache for directory 'C:/Users/asus/Desktop/Masters_Game/Content/' took 0.07s
[2018.11.09-15.10.14:824][  0]LogCook: Display: Max memory allowance for cook 16384mb min free memory 0mb
[2018.11.09-15.10.14:828][  0]LogCook: Display: Mobile HDR setting 1
[2018.11.09-15.10.14:828][  0]LogGameplayTags: Display: UGameplayTagsManager::DoneAddingNativeTags. DelegateIsBound: 0
[2018.11.09-15.10.14:828][  0]LogStats: UGameplayTagsManager::ConstructGameplayTagTree: ImportINI prefixes -  0.000 s
[2018.11.09-15.10.14:828][  0]LogStats: UGameplayTagsManager::ConstructGameplayTagTree: Construct from data asset -  0.000 s
[2018.11.09-15.10.14:829][  0]LogStats: UGameplayTagsManager::ConstructGameplayTagTree: ImportINI -  0.000 s
[2018.11.09-15.10.14:829][  0]LogStats: UGameplayTagsManager::ConstructGameplayTagTree: GameplayTagTreeChangedEvent.Broadcast -  0.000 s
[2018.11.09-15.10.19:330][  0]SourceControl: Source control is disabled
[2018.11.09-15.10.19:351][  0]Cmd: MAP LOAD FILE="../../../../../../Users/asus/Desktop/Masters_Game/Content/ThirdPersonBP/Maps/ThirdPersonExampleMap.umap" TEMPLATE=0 SHOWPROGRESS=1 FEATURELEVEL=3
[2018.11.09-15.10.19:425][  0]LightingResults: New page: Lighting Build
[2018.11.09-15.10.19:618][  0]MapCheck: New page: Map Check
[2018.11.09-15.10.19:618][  0]LightingResults: New page: Lighting Build
[2018.11.09-15.10.30:737][  0]LogAIModule: Creating AISystem for world ThirdPersonExampleMap
[2018.11.09-15.10.35:003][  0]LogEditorServer: Finished looking for orphan Actors (0.000 secs)
[2018.11.09-15.10.35:442][  0]Cmd: MAP CHECKDEP NOCLEARLOG
[2018.11.09-15.10.35:558][  0]MapCheck: Map check complete: 0 Error(s), 0 Warning(s), took 116.334ms to complete.
[2018.11.09-15.10.35:558][  0]LogFileHelpers: Loading map 'ThirdPersonExampleMap' took 16.228
[2018.11.09-15.10.38:823][  0]LogSlate: Updating window title bar state: overlay mode, drag disabled, window buttons hidden, title bar hidden
[2018.11.09-15.10.38:831][  0]LogSlate: Updating window title bar state: overlay mode, drag disabled, window buttons hidden, title bar hidden
[2018.11.09-15.10.38:839][  0]LogSlate: Updating window title bar state: overlay mode, drag disabled, window buttons hidden, title bar hidden
[2018.11.09-15.10.38:847][  0]LogSlate: Updating window title bar state: overlay mode, drag disabled, window buttons hidden, title bar hidden
[2018.11.09-15.10.39:069][  0]LogCollectionManager: Loaded 0 collections in 0.002394 seconds
[2018.11.09-15.10.39:376][  0]LogFileCache: Scanning file cache for directory 'C:/Users/asus/Desktop/Masters_Game/Saved/Collections/' took 0.01s
[2018.11.09-15.10.39:377][  0]LogFileCache: Scanning file cache for directory 'C:/Users/asus/Desktop/Masters_Game/Content/Developers/asus/Collections/' took 0.01s
[2018.11.09-15.10.39:377][  0]LogFileCache: Scanning file cache for directory 'C:/Users/asus/Desktop/Masters_Game/Content/Collections/' took 0.01s
[2018.11.09-15.10.39:377][  0]LogCollectionManager: Rebuilt the GUID cache for 0 collections in 0.000001 seconds
[2018.11.09-15.10.39:462][  0]LogContentBrowser: Native class hierarchy populated in 0.0372 seconds. Added 2572 classes and 603 folders.
[2018.11.09-15.10.39:703][  0]LogContentBrowser: Native class hierarchy updated for 'WidgetCarousel' in 0.0008 seconds. Added 0 classes and 0 folders.
[2018.11.09-15.10.43:479][  0]LogContentBrowser: Native class hierarchy updated for 'AddContentDialog' in 0.0006 seconds. Added 0 classes and 0 folders.
[2018.11.09-15.10.43:825][  0]LogContentBrowser: Native class hierarchy updated for 'SceneOutliner' in 0.0007 seconds. Added 1 classes and 2 folders.
[2018.11.09-15.10.44:240][  0]LogSlate: Took 0.070113 seconds to synchronously load lazily loaded font '../../../Engine/Content/Slate/Fonts/Roboto-Regular.ttf' (155K)
[2018.11.09-15.10.44:326][  0]LogSlate: Took 0.083458 seconds to synchronously load lazily loaded font '../../../Engine/Content/Slate/Fonts/Roboto-Bold.ttf' (160K)
[2018.11.09-15.10.44:476][  0]LogSlate: Took 0.066735 seconds to synchronously load lazily loaded font '../../../Engine/Content/Editor/Slate/Fonts/FontAwesome.ttf' (139K)
[2018.11.09-15.10.45:953][  0]LogRenderer: Reallocating scene render targets to support 1208x576 Format 10 NumSamples 1 (Frame:1).
[2018.11.09-15.10.47:730][  0]LogContentBrowser: Native class hierarchy updated for 'HierarchicalLODOutliner' in 0.0007 seconds. Added 0 classes and 0 folders.
[2018.11.09-15.10.47:730][  0]LogLoad: (Engine Initialization) Total time: 200.62 seconds
[2018.11.09-15.10.47:730][  0]LogLoad: (Engine Initialization) Total Blueprint compile time: 0.00 seconds
[2018.11.09-15.10.48:285][  0]LogContentStreaming: Texture pool size now 1000 MB
[2018.11.09-15.10.48:731][  0]LogSlate: Took 0.033477 seconds to synchronously load lazily loaded font '../../../Engine/Content/Slate/Fonts/Roboto-Light.ttf' (167K)
[2018.11.09-15.10.49:036][  1]LogAssetRegistry: Asset discovery search completed in 99.2009 seconds
[2018.11.09-15.10.49:038][  1]LogCollectionManager: Rebuilt the object cache for 0 collections in 0.000000 seconds (found 0 objects)
[2018.11.09-15.10.49:038][  1]LogCollectionManager: Fixed up redirectors for 0 collections in 0.000045 seconds (updated 0 objects)
[2018.11.09-15.11.06:245][990]LogSlate: FSceneViewport::OnFocusLost() reason 0
[2018.11.09-15.11.06:313][994]LogTemp: Repeating last play command: Selected Viewport
[2018.11.09-15.11.06:393][994]LogBlueprintUserMessages: Early PlayInEditor Detection: Level '/Game/ThirdPersonBP/Maps/ThirdPersonExampleMap.ThirdPersonExampleMap:PersistentLevel' has LevelScriptBlueprint '/Game/ThirdPersonBP/Maps/ThirdPersonExampleMap.ThirdPersonExampleMap:PersistentLevel.ThirdPersonExampleMap' with GeneratedClass '/Game/ThirdPersonBP/Maps/ThirdPersonExampleMap.ThirdPersonExampleMap_C' with ClassGeneratedBy '/Game/ThirdPersonBP/Maps/ThirdPersonExampleMap.ThirdPersonExampleMap:PersistentLevel.ThirdPersonExampleMap'
[2018.11.09-15.11.06:394][994]LogPlayLevel: PlayLevel: No blueprints needed recompiling
[2018.11.09-15.11.06:764][994]PIE: New page: PIE session: ThirdPersonExampleMap (9 Nov 2018 17:11:06)
[2018.11.09-15.11.06:765][994]LogPlayLevel: Creating play world package: /Game/ThirdPersonBP/Maps/UEDPIE_0_ThirdPersonExampleMap
[2018.11.09-15.11.07:128][994]LogPlayLevel: PIE: StaticDuplicateObject took: (0.363272s)
[2018.11.09-15.11.07:129][994]LogAIModule: Creating AISystem for world ThirdPersonExampleMap
[2018.11.09-15.11.07:168][994]LogPlayLevel: PIE: World Init took: (0.039928s)
[2018.11.09-15.11.07:168][994]LogPlayLevel: PIE: Created PIE world by copying editor world from /Game/ThirdPersonBP/Maps/ThirdPersonExampleMap.ThirdPersonExampleMap to /Game/ThirdPersonBP/Maps/UEDPIE_0_ThirdPersonExampleMap.ThirdPersonExampleMap (0.403498s)
[2018.11.09-15.11.07:281][994]LogInit: XAudio2 using 'Speakers (Realtek High Definition Audio)' : 2 channels at 48 kHz using 32 bits per sample (channel mask 0x3)
[2018.11.09-15.11.07:341][994]LogInit: FAudioDevice initialized.
[2018.11.09-15.11.07:491][994]LogLoad: Game class is 'GameModeBP_C'
[2018.11.09-15.11.07:846][994]LogWorld: Bringing World /Game/ThirdPersonBP/Maps/UEDPIE_0_ThirdPersonExampleMap.ThirdPersonExampleMap up for play (max tick rate 60) at 2018.11.09-16.11.07
[2018.11.09-15.11.08:193][994]LogWorld: Bringing up level for play took: 0.388345
[2018.11.09-15.11.08:596][994]LogContentBrowser: Native class hierarchy updated for 'MovieSceneCapture' in 0.0004 seconds. Added 10 classes and 0 folders.
[2018.11.09-15.11.08:596][994]LogGameMode: Display: Match State Changed from EnteringMap to WaitingToStart
[2018.11.09-15.11.08:596][994]LogGameState: Match State Changed from EnteringMap to WaitingToStart
[2018.11.09-15.11.08:596][994]LogGameMode: Display: Match State Changed from WaitingToStart to InProgress
[2018.11.09-15.11.08:851][994]LogSlate: New Slate User Created.  User Index 1, Is Virtual User: 0
[2018.11.09-15.11.08:852][994]LogSlate: Slate User Registered.  User Index 1, Is Virtual User: 0
[2018.11.09-15.11.08:942][994]LogPlayerManagement: Error: Failed to Create Player: A local player already exists for controller ID 1,
[2018.11.09-15.11.08:944][994]LogGameState: Match State Changed from WaitingToStart to InProgress
[2018.11.09-15.11.08:991][994]PIE: Play in editor start time for /Game/ThirdPersonBP/Maps/UEDPIE_0_ThirdPersonExampleMap 2.712
[2018.11.09-15.11.08:991][994]LogBlueprintUserMessages: Late PlayInEditor Detection: Level '/Game/ThirdPersonBP/Maps/ThirdPersonExampleMap.ThirdPersonExampleMap:PersistentLevel' has LevelScriptBlueprint '/Game/ThirdPersonBP/Maps/ThirdPersonExampleMap.ThirdPersonExampleMap:PersistentLevel.ThirdPersonExampleMap' with GeneratedClass '/Game/ThirdPersonBP/Maps/ThirdPersonExampleMap.ThirdPersonExampleMap_C' with ClassGeneratedBy '/Game/ThirdPersonBP/Maps/ThirdPersonExampleMap.ThirdPersonExampleMap:PersistentLevel.ThirdPersonExampleMap'
[2018.11.09-15.11.09:141][994]LogScript: Warning: Accessed None trying to read property Player 1
	LocalMultiplayer_Camera_BP_C /Game/ThirdPersonBP/Maps/UEDPIE_0_ThirdPersonExampleMap.ThirdPersonExampleMap:PersistentLevel.LocalMultiplayer_Camera_BP_2
	Function /Game/TwinStickBP/Blueprints/LocalMultiplayer_Camera_BP.LocalMultiplayer_Camera_BP_C:ExecuteUbergraph_LocalMultiplayer_Camera_BP:0338
[2018.11.09-15.11.09:141][994]PIE: Error: Blueprint Runtime Error: "Accessed None trying to read property Player 1". Blueprint:  LocalMultiplayer_Camera_BP Function:  Execute Ubergraph Local Multiplayer Camera BP Graph:  EventGraph Node:  Set Distance between characters
[2018.11.09-15.11.09:141][994]LogScript: Warning: Accessed None trying to read property Player 2
	LocalMultiplayer_Camera_BP_C /Game/ThirdPersonBP/Maps/UEDPIE_0_ThirdPersonExampleMap.ThirdPersonExampleMap:PersistentLevel.LocalMultiplayer_Camera_BP_2
	Function /Game/TwinStickBP/Blueprints/LocalMultiplayer_Camera_BP.LocalMultiplayer_Camera_BP_C:ExecuteUbergraph_LocalMultiplayer_Camera_BP:0410
[2018.11.09-15.11.09:141][994]PIE: Error: Blueprint Runtime Error: "Accessed None trying to read property Player 2". Blueprint:  LocalMultiplayer_Camera_BP Function:  Execute Ubergraph Local Multiplayer Camera BP Graph:  EventGraph Node:  Set Centre Position
[2018.11.09-15.11.09:142][994]LogScript: Warning: Accessed None trying to read property Player 1
	LocalMultiplayer_Camera_BP_C /Game/ThirdPersonBP/Maps/UEDPIE_0_ThirdPersonExampleMap.ThirdPersonExampleMap:PersistentLevel.LocalMultiplayer_Camera_BP_2
	Function /Game/TwinStickBP/Blueprints/LocalMultiplayer_Camera_BP.LocalMultiplayer_Camera_BP_C:ExecuteUbergraph_LocalMultiplayer_Camera_BP:0442
[2018.11.09-15.11.09:142][994]PIE: Error: Blueprint Runtime Error: "Accessed None trying to read property Player 1". Blueprint:  LocalMultiplayer_Camera_BP Function:  Execute Ubergraph Local Multiplayer Camera BP Graph:  EventGraph Node:  Set Centre Position
[2018.11.09-15.11.09:683][995]LogScript: Warning: Accessed None trying to read property Player 1
	LocalMultiplayer_Camera_BP_C /Game/ThirdPersonBP/Maps/UEDPIE_0_ThirdPersonExampleMap.ThirdPersonExampleMap:PersistentLevel.LocalMultiplayer_Camera_BP_2
	Function /Game/TwinStickBP/Blueprints/LocalMultiplayer_Camera_BP.LocalMultiplayer_Camera_BP_C:ExecuteUbergraph_LocalMultiplayer_Camera_BP:0338
[2018.11.09-15.11.09:683][995]PIE: Error: Blueprint Runtime Error: "Accessed None trying to read property Player 1". Blueprint:  LocalMultiplayer_Camera_BP Function:  Execute Ubergraph Local Multiplayer Camera BP Graph:  EventGraph Node:  Set Distance between characters
[2018.11.09-15.11.09:683][995]LogScript: Warning: Accessed None trying to read property Player 2
	LocalMultiplayer_Camera_BP_C /Game/ThirdPersonBP/Maps/UEDPIE_0_ThirdPersonExampleMap.ThirdPersonExampleMap:PersistentLevel.LocalMultiplayer_Camera_BP_2
	Function /Game/TwinStickBP/Blueprints/LocalMultiplayer_Camera_BP.LocalMultiplayer_Camera_BP_C:ExecuteUbergraph_LocalMultiplayer_Camera_BP:0410
[2018.11.09-15.11.09:683][995]PIE: Error: Blueprint Runtime Error: "Accessed None trying to read property Player 2". Blueprint:  LocalMultiplayer_Camera_BP Function:  Execute Ubergraph Local Multiplayer Camera BP Graph:  EventGraph Node:  Set Centre Position
[2018.11.09-15.11.09:683][995]LogScript: Warning: Accessed None trying to read property Player 1
	LocalMultiplayer_Camera_BP_C /Game/ThirdPersonBP/Maps/UEDPIE_0_ThirdPersonExampleMap.ThirdPersonExampleMap:PersistentLevel.LocalMultiplayer_Camera_BP_2
	Function /Game/TwinStickBP/Blueprints/LocalMultiplayer_Camera_BP.LocalMultiplayer_Camera_BP_C:ExecuteUbergraph_LocalMultiplayer_Camera_BP:0442
[2018.11.09-15.11.09:683][995]PIE: Error: Blueprint Runtime Error: "Accessed None trying to read property Player 1". Blueprint:  LocalMultiplayer_Camera_BP Function:  Execute Ubergraph Local Multiplayer Camera BP Graph:  EventGraph Node:  Set Centre Position
[2018.11.09-15.11.25:139][879]LogBlueprintUserMessages: Early EndPlayMap Detection: Level '/Game/ThirdPersonBP/Maps/ThirdPersonExampleMap.ThirdPersonExampleMap:PersistentLevel' has LevelScriptBlueprint '/Game/ThirdPersonBP/Maps/ThirdPersonExampleMap.ThirdPersonExampleMap:PersistentLevel.ThirdPersonExampleMap' with GeneratedClass '/Game/ThirdPersonBP/Maps/ThirdPersonExampleMap.ThirdPersonExampleMap_C' with ClassGeneratedBy '/Game/ThirdPersonBP/Maps/ThirdPersonExampleMap.ThirdPersonExampleMap:PersistentLevel.ThirdPersonExampleMap'
[2018.11.09-15.11.25:168][879]LogSlate: Updating window title bar state: overlay mode, drag disabled, window buttons hidden, title bar hidden
[2018.11.09-15.11.25:308][879]LogPlayLevel: Display: Shutting down PIE online subsystems
[2018.11.09-15.11.25:308][879]LogBlueprintUserMessages: Late EndPlayMap Detection: Level '/Game/ThirdPersonBP/Maps/ThirdPersonExampleMap.ThirdPersonExampleMap:PersistentLevel' has LevelScriptBlueprint '/Game/ThirdPersonBP/Maps/ThirdPersonExampleMap.ThirdPersonExampleMap:PersistentLevel.ThirdPersonExampleMap' with GeneratedClass '/Game/ThirdPersonBP/Maps/ThirdPersonExampleMap.ThirdPersonExampleMap_C' with ClassGeneratedBy '/Game/ThirdPersonBP/Maps/ThirdPersonExampleMap.ThirdPersonExampleMap:PersistentLevel.ThirdPersonExampleMap'
[2018.11.09-15.11.25:340][879]LogSlate: Updating window title bar state: overlay mode, drag disabled, window buttons hidden, title bar hidden
[2018.11.09-15.11.25:445][880]LogPlayLevel: Display: Destroying online subsystem :Context_2
[2018.11.09-15.14.37:558][732]LogSlate: FSceneViewport::OnFocusLost() reason 0
[2018.11.09-15.14.37:644][734]LogTemp: Repeating last play command: Selected Viewport
[2018.11.09-15.14.37:894][734]LogBlueprintUserMessages: Early PlayInEditor Detection: Level '/Game/ThirdPersonBP/Maps/ThirdPersonExampleMap.ThirdPersonExampleMap:PersistentLevel' has LevelScriptBlueprint '/Game/ThirdPersonBP/Maps/ThirdPersonExampleMap.ThirdPersonExampleMap:PersistentLevel.ThirdPersonExampleMap' with GeneratedClass '/Game/ThirdPersonBP/Maps/ThirdPersonExampleMap.ThirdPersonExampleMap_C' with ClassGeneratedBy '/Game/ThirdPersonBP/Maps/ThirdPersonExampleMap.ThirdPersonExampleMap:PersistentLevel.ThirdPersonExampleMap'
[2018.11.09-15.14.37:905][734]LogPlayLevel: PlayLevel: No blueprints needed recompiling
[2018.11.09-15.14.37:928][734]PIE: New page: PIE session: ThirdPersonExampleMap (9 Nov 2018 17:14:37)
[2018.11.09-15.14.38:025][734]LogPlayLevel: Creating play world package: /Game/ThirdPersonBP/Maps/UEDPIE_0_ThirdPersonExampleMap
[2018.11.09-15.14.40:213][734]LogPlayLevel: PIE: StaticDuplicateObject took: (2.172516s)
[2018.11.09-15.14.40:610][734]LogAIModule: Creating AISystem for world ThirdPersonExampleMap
[2018.11.09-15.14.40:708][734]LogPlayLevel: PIE: World Init took: (0.494921s)
[2018.11.09-15.14.40:708][734]LogPlayLevel: PIE: Created PIE world by copying editor world from /Game/ThirdPersonBP/Maps/ThirdPersonExampleMap.ThirdPersonExampleMap to /Game/ThirdPersonBP/Maps/UEDPIE_0_ThirdPersonExampleMap.ThirdPersonExampleMap (2.744827s)
[2018.11.09-15.14.40:877][734]LogInit: XAudio2 using 'Speakers (Realtek High Definition Audio)' : 2 channels at 48 kHz using 32 bits per sample (channel mask 0x3)
[2018.11.09-15.14.40:938][734]LogInit: FAudioDevice initialized.
[2018.11.09-15.14.41:486][734]LogLoad: Game class is 'GameModeBP_C'
[2018.11.09-15.14.42:631][734]LogWorld: Bringing World /Game/ThirdPersonBP/Maps/UEDPIE_0_ThirdPersonExampleMap.ThirdPersonExampleMap up for play (max tick rate 60) at 2018.11.09-16.14.42
[2018.11.09-15.14.42:942][734]LogWorld: Bringing up level for play took: 1.212681
[2018.11.09-15.14.43:260][734]LogGameMode: Display: Match State Changed from EnteringMap to WaitingToStart
[2018.11.09-15.14.43:260][734]LogGameState: Match State Changed from EnteringMap to WaitingToStart
[2018.11.09-15.14.43:260][734]LogGameMode: Display: Match State Changed from WaitingToStart to InProgress
[2018.11.09-15.14.43:273][734]LogPlayerManagement: Error: Failed to Create Player: A local player already exists for controller ID 1,
[2018.11.09-15.14.43:274][734]LogGameState: Match State Changed from WaitingToStart to InProgress
[2018.11.09-15.14.43:274][734]PIE: Play in editor start time for /Game/ThirdPersonBP/Maps/UEDPIE_0_ThirdPersonExampleMap 4.996
[2018.11.09-15.14.43:372][734]LogBlueprintUserMessages: Late PlayInEditor Detection: Level '/Game/ThirdPersonBP/Maps/ThirdPersonExampleMap.ThirdPersonExampleMap:PersistentLevel' has LevelScriptBlueprint '/Game/ThirdPersonBP/Maps/ThirdPersonExampleMap.ThirdPersonExampleMap:PersistentLevel.ThirdPersonExampleMap' with GeneratedClass '/Game/ThirdPersonBP/Maps/ThirdPersonExampleMap.ThirdPersonExampleMap_C' with ClassGeneratedBy '/Game/ThirdPersonBP/Maps/ThirdPersonExampleMap.ThirdPersonExampleMap:PersistentLevel.ThirdPersonExampleMap'
[2018.11.09-15.14.43:403][734]LogScript: Warning: Accessed None trying to read property Player 1
	LocalMultiplayer_Camera_BP_C /Game/ThirdPersonBP/Maps/UEDPIE_0_ThirdPersonExampleMap.ThirdPersonExampleMap:PersistentLevel.LocalMultiplayer_Camera_BP_2
	Function /Game/TwinStickBP/Blueprints/LocalMultiplayer_Camera_BP.LocalMultiplayer_Camera_BP_C:ExecuteUbergraph_LocalMultiplayer_Camera_BP:0338
[2018.11.09-15.14.43:403][734]PIE: Error: Blueprint Runtime Error: "Accessed None trying to read property Player 1". Blueprint:  LocalMultiplayer_Camera_BP Function:  Execute Ubergraph Local Multiplayer Camera BP Graph:  EventGraph Node:  Set Distance between characters
[2018.11.09-15.14.43:403][734]LogScript: Warning: Accessed None trying to read property Player 2
	LocalMultiplayer_Camera_BP_C /Game/ThirdPersonBP/Maps/UEDPIE_0_ThirdPersonExampleMap.ThirdPersonExampleMap:PersistentLevel.LocalMultiplayer_Camera_BP_2
	Function /Game/TwinStickBP/Blueprints/LocalMultiplayer_Camera_BP.LocalMultiplayer_Camera_BP_C:ExecuteUbergraph_LocalMultiplayer_Camera_BP:0410
[2018.11.09-15.14.43:404][734]PIE: Error: Blueprint Runtime Error: "Accessed None trying to read property Player 2". Blueprint:  LocalMultiplayer_Camera_BP Function:  Execute Ubergraph Local Multiplayer Camera BP Graph:  EventGraph Node:  Set Centre Position
[2018.11.09-15.14.43:428][734]LogScript: Warning: Accessed None trying to read property Player 1
	LocalMultiplayer_Camera_BP_C /Game/ThirdPersonBP/Maps/UEDPIE_0_ThirdPersonExampleMap.ThirdPersonExampleMap:PersistentLevel.LocalMultiplayer_Camera_BP_2
	Function /Game/TwinStickBP/Blueprints/LocalMultiplayer_Camera_BP.LocalMultiplayer_Camera_BP_C:ExecuteUbergraph_LocalMultiplayer_Camera_BP:0442
[2018.11.09-15.14.43:428][734]PIE: Error: Blueprint Runtime Error: "Accessed None trying to read property Player 1". Blueprint:  LocalMultiplayer_Camera_BP Function:  Execute Ubergraph Local Multiplayer Camera BP Graph:  EventGraph Node:  Set Centre Position
[2018.11.09-15.14.44:309][735]LogScript: Warning: Accessed None trying to read property Player 1
	LocalMultiplayer_Camera_BP_C /Game/ThirdPersonBP/Maps/UEDPIE_0_ThirdPersonExampleMap.ThirdPersonExampleMap:PersistentLevel.LocalMultiplayer_Camera_BP_2
	Function /Game/TwinStickBP/Blueprints/LocalMultiplayer_Camera_BP.LocalMultiplayer_Camera_BP_C:ExecuteUbergraph_LocalMultiplayer_Camera_BP:0338
[2018.11.09-15.14.44:309][735]PIE: Error: Blueprint Runtime Error: "Accessed None trying to read property Player 1". Blueprint:  LocalMultiplayer_Camera_BP Function:  Execute Ubergraph Local Multiplayer Camera BP Graph:  EventGraph Node:  Set Distance between characters
[2018.11.09-15.14.44:309][735]LogScript: Warning: Accessed None trying to read property Player 2
	LocalMultiplayer_Camera_BP_C /Game/ThirdPersonBP/Maps/UEDPIE_0_ThirdPersonExampleMap.ThirdPersonExampleMap:PersistentLevel.LocalMultiplayer_Camera_BP_2
	Function /Game/TwinStickBP/Blueprints/LocalMultiplayer_Camera_BP.LocalMultiplayer_Camera_BP_C:ExecuteUbergraph_LocalMultiplayer_Camera_BP:0410
[2018.11.09-15.14.44:309][735]PIE: Error: Blueprint Runtime Error: "Accessed None trying to read property Player 2". Blueprint:  LocalMultiplayer_Camera_BP Function:  Execute Ubergraph Local Multiplayer Camera BP Graph:  EventGraph Node:  Set Centre Position
[2018.11.09-15.14.44:309][735]LogScript: Warning: Accessed None trying to read property Player 1
	LocalMultiplayer_Camera_BP_C /Game/ThirdPersonBP/Maps/UEDPIE_0_ThirdPersonExampleMap.ThirdPersonExampleMap:PersistentLevel.LocalMultiplayer_Camera_BP_2
	Function /Game/TwinStickBP/Blueprints/LocalMultiplayer_Camera_BP.LocalMultiplayer_Camera_BP_C:ExecuteUbergraph_LocalMultiplayer_Camera_BP:0442
[2018.11.09-15.14.44:309][735]PIE: Error: Blueprint Runtime Error: "Accessed None trying to read property Player 1". Blueprint:  LocalMultiplayer_Camera_BP Function:  Execute Ubergraph Local Multiplayer Camera BP Graph:  EventGraph Node:  Set Centre Position
[2018.11.09-15.15.06:109][ 36]LogBlueprintUserMessages: Early EndPlayMap Detection: Level '/Game/ThirdPersonBP/Maps/ThirdPersonExampleMap.ThirdPersonExampleMap:PersistentLevel' has LevelScriptBlueprint '/Game/ThirdPersonBP/Maps/ThirdPersonExampleMap.ThirdPersonExampleMap:PersistentLevel.ThirdPersonExampleMap' with GeneratedClass '/Game/ThirdPersonBP/Maps/ThirdPersonExampleMap.ThirdPersonExampleMap_C' with ClassGeneratedBy '/Game/ThirdPersonBP/Maps/ThirdPersonExampleMap.ThirdPersonExampleMap:PersistentLevel.ThirdPersonExampleMap'
[2018.11.09-15.15.06:109][ 36]LogSlate: Updating window title bar state: overlay mode, drag disabled, window buttons hidden, title bar hidden
[2018.11.09-15.15.07:086][ 36]LogPlayLevel: Display: Shutting down PIE online subsystems
[2018.11.09-15.15.07:086][ 36]LogBlueprintUserMessages: Late EndPlayMap Detection: Level '/Game/ThirdPersonBP/Maps/ThirdPersonExampleMap.ThirdPersonExampleMap:PersistentLevel' has LevelScriptBlueprint '/Game/ThirdPersonBP/Maps/ThirdPersonExampleMap.ThirdPersonExampleMap:PersistentLevel.ThirdPersonExampleMap' with GeneratedClass '/Game/ThirdPersonBP/Maps/ThirdPersonExampleMap.ThirdPersonExampleMap_C' with ClassGeneratedBy '/Game/ThirdPersonBP/Maps/ThirdPersonExampleMap.ThirdPersonExampleMap:PersistentLevel.ThirdPersonExampleMap'
[2018.11.09-15.15.07:113][ 36]LogSlate: Updating window title bar state: overlay mode, drag disabled, window buttons hidden, title bar hidden
[2018.11.09-15.15.07:951][ 37]LogPlayLevel: Display: Destroying online subsystem :Context_3
[2018.11.09-15.15.47:960][598]LogD3D11RHI: Error: Result failed 
 at D:\Build\++UE4\Sync\Engine\Source\Runtime\Windows\D3D11RHI\Private\D3D11Query.cpp:146 
 with error DXGI_ERROR_DEVICE_REMOVED DXGI_ERROR_DEVICE_REMOVED
[2018.11.09-15.15.47:960][598]LogD3D11RHI: [Aftermath] GDynamicRHI=00000248C2E56140, GDX11NVAfterMathEnabled=0, Result=0xFFFFFFFF, bDeviceActive=0
[2018.11.09-15.15.47:960][598]LogWindows: Windows GetLastError: The operation completed successfully. (0)
[2018.11.09-15.16.46:662][598]LogWindows: Windows GetLastError: The operation completed successfully. (0)
[2018.11.09-15.16.46:679][598]LogWindows: Error: === Critical error: ===
[2018.11.09-15.16.46:679][598]LogWindows: Error: 
[2018.11.09-15.16.46:679][598]LogWindows: Error: Fatal error: [File:D:\Build\++UE4\Sync\Engine\Source\Runtime\RenderCore\Private\RenderingThread.cpp] [Line: 826] 
[2018.11.09-15.16.46:679][598]LogWindows: Error: Rendering thread exception:
[2018.11.09-15.16.46:679][598]LogWindows: Error: Fatal error: [File:D:\Build\++UE4\Sync\Engine\Source\Runtime\Windows\D3D11RHI\Private\D3D11Util.cpp] [Line: 200] 
[2018.11.09-15.16.46:679][598]LogWindows: Error: Unreal Engine is exiting due to D3D device being lost. (Error: 0x887A0005 - 'REMOVED')
[2018.11.09-15.16.46:679][598]LogWindows: Error: 
[2018.11.09-15.16.46:679][598]LogWindows: Error: 
[2018.11.09-15.16.46:679][598]LogWindows: Error: [Callstack] 0x00007ff92917a388 KERNELBASE.dll!UnknownFunction []
[2018.11.09-15.16.46:679][598]LogWindows: Error: [Callstack] 0x00007ff8f3fb6850 UE4Editor-ApplicationCore.dll!UnknownFunction []
[2018.11.09-15.16.46:679][598]LogWindows: Error: [Callstack] 0x00007ff8d60c62fc UE4Editor-Core.dll!UnknownFunction []
[2018.11.09-15.16.46:679][598]LogWindows: Error: [Callstack] 0x00007ff8d60551db UE4Editor-Core.dll!UnknownFunction []
[2018.11.09-15.16.46:679][598]LogWindows: Error: [Callstack] 0x00007ff8e423adea UE4Editor-D3D11RHI.dll!UnknownFunction []
[2018.11.09-15.16.46:679][598]LogWindows: Error: [Callstack] 0x00007ff8e423e6e4 UE4Editor-D3D11RHI.dll!UnknownFunction []
[2018.11.09-15.16.46:679][598]LogWindows: Error: [Callstack] 0x00007ff8e4215951 UE4Editor-D3D11RHI.dll!UnknownFunction []
[2018.11.09-15.16.46:679][598]LogWindows: Error: [Callstack] 0x00007ff8e422abf8 UE4Editor-D3D11RHI.dll!UnknownFunction []
[2018.11.09-15.16.46:679][598]LogWindows: Error: [Callstack] 0x00007ff8e66eb106 UE4Editor-RHI.dll!UnknownFunction []
[2018.11.09-15.16.46:680][598]LogWindows: Error: [Callstack] 0x00007ff8e4131b42 UE4Editor-SlateRHIRenderer.dll!UnknownFunction []
[2018.11.09-15.16.46:680][598]LogWindows: Error: [Callstack] 0x00007ff8e4137d0a UE4Editor-SlateRHIRenderer.dll!UnknownFunction []
[2018.11.09-15.16.46:680][598]LogWindows: Error: [Callstack] 0x00007ff8d5ee1f92 UE4Editor-Core.dll!UnknownFunction []
[2018.11.09-15.16.46:680][598]LogWindows: Error: [Callstack] 0x00007ff8d5ee2456 UE4Editor-Core.dll!UnknownFunction []
[2018.11.09-15.16.46:680][598]LogWindows: Error: [Callstack] 0x00007ff8f53675f9 UE4Editor-RenderCore.dll!UnknownFunction []
[2018.11.09-15.16.46:680][598]LogWindows: Error: [Callstack] 0x00007ff8f5368574 UE4Editor-RenderCore.dll!UnknownFunction []
[2018.11.09-15.16.46:680][598]LogWindows: Error: [Callstack] 0x00007ff8d6326b7c UE4Editor-Core.dll!UnknownFunction []
[2018.11.09-15.16.46:680][598]LogWindows: Error: [Callstack] 0x00007ff8d63217c7 UE4Editor-Core.dll!UnknownFunction []
[2018.11.09-15.16.46:680][598]LogWindows: Error: [Callstack] 0x00007ff92a223034 KERNEL32.DLL!UnknownFunction []
[2018.11.09-15.16.46:680][598]LogWindows: Error: [Callstack] 0x00007ff92cb91461 ntdll.dll!UnknownFunction []
[2018.11.09-15.16.46:680][598]LogWindows: Error: 
[2018.11.09-15.16.46:680][598]LogWindows: Error: 
[2018.11.09-15.16.46:680][598]LogWindows: Error: 
[2018.11.09-15.16.46:680][598]LogWindows: Error: 
[2018.11.09-15.16.46:757][598]LogExit: Executing StaticShutdownAfterError
[2018.11.09-15.16.54:168][598]LogWindows: FPlatformMisc::RequestExit(1)
[2018.11.09-15.16.54:352][598]Log file closed, 11/09/18 16:16:54
