Log file open, 10/26/18 16:35:15
LogWindows: Failed to load 'aqProf.dll' (GetLastError=126)
LogWindows: File 'aqProf.dll' does not exist
LogWindows: Failed to load 'VSPerf140.dll' (GetLastError=126)
LogWindows: File 'VSPerf140.dll' does not exist
LogWindows: Failed to load 'VtuneApi.dll' (GetLastError=126)
LogWindows: File 'VtuneApi.dll' does not exist
LogWindows: Failed to load 'VtuneApi32e.dll' (GetLastError=126)
LogWindows: File 'VtuneApi32e.dll' does not exist
LogInit: Display: Running engine for game: Masters_Project
LogPlatformFile: Not using cached read wrapper
LogTaskGraph: Started task graph with 5 named threads and 23 total threads with 3 sets of task threads.
LogStats: Stats thread started at 0.659691
LogD3D11RHI: Loaded GFSDK_Aftermath_Lib.x64.dll
LogICUInternationalization: Display: ICU TimeZone Detection - Raw Offset: +1:00, Platform Override: ''
LogPluginManager: Mounting plugin Paper2D
LogPluginManager: Mounting plugin AISupport
LogPluginManager: Mounting plugin LightPropagationVolume
LogPluginManager: Mounting plugin CLionSourceCodeAccess
LogPluginManager: Mounting plugin CodeLiteSourceCodeAccess
LogPluginManager: Mounting plugin GitSourceControl
LogPluginManager: Mounting plugin KDevelopSourceCodeAccess
LogPluginManager: Mounting plugin NullSourceCodeAccess
LogPluginManager: Mounting plugin PerforceSourceControl
LogPluginManager: Mounting plugin SubversionSourceControl
LogPluginManager: Mounting plugin UObjectPlugin
LogPluginManager: Mounting plugin VisualStudioCodeSourceCodeAccess
LogPluginManager: Mounting plugin VisualStudioSourceCodeAccess
LogPluginManager: Mounting plugin XCodeSourceCodeAccess
LogPluginManager: Mounting plugin AssetManagerEditor
LogPluginManager: Mounting plugin CryptoKeys
LogPluginManager: Mounting plugin DataValidation
LogPluginManager: Mounting plugin FacialAnimation
LogPluginManager: Mounting plugin GameplayTagsEditor
LogPluginManager: Mounting plugin MacGraphicsSwitching
LogPluginManager: Mounting plugin MeshEditor
LogPluginManager: Mounting plugin MobileLauncherProfileWizard
LogPluginManager: Mounting plugin PluginBrowser
LogPluginManager: Mounting plugin SpeedTreeImporter
LogPluginManager: Mounting plugin DatasmithContent
LogPluginManager: Mounting plugin AlembicImporter
LogPluginManager: Mounting plugin AppleImageUtils
LogPluginManager: Mounting plugin AppleVision
LogPluginManager: Mounting plugin BackChannel
LogPluginManager: Mounting plugin CharacterAI
LogPluginManager: Mounting plugin GeometryCache
LogPluginManager: Mounting plugin HTML5Networking
LogPluginManager: Mounting plugin ProxyLODPlugin
LogPluginManager: Mounting plugin MagicLeap
LogPluginManager: Mounting plugin MagicLeapEmulator
LogPluginManager: Mounting plugin MagicLeapMedia
LogPluginManager: Mounting plugin AndroidMedia
LogPluginManager: Mounting plugin AvfMedia
LogPluginManager: Mounting plugin ImgMedia
LogPluginManager: Mounting plugin LinearTimecode
LogPluginManager: Mounting plugin MediaCompositing
LogPluginManager: Mounting plugin MediaPlayerEditor
LogPluginManager: Mounting plugin WmfMedia
LogPluginManager: Mounting plugin TcpMessaging
LogPluginManager: Mounting plugin UdpMessaging
LogPluginManager: Mounting plugin ActorSequence
LogPluginManager: Mounting plugin LevelSequenceEditor
LogPluginManager: Mounting plugin MatineeToLevelSequence
LogPluginManager: Mounting plugin NetcodeUnitTest
LogPluginManager: Mounting plugin NUTUnrealEngine4
LogPluginManager: Mounting plugin OnlineSubsystemGooglePlay
LogPluginManager: Mounting plugin OnlineSubsystemIOS
LogPluginManager: Mounting plugin OnlineSubsystem
LogPluginManager: Mounting plugin OnlineSubsystemNull
LogPluginManager: Mounting plugin OnlineSubsystemUtils
LogPluginManager: Mounting plugin LauncherChunkInstaller
LogPluginManager: Mounting plugin AndroidDeviceProfileSelector
LogPluginManager: Mounting plugin AndroidMoviePlayer
LogPluginManager: Mounting plugin AndroidPermission
LogPluginManager: Mounting plugin AppleMoviePlayer
LogPluginManager: Mounting plugin ArchVisCharacter
LogPluginManager: Mounting plugin AudioCapture
LogPluginManager: Mounting plugin CableComponent
LogPluginManager: Mounting plugin CustomMeshComponent
LogPluginManager: Mounting plugin EditableMesh
LogPluginManager: Mounting plugin ExampleDeviceProfileSelector
LogPluginManager: Mounting plugin GoogleCloudMessaging
LogPluginManager: Mounting plugin ImmediatePhysics
LogPluginManager: Mounting plugin IOSDeviceProfileSelector
LogPluginManager: Mounting plugin LinuxDeviceProfileSelector
LogPluginManager: Mounting plugin LocationServicesBPLibrary
LogPluginManager: Mounting plugin MobilePatchingUtils
LogPluginManager: Mounting plugin OculusVR
LogPluginManager: Plugin shader directory ../../../Engine/Plugins/Runtime/Oculus/OculusVR/Shaders found
LogPluginManager: Mapping shader source directory ../../../Engine/Plugins/Runtime/Oculus/OculusVR/Shaders to virtual directory /Plugin/OculusVR
LogPluginManager: Mounting plugin PhysXVehicles
LogPluginManager: Mounting plugin ProceduralMeshComponent
LogPluginManager: Mounting plugin RuntimePhysXCooking
LogPluginManager: Mounting plugin SteamVR
LogPluginManager: Mounting plugin WindowsMoviePlayer
LogStreaming: Display: Took  1.000s to configure plugins.
LogInit: Using libcurl 7.55.1-DEV
LogInit:  - built for x86_64-pc-win32
LogInit:  - supports SSL with OpenSSL/1.0.2h
LogInit:  - supports HTTP deflate (compression) using libz 1.2.8
LogInit:  - other features:
LogInit:      CURL_VERSION_SSL
LogInit:      CURL_VERSION_LIBZ
LogInit:      CURL_VERSION_IPV6
LogInit:      CURL_VERSION_ASYNCHDNS
LogInit:      CURL_VERSION_LARGEFILE
LogInit:      CURL_VERSION_IDN
LogInit:  CurlRequestOptions (configurable via config and command line):
LogInit:  - bVerifyPeer = false  - Libcurl will NOT verify peer certificate
LogInit:  - bUseHttpProxy = false  - Libcurl will NOT use HTTP proxy
LogInit:  - bDontReuseConnections = false  - Libcurl will reuse connections
LogInit:  - CertBundlePath = nullptr  - Libcurl will use whatever was configured at build time.
LogInit:  - MaxHostConnections = 16  - Libcurl will limit the number of connections to a host
LogInit:  - LocalHostAddr = Default
LogInit:  - BufferSize = 65536
LogInit: WinSock: version 1.1 (2.2), MaxSocks=32767, MaxUdp=65467
LogInit: Build: ++UE4+Release-4.20-CL-4369336
LogInit: Engine Version: 4.20.3-4369336+++UE4+Release-4.20
LogInit: Compatible Engine Version: 4.20.0-4212847+++UE4+Release-4.20
LogInit: Net CL: 4212847
LogInit: OS: Windows 10 (), CPU: Intel(R) Core(TM) i7-7700HQ CPU @ 2.80GHz, GPU: Intel(R) HD Graphics 630
LogInit: Compiled (64-bit): Sep 17 2018 12:26:19
LogInit: Compiled with Visual C++: 19.13.26129.00
LogInit: Build Configuration: Development
LogInit: Branch Name: ++UE4+Release-4.20
LogInit: Command Line:  
LogInit: Base Directory: C:/Program Files/Epic Games/UE_4.20/Engine/Binaries/Win64/
LogInit: Installed Engine Build: 1
LogDevObjectVersion: Number of dev versions registered: 20
LogDevObjectVersion:   Dev-Blueprints (B0D832E4-1F89-4F0D-ACCF-7EB736FD4AA2): 10
LogDevObjectVersion:   Dev-Build (E1C64328-A22C-4D53-A36C-8E866417BD8C): 0
LogDevObjectVersion:   Dev-Core (375EC13C-06E4-48FB-B500-84F0262A717E): 2
LogDevObjectVersion:   Dev-Editor (E4B068ED-F494-42E9-A231-DA0B2E46BB41): 24
LogDevObjectVersion:   Dev-Framework (CFFC743F-43B0-4480-9391-14DF171D2073): 34
LogDevObjectVersion:   Dev-Mobile (B02B49B5-BB20-44E9-A304-32B752E40360): 2
LogDevObjectVersion:   Dev-Networking (A4E4105C-59A1-49B5-A7C5-40C4547EDFEE): 0
LogDevObjectVersion:   Dev-Online (39C831C9-5AE6-47DC-9A44-9C173E1C8E7C): 0
LogDevObjectVersion:   Dev-Physics (78F01B33-EBEA-4F98-B9B4-84EACCB95AA2): 0
LogDevObjectVersion:   Dev-Platform (6631380F-2D4D-43E0-8009-CF276956A95A): 0
LogDevObjectVersion:   Dev-Rendering (12F88B9F-8875-4AFC-A67C-D90C383ABD29): 26
LogDevObjectVersion:   Dev-Sequencer (7B5AE74C-D270-4C10-A958-57980B212A5A): 9
LogDevObjectVersion:   Dev-VR (D7296918-1DD6-4BDD-9DE2-64A83CC13884): 2
LogDevObjectVersion:   Dev-LoadTimes (C2A15278-BFE7-4AFE-6C17-90FF531DF755): 1
LogDevObjectVersion:   Private-Geometry (6EACA3D4-40EC-4CC1-B786-8BED09428FC5): 3
LogDevObjectVersion:   Dev-AnimPhys (29E575DD-E0A3-4627-9D10-D276232CDCEA): 17
LogDevObjectVersion:   Dev-ReflectionCapture (6B266CEC-1EC7-4B8F-A30B-E4D90942FC07): 1
LogDevObjectVersion:   Dev-Automation (0DF73D61-A23F-47EA-B727-89E90C41499A): 1
LogDevObjectVersion:   FortniteMain (601D1886-AC64-4F84-AA16-D3DE0DEAC7D6): 12
LogDevObjectVersion:   Dev-Enterprise (9DFFBCD6-494F-0158-E221-12823C92A888): 1
LogStreaming: Display: Took  0.011s to delete old logs.
LogInit: Presizing for max 8388607 objects, including 0 objects not considered by GC, pre-allocating 0 bytes for permanent pool.
LogInit: Object subsystem initialized
[2018.10.26-14.35.20:241][  0]LogInit: Selected Device Profile: [Windows]
[2018.10.26-14.35.20:241][  0]LogInit: Applying CVar settings loaded from the selected device profile: [Windows]
[2018.10.26-14.35.20:412][  0]LogHAL: Display: Platform has ~ 8 GB [8469164032 / 8589934592 / 8], which maps to Default [LargestMinGB=32, LargerMinGB=12, DefaultMinGB=8, SmallerMinGB=6, SmallestMinGB=0)
[2018.10.26-14.35.20:430][  0]LogInit: Setting Device Profile CVar: [[r.Vulkan.UseRealUBs:1]]
[2018.10.26-14.35.20:430][  0]LogInit: Going up to parent DeviceProfile []
[2018.10.26-14.35.20:498][  0]LogInit: Computer: DESKTOP-9GLKCJD
[2018.10.26-14.35.20:498][  0]LogInit: User: asus
[2018.10.26-14.35.20:498][  0]LogInit: CPU Page size=4096, Cores=4
[2018.10.26-14.35.20:498][  0]LogInit: High frequency timer resolution =2.742191 MHz
[2018.10.26-14.35.20:527][  0]LogMemory: Memory total: Physical=7.9GB (8GB approx)
[2018.10.26-14.35.20:527][  0]LogMemory: Platform Memory Stats for Windows
[2018.10.26-14.35.20:527][  0]LogMemory: Process Physical Memory: 101.78 MB used, 101.78 MB peak
[2018.10.26-14.35.20:527][  0]LogMemory: Process Virtual Memory: 90.61 MB used, 90.61 MB peak
[2018.10.26-14.35.20:527][  0]LogMemory: Physical Memory: 4961.44 MB used,  3115.38 MB free, 8076.82 MB total
[2018.10.26-14.35.20:527][  0]LogMemory: Virtual Memory: 4644.48 MB used,  3115.38 MB free, 134217728.00 MB total
[2018.10.26-14.35.21:958][  0]LogInit: Using OS detected language (en-US).
[2018.10.26-14.35.21:958][  0]LogInit: Using OS detected locale (en-GB).
[2018.10.26-14.35.22:006][  0]LogTextLocalizationManager: No specific localization for 'en-US' exists, so the 'en' localization will be used.
[2018.10.26-14.35.22:937][  0]LogStreaming: Display: Took  0.985s to InitEngineTextLocalization.
[2018.10.26-14.35.23:932][  0]LogSlate: New Slate User Created.  User Index 0, Is Virtual User: 0
[2018.10.26-14.35.23:932][  0]LogSlate: Slate User Registered.  User Index 0, Is Virtual User: 0
[2018.10.26-14.35.32:300][  0]LogHMD: Failed to initialize OpenVR with code 110
[2018.10.26-14.35.32:300][  0]LogD3D11RHI: D3D11 adapters:
[2018.10.26-14.35.33:281][  0]LogD3D11RHI:    0. 'NVIDIA GeForce GTX 1050' (Feature Level 11_0)
[2018.10.26-14.35.33:281][  0]LogD3D11RHI:       4021/0/4038 MB DedicatedVideo/DedicatedSystem/SharedSystem, Outputs:1, VendorId:0x10de
[2018.10.26-14.35.33:292][  0]LogD3D11RHI:    1. 'Intel(R) HD Graphics 630' (Feature Level 11_0)
[2018.10.26-14.35.33:292][  0]LogD3D11RHI:       128/0/4038 MB DedicatedVideo/DedicatedSystem/SharedSystem, Outputs:0, VendorId:0x8086
[2018.10.26-14.35.33:366][  0]LogD3D11RHI:    2. 'Microsoft Basic Render Driver' (Feature Level 11_0)
[2018.10.26-14.35.33:366][  0]LogD3D11RHI:       0/0/4038 MB DedicatedVideo/DedicatedSystem/SharedSystem, Outputs:0, VendorId:0x1414
[2018.10.26-14.35.33:366][  0]LogD3D11RHI: Chosen D3D11 Adapter: 0
[2018.10.26-14.35.33:400][  0]LogD3D11RHI: Creating new Direct3DDevice
[2018.10.26-14.35.33:400][  0]LogD3D11RHI:     GPU DeviceId: 0x1c8d (for the marketing name, search the web for "GPU Device Id")
[2018.10.26-14.35.33:407][  0]LogWindows: EnumDisplayDevices:
[2018.10.26-14.35.33:407][  0]LogWindows:    0. 'Intel(R) HD Graphics 630' (P:1 D:1)
[2018.10.26-14.35.33:408][  0]LogWindows:    1. 'Intel(R) HD Graphics 630' (P:0 D:0)
[2018.10.26-14.35.33:408][  0]LogWindows:    2. 'Intel(R) HD Graphics 630' (P:0 D:0)
[2018.10.26-14.35.33:408][  0]LogWindows: DebugString: PrimaryIsNotTheChoosenAdapter PrimaryIsNotTheChoosenAdapter PrimaryIsNotTheChoosenAdapter FoundDriverCount:0 
[2018.10.26-14.35.33:408][  0]LogD3D11RHI:     Adapter Name: NVIDIA GeForce GTX 1050
[2018.10.26-14.35.33:408][  0]LogD3D11RHI:   Driver Version: Unknown (internal:Unknown, unified:Unknown)
[2018.10.26-14.35.33:408][  0]LogD3D11RHI:      Driver Date: Unknown
[2018.10.26-14.35.33:408][  0]LogRHI: Texture pool is 2814 MB (70% of 4021 MB)
[2018.10.26-14.35.33:537][  0]LogD3D11RHI: Async texture creation enabled
[2018.10.26-14.35.33:681][  0]LogD3D11RHI: GPU Timing Frequency: 1000.000000 (Debug: 2 2)
[2018.10.26-14.35.33:757][  0]LogShaderCompilers: Guid format shader working directory is -5 characters bigger than the processId version (../../../../../../Users/asus/Desktop/Masters_Game/Intermediate/Shaders/WorkingDirectory/17296/).
[2018.10.26-14.35.33:757][  0]LogShaderCompilers: Cleaned the shader compiler working directory 'C:/Users/asus/AppData/Local/Temp/UnrealShaderWorkingDir/144B47634AE1066E9DA9DF81D4487DF6/'.
[2018.10.26-14.35.36:073][  0]LogTemp: Display: Loaded TP AllDesktopTargetPlatform
[2018.10.26-14.35.36:128][  0]LogTemp: Display: Loaded TP MacClientTargetPlatform
[2018.10.26-14.35.36:187][  0]LogTemp: Display: Loaded TP MacNoEditorTargetPlatform
[2018.10.26-14.35.36:499][  0]LogTemp: Display: Loaded TP MacServerTargetPlatform
[2018.10.26-14.35.36:635][  0]LogTemp: Display: Loaded TP MacTargetPlatform
[2018.10.26-14.35.36:831][  0]LogTemp: Display: Loaded TP WindowsClientTargetPlatform
[2018.10.26-14.35.36:891][  0]LogTemp: Display: Loaded TP WindowsNoEditorTargetPlatform
[2018.10.26-14.35.37:055][  0]LogTemp: Display: Loaded TP WindowsServerTargetPlatform
[2018.10.26-14.35.37:165][  0]LogTemp: Display: Loaded TP WindowsTargetPlatform
[2018.10.26-14.35.37:345][  0]LogTemp: Display: Loaded TP AndroidTargetPlatform
[2018.10.26-14.35.37:345][  0]LogTemp: Display: Loaded TP AndroidTargetPlatform
[2018.10.26-14.35.37:345][  0]LogTemp: Display: Loaded TP AndroidTargetPlatform
[2018.10.26-14.35.37:345][  0]LogTemp: Display: Loaded TP AndroidTargetPlatform
[2018.10.26-14.35.37:345][  0]LogTemp: Display: Loaded TP AndroidTargetPlatform
[2018.10.26-14.35.37:345][  0]LogTemp: Display: Loaded TP AndroidTargetPlatform
[2018.10.26-14.35.37:345][  0]LogTemp: Display: Loaded TP AndroidTargetPlatform
[2018.10.26-14.35.37:345][  0]LogTemp: Display: Loaded TP AndroidTargetPlatform
[2018.10.26-14.35.37:345][  0]LogTemp: Display: Loaded TP AndroidTargetPlatform
[2018.10.26-14.35.37:345][  0]LogTemp: Display: Loaded TP AndroidTargetPlatform
[2018.10.26-14.35.37:345][  0]LogTemp: Display: Loaded TP AndroidTargetPlatform
[2018.10.26-14.35.37:345][  0]LogTemp: Display: Loaded TP AndroidTargetPlatform
[2018.10.26-14.35.37:345][  0]LogTemp: Display: Loaded TP AndroidTargetPlatform
[2018.10.26-14.35.37:345][  0]LogTemp: Display: Loaded TP AndroidTargetPlatform
[2018.10.26-14.35.37:345][  0]LogTemp: Display: Loaded TP AndroidTargetPlatform
[2018.10.26-14.35.37:345][  0]LogTemp: Display: Loaded TP AndroidTargetPlatform
[2018.10.26-14.35.37:345][  0]LogTemp: Display: Loaded TP AndroidTargetPlatform
[2018.10.26-14.35.37:345][  0]LogTemp: Display: Loaded TP AndroidTargetPlatform
[2018.10.26-14.35.37:429][  0]LogTemp: Display: Loaded TP HTML5TargetPlatform
[2018.10.26-14.35.37:680][  0]LogTemp: Display: Loaded TP IOSTargetPlatform
[2018.10.26-14.35.37:680][  0]LogTemp: Display: Loaded TP IOSTargetPlatform
[2018.10.26-14.35.37:767][  0]LogTemp: Display: Loaded TP TVOSTargetPlatform
[2018.10.26-14.35.37:767][  0]LogTemp: Display: Loaded TP TVOSTargetPlatform
[2018.10.26-14.35.37:814][  0]LogTemp: Display: Loaded TP LinuxClientTargetPlatform
[2018.10.26-14.35.37:875][  0]LogTemp: Display: Loaded TP LinuxNoEditorTargetPlatform
[2018.10.26-14.35.37:912][  0]LogTemp: Display: Loaded TP LinuxServerTargetPlatform
[2018.10.26-14.35.37:995][  0]LogTemp: Display: Loaded TP LinuxTargetPlatform
[2018.10.26-14.35.38:019][  0]LogTemp: Display: Loaded TP LuminTargetPlatform
[2018.10.26-14.35.38:019][  0]LogTargetPlatformManager: Display: Building Assets For Windows
[2018.10.26-14.35.39:236][  0]LogXGEController: Cleaning working directory: C:/Users/asus/AppData/Local/Temp/UnrealXGEWorkingDir/
[2018.10.26-14.35.39:237][  0]LogXGEController: Cannot use XGE Controller as Incredibuild is not installed on this machine.
[2018.10.26-14.35.39:237][  0]LogShaderCompilers: Cannot use XGE Shader Compiler as Incredibuild is not installed on this machine.
[2018.10.26-14.35.39:237][  0]LogShaderCompilers: Display: Using Local Shader Compiler.
[2018.10.26-14.35.45:542][  0]LogDerivedDataCache: Display: Max Cache Size: 512 MB
[2018.10.26-14.35.46:645][  0]LogDerivedDataCache: Loaded boot cache 1.10s 71MB C:/Users/asus/AppData/Local/UnrealEngine/4.20/DerivedDataCache/Boot.ddc.
[2018.10.26-14.35.46:646][  0]LogDerivedDataCache: Display: Loaded Boot cache: C:/Users/asus/AppData/Local/UnrealEngine/4.20/DerivedDataCache/Boot.ddc
[2018.10.26-14.35.46:646][  0]LogDerivedDataCache: FDerivedDataBackendGraph:  Pak pak cache file ../../../../../../Users/asus/Desktop/Masters_Game/DerivedDataCache/DDC.ddp not found, will not use a pak cache.
[2018.10.26-14.35.46:646][  0]LogDerivedDataCache: Unable to find inner node Pak for hierarchical cache Hierarchy.
[2018.10.26-14.35.46:646][  0]LogDerivedDataCache: FDerivedDataBackendGraph:  CompressedPak pak cache file ../../../../../../Users/asus/Desktop/Masters_Game/DerivedDataCache/Compressed.ddp not found, will not use a pak cache.
[2018.10.26-14.35.46:646][  0]LogDerivedDataCache: Unable to find inner node CompressedPak for hierarchical cache Hierarchy.
[2018.10.26-14.35.46:748][  0]LogDerivedDataCache: Display: Pak cache opened for reading ../../../Engine/DerivedDataCache/Compressed.ddp.
[2018.10.26-14.35.46:780][  0]LogDerivedDataCache: Using Local data cache path C:/Users/asus/AppData/Local/UnrealEngine/Common/DerivedDataCache: Writable
[2018.10.26-14.35.46:780][  0]LogDerivedDataCache: Shared data cache path not found in *engine.ini, will not use an Shared cache.
[2018.10.26-14.35.46:780][  0]LogDerivedDataCache: Unable to find inner node Shared for hierarchical cache Hierarchy.
[2018.10.26-14.35.46:932][  0]LogMaterial: Verifying Global Shaders for PCD3D_SM5
[2018.10.26-14.35.47:031][  0]LogSlate: Using FreeType 2.6.0
[2018.10.26-14.35.47:211][  0]LogSlate: SlateFontServices - WITH_FREETYPE: 1, WITH_HARFBUZZ: 1
[2018.10.26-14.35.49:121][  0]LogAssetRegistry: FAssetRegistry took 0.0425 seconds to start up
[2018.10.26-14.35.58:954][  0]LogInit: Selected Device Profile: [Windows]
[2018.10.26-14.36.05:883][  0]LogSimplygon: Simplygon DLL not present - disabling.
[2018.10.26-14.36.06:083][  0]LogMeshReduction: Using SimplygonSwarm for distributed automatic mesh merging
[2018.10.26-14.36.06:083][  0]LogMeshReduction: Using ProxyLODMeshReduction for automatic mesh merging
[2018.10.26-14.36.06:083][  0]LogMeshReduction: Using QuadricMeshReduction for automatic static mesh reduction
[2018.10.26-14.36.06:083][  0]LogMeshReduction: No automatic skeletal mesh reduction module available
[2018.10.26-14.36.07:198][  0]LogNetVersion: Masters_Project 1.0.0, NetCL: 4212847, EngineNetVer: 5, GameNetVer: 0 (Checksum: 4035682717)
[2018.10.26-14.36.16:526][  0]LogPackageLocalizationCache: Processed 11 localized package path(s) for 2 prioritized culture(s) in 0.178203 seconds
[2018.10.26-14.36.16:654][  0]LogUObjectArray: 38425 objects as part of root set at end of initial load.
[2018.10.26-14.36.16:654][  0]LogUObjectAllocator: 6690864 out of 0 bytes used by permanent object pool.
[2018.10.26-14.36.16:654][  0]LogUObjectArray: CloseDisregardForGC: 0/0 objects in disregard for GC pool
[2018.10.26-14.36.44:092][  0]LogTcpMessaging: Initializing TcpMessaging bridge
[2018.10.26-14.36.44:153][  0]LogUdpMessaging: Initializing bridge on interface 0.0.0.0:0 to multicast group 230.0.0.1:6666.
[2018.10.26-14.36.46:468][  0]SourceControl: Source control is disabled
[2018.10.26-14.36.46:470][  0]SourceControl: Source control is disabled
[2018.10.26-14.36.46:575][  0]SourceControl: Source control is disabled
[2018.10.26-14.36.46:726][  0]SourceControl: Source control is disabled
[2018.10.26-14.36.50:170][  0]LogAndroidPermission: UAndroidPermissionCallbackProxy::GetInstance
[2018.10.26-14.36.50:520][  0]LogOcInput: OculusInput pre-init called
[2018.10.26-14.36.51:805][  0]LogEngine: Initializing Engine...
[2018.10.26-14.36.51:879][  0]LogHMD: Failed to initialize OpenVR with code 110
[2018.10.26-14.36.51:915][  0]LogStats: UGameplayTagsManager::ConstructGameplayTagTree: ImportINI prefixes -  0.000 s
[2018.10.26-14.36.51:915][  0]LogStats: UGameplayTagsManager::ConstructGameplayTagTree: Construct from data asset -  0.000 s
[2018.10.26-14.36.51:915][  0]LogStats: UGameplayTagsManager::ConstructGameplayTagTree: ImportINI -  0.000 s
[2018.10.26-14.36.51:916][  0]LogStats: UGameplayTagsManager::ConstructGameplayTagTree: GameplayTagTreeChangedEvent.Broadcast -  0.000 s
[2018.10.26-14.36.53:314][  0]LogInit: Initializing FReadOnlyCVARCache
[2018.10.26-14.36.54:169][  0]LogAIModule: Creating AISystem for world Untitled
[2018.10.26-14.36.54:554][  0]LogInit: XAudio2 using 'Speakers (Realtek High Definition Audio)' : 2 channels at 48 kHz using 32 bits per sample (channel mask 0x3)
[2018.10.26-14.36.54:661][  0]LogInit: FAudioDevice initialized.
[2018.10.26-14.36.54:678][  0]LogNetVersion: Set ProjectVersion to 1.0.0.0. Version Checksum will be recalculated on next use.
[2018.10.26-14.36.55:213][  0]LogDerivedDataCache: Saved boot cache 0.53s 71MB C:/Users/asus/AppData/Local/UnrealEngine/4.20/DerivedDataCache/Boot.ddc.
[2018.10.26-14.36.55:228][  0]LogInit: Texture streaming: Enabled
[2018.10.26-14.36.55:838][  0]LogEngineSessionManager: EngineSessionManager initialized
[2018.10.26-14.36.56:416][  0]LogInit: Transaction tracking system initialized
[2018.10.26-14.36.57:322][  0]BlueprintLog: New page: Editor Load
[2018.10.26-14.37.00:370][  0]LocalizationService: Localization service is disabled
[2018.10.26-14.37.07:502][  0]LogFileCache: Scanning file cache for directory 'C:/Users/asus/Desktop/Masters_Game/Content/' took 0.10s
[2018.10.26-14.37.07:502][  0]LogCook: Display: Max memory allowance for cook 16384mb min free memory 0mb
[2018.10.26-14.37.07:503][  0]LogCook: Display: Mobile HDR setting 1
[2018.10.26-14.37.07:563][  0]LogGameplayTags: Display: UGameplayTagsManager::DoneAddingNativeTags. DelegateIsBound: 0
[2018.10.26-14.37.07:567][  0]LogStats: UGameplayTagsManager::ConstructGameplayTagTree: ImportINI prefixes -  0.000 s
[2018.10.26-14.37.07:567][  0]LogStats: UGameplayTagsManager::ConstructGameplayTagTree: Construct from data asset -  0.000 s
[2018.10.26-14.37.07:567][  0]LogStats: UGameplayTagsManager::ConstructGameplayTagTree: ImportINI -  0.000 s
[2018.10.26-14.37.07:567][  0]LogStats: UGameplayTagsManager::ConstructGameplayTagTree: GameplayTagTreeChangedEvent.Broadcast -  0.000 s
[2018.10.26-14.37.13:106][  0]SourceControl: Source control is disabled
[2018.10.26-14.37.13:136][  0]Cmd: MAP LOAD FILE="../../../../../../Users/asus/Desktop/Masters_Game/Content/ThirdPersonBP/Maps/ThirdPersonExampleMap.umap" TEMPLATE=0 SHOWPROGRESS=1 FEATURELEVEL=3
[2018.10.26-14.37.13:165][  0]LightingResults: New page: Lighting Build
[2018.10.26-14.37.13:456][  0]MapCheck: New page: Map Check
[2018.10.26-14.37.13:456][  0]LightingResults: New page: Lighting Build
[2018.10.26-14.37.18:006][  0]LogAIModule: Creating AISystem for world ThirdPersonExampleMap
[2018.10.26-14.37.19:228][  0]LogEditorServer: Finished looking for orphan Actors (0.000 secs)
[2018.10.26-14.37.19:475][  0]Cmd: MAP CHECKDEP NOCLEARLOG
[2018.10.26-14.37.19:561][  0]MapCheck: Map check complete: 0 Error(s), 0 Warning(s), took 86.837ms to complete.
[2018.10.26-14.37.19:561][  0]LogFileHelpers: Loading map 'ThirdPersonExampleMap' took 6.450
[2018.10.26-14.37.21:360][  0]LogSlate: Updating window title bar state: overlay mode, drag disabled, window buttons hidden, title bar hidden
[2018.10.26-14.37.21:404][  0]LogSlate: Updating window title bar state: overlay mode, drag disabled, window buttons hidden, title bar hidden
[2018.10.26-14.37.21:412][  0]LogSlate: Updating window title bar state: overlay mode, drag disabled, window buttons hidden, title bar hidden
[2018.10.26-14.37.21:420][  0]LogSlate: Updating window title bar state: overlay mode, drag disabled, window buttons hidden, title bar hidden
[2018.10.26-14.37.21:568][  0]LogCollectionManager: Loaded 0 collections in 0.001859 seconds
[2018.10.26-14.37.21:737][  0]LogFileCache: Scanning file cache for directory 'C:/Users/asus/Desktop/Masters_Game/Saved/Collections/' took 0.01s
[2018.10.26-14.37.21:737][  0]LogFileCache: Scanning file cache for directory 'C:/Users/asus/Desktop/Masters_Game/Content/Developers/asus/Collections/' took 0.01s
[2018.10.26-14.37.21:737][  0]LogFileCache: Scanning file cache for directory 'C:/Users/asus/Desktop/Masters_Game/Content/Collections/' took 0.01s
[2018.10.26-14.37.21:737][  0]LogCollectionManager: Rebuilt the GUID cache for 0 collections in 0.000000 seconds
[2018.10.26-14.37.21:749][  0]LogContentBrowser: Native class hierarchy populated in 0.0103 seconds. Added 2572 classes and 603 folders.
[2018.10.26-14.37.21:867][  0]LogContentBrowser: Native class hierarchy updated for 'WidgetCarousel' in 0.0002 seconds. Added 0 classes and 0 folders.
[2018.10.26-14.37.24:572][  0]LogContentBrowser: Native class hierarchy updated for 'AddContentDialog' in 0.0003 seconds. Added 0 classes and 0 folders.
[2018.10.26-14.37.24:741][  0]LogContentBrowser: Native class hierarchy updated for 'SceneOutliner' in 0.0003 seconds. Added 1 classes and 2 folders.
[2018.10.26-14.37.26:070][  0]LogSlate: Took 0.079262 seconds to synchronously load lazily loaded font '../../../Engine/Content/Slate/Fonts/Roboto-Regular.ttf' (155K)
[2018.10.26-14.37.26:101][  0]LogSlate: Took 0.014396 seconds to synchronously load lazily loaded font '../../../Engine/Content/Slate/Fonts/Roboto-Bold.ttf' (160K)
[2018.10.26-14.37.26:216][  0]LogSlate: Took 0.012669 seconds to synchronously load lazily loaded font '../../../Engine/Content/Editor/Slate/Fonts/FontAwesome.ttf' (139K)
[2018.10.26-14.37.27:374][  0]LogRenderer: Reallocating scene render targets to support 1108x636 Format 9 NumSamples 1 (Frame:1).
[2018.10.26-14.37.30:131][  0]LogContentBrowser: Native class hierarchy updated for 'HierarchicalLODOutliner' in 0.0002 seconds. Added 0 classes and 0 folders.
[2018.10.26-14.37.30:131][  0]LogLoad: (Engine Initialization) Total time: 160.73 seconds
[2018.10.26-14.37.30:131][  0]LogLoad: (Engine Initialization) Total Blueprint compile time: 0.00 seconds
[2018.10.26-14.37.30:372][  0]LogSlate: New Slate User Created.  User Index 1, Is Virtual User: 0
[2018.10.26-14.37.30:372][  0]LogSlate: Slate User Registered.  User Index 1, Is Virtual User: 0
[2018.10.26-14.37.30:380][  0]LogSlate: New Slate User Created.  User Index 2, Is Virtual User: 0
[2018.10.26-14.37.30:380][  0]LogSlate: Slate User Registered.  User Index 2, Is Virtual User: 0
[2018.10.26-14.37.31:169][  0]LogContentStreaming: Texture pool size now 800 MB
[2018.10.26-14.37.32:131][  1]LogSlate: Took 0.019507 seconds to synchronously load lazily loaded font '../../../Engine/Content/Slate/Fonts/Roboto-Light.ttf' (167K)
[2018.10.26-14.37.32:489][  2]LogSlate: Took 0.000291 seconds to synchronously load lazily loaded font '../../../Engine/Content/Slate/Fonts/Roboto-Light.ttf' (167K)
[2018.10.26-14.37.32:579][  3]LogAssetRegistry: Asset discovery search completed in 103.4892 seconds
[2018.10.26-14.37.32:634][  3]LogCollectionManager: Rebuilt the object cache for 0 collections in 0.000000 seconds (found 0 objects)
[2018.10.26-14.37.32:634][  3]LogCollectionManager: Fixed up redirectors for 0 collections in 0.000577 seconds (updated 0 objects)
[2018.10.26-14.37.35:398][ 12]LogSlate: FSceneViewport::OnFocusLost() reason 0
[2018.10.26-14.37.35:399][ 12]LogTemp: Repeating last play command: Selected Viewport
[2018.10.26-14.37.35:832][ 12]LogBlueprintUserMessages: Early PlayInEditor Detection: Level '/Game/ThirdPersonBP/Maps/ThirdPersonExampleMap.ThirdPersonExampleMap:PersistentLevel' has LevelScriptBlueprint '/Game/ThirdPersonBP/Maps/ThirdPersonExampleMap.ThirdPersonExampleMap:PersistentLevel.ThirdPersonExampleMap' with GeneratedClass '/Game/ThirdPersonBP/Maps/ThirdPersonExampleMap.ThirdPersonExampleMap_C' with ClassGeneratedBy '/Game/ThirdPersonBP/Maps/ThirdPersonExampleMap.ThirdPersonExampleMap:PersistentLevel.ThirdPersonExampleMap'
[2018.10.26-14.37.35:885][ 12]LogPlayLevel: PlayLevel: No blueprints needed recompiling
[2018.10.26-14.37.36:201][ 12]PIE: New page: PIE session: ThirdPersonExampleMap (26 Oct 2018 18:37:36)
[2018.10.26-14.37.36:201][ 12]LogPlayLevel: Creating play world package: /Game/ThirdPersonBP/Maps/UEDPIE_0_ThirdPersonExampleMap
[2018.10.26-14.37.36:378][ 12]LogPlayLevel: PIE: StaticDuplicateObject took: (0.177717s)
[2018.10.26-14.37.36:379][ 12]LogAIModule: Creating AISystem for world ThirdPersonExampleMap
[2018.10.26-14.37.36:387][ 12]LogPlayLevel: PIE: World Init took: (0.008333s)
[2018.10.26-14.37.36:404][ 12]LogPlayLevel: PIE: Created PIE world by copying editor world from /Game/ThirdPersonBP/Maps/ThirdPersonExampleMap.ThirdPersonExampleMap to /Game/ThirdPersonBP/Maps/UEDPIE_0_ThirdPersonExampleMap.ThirdPersonExampleMap (0.203775s)
[2018.10.26-14.37.36:525][ 12]LogInit: XAudio2 using 'Speakers (Realtek High Definition Audio)' : 2 channels at 48 kHz using 32 bits per sample (channel mask 0x3)
[2018.10.26-14.37.36:591][ 12]LogInit: FAudioDevice initialized.
[2018.10.26-14.37.36:779][ 12]LogLoad: Game class is 'GameModeBP_C'
[2018.10.26-14.37.36:961][ 12]LogWorld: Bringing World /Game/ThirdPersonBP/Maps/UEDPIE_0_ThirdPersonExampleMap.ThirdPersonExampleMap up for play (max tick rate 60) at 2018.10.26-16.37.36
[2018.10.26-14.37.37:010][ 12]LogWorld: Bringing up level for play took: 0.050070
[2018.10.26-14.37.37:415][ 12]LogContentBrowser: Native class hierarchy updated for 'MovieSceneCapture' in 0.0003 seconds. Added 10 classes and 0 folders.
[2018.10.26-14.37.37:430][ 12]LogGameMode: Display: Match State Changed from EnteringMap to WaitingToStart
[2018.10.26-14.37.37:430][ 12]LogGameState: Match State Changed from EnteringMap to WaitingToStart
[2018.10.26-14.37.37:430][ 12]LogGameMode: Display: Match State Changed from WaitingToStart to InProgress
[2018.10.26-14.37.37:615][ 12]LogPlayerManagement: Error: Failed to Create Player: A local player already exists for controller ID 1,
[2018.10.26-14.37.37:615][ 12]LogGameState: Match State Changed from WaitingToStart to InProgress
[2018.10.26-14.37.37:645][ 12]PIE: Play in editor start time for /Game/ThirdPersonBP/Maps/UEDPIE_0_ThirdPersonExampleMap 2.451
[2018.10.26-14.37.37:646][ 12]LogBlueprintUserMessages: Late PlayInEditor Detection: Level '/Game/ThirdPersonBP/Maps/ThirdPersonExampleMap.ThirdPersonExampleMap:PersistentLevel' has LevelScriptBlueprint '/Game/ThirdPersonBP/Maps/ThirdPersonExampleMap.ThirdPersonExampleMap:PersistentLevel.ThirdPersonExampleMap' with GeneratedClass '/Game/ThirdPersonBP/Maps/ThirdPersonExampleMap.ThirdPersonExampleMap_C' with ClassGeneratedBy '/Game/ThirdPersonBP/Maps/ThirdPersonExampleMap.ThirdPersonExampleMap:PersistentLevel.ThirdPersonExampleMap'
[2018.10.26-14.37.37:750][ 12]LogScript: Warning: Accessed None trying to read property Player 1
	LocalMultiplayer_Camera_BP_C /Game/ThirdPersonBP/Maps/UEDPIE_0_ThirdPersonExampleMap.ThirdPersonExampleMap:PersistentLevel.LocalMultiplayer_Camera_BP_2
	Function /Game/TwinStickBP/Blueprints/LocalMultiplayer_Camera_BP.LocalMultiplayer_Camera_BP_C:ExecuteUbergraph_LocalMultiplayer_Camera_BP:0338
[2018.10.26-14.37.37:752][ 12]PIE: Error: Blueprint Runtime Error: "Accessed None trying to read property Player 1". Blueprint:  LocalMultiplayer_Camera_BP Function:  Execute Ubergraph Local Multiplayer Camera BP Graph:  EventGraph Node:  Set Distance between characters
[2018.10.26-14.37.37:753][ 12]LogScript: Warning: Accessed None trying to read property Player 2
	LocalMultiplayer_Camera_BP_C /Game/ThirdPersonBP/Maps/UEDPIE_0_ThirdPersonExampleMap.ThirdPersonExampleMap:PersistentLevel.LocalMultiplayer_Camera_BP_2
	Function /Game/TwinStickBP/Blueprints/LocalMultiplayer_Camera_BP.LocalMultiplayer_Camera_BP_C:ExecuteUbergraph_LocalMultiplayer_Camera_BP:0410
[2018.10.26-14.37.37:753][ 12]PIE: Error: Blueprint Runtime Error: "Accessed None trying to read property Player 2". Blueprint:  LocalMultiplayer_Camera_BP Function:  Execute Ubergraph Local Multiplayer Camera BP Graph:  EventGraph Node:  Set Centre Position
[2018.10.26-14.37.37:758][ 12]LogScript: Warning: Accessed None trying to read property Player 1
	LocalMultiplayer_Camera_BP_C /Game/ThirdPersonBP/Maps/UEDPIE_0_ThirdPersonExampleMap.ThirdPersonExampleMap:PersistentLevel.LocalMultiplayer_Camera_BP_2
	Function /Game/TwinStickBP/Blueprints/LocalMultiplayer_Camera_BP.LocalMultiplayer_Camera_BP_C:ExecuteUbergraph_LocalMultiplayer_Camera_BP:0442
[2018.10.26-14.37.37:758][ 12]PIE: Error: Blueprint Runtime Error: "Accessed None trying to read property Player 1". Blueprint:  LocalMultiplayer_Camera_BP Function:  Execute Ubergraph Local Multiplayer Camera BP Graph:  EventGraph Node:  Set Centre Position
[2018.10.26-14.37.40:663][145]Cmd: LevelEditor.ToggleImmersive
[2018.10.26-14.37.41:151][146]LogRenderer: Reallocating scene render targets to support 1672x908 Format 9 NumSamples 1 (Frame:135).
[2018.10.26-14.37.41:155][146]LogSlate: FSceneViewport::OnFocusLost() reason 2
[2018.10.26-14.38.10:522][902]LogBlueprintUserMessages: Early EndPlayMap Detection: Level '/Game/ThirdPersonBP/Maps/ThirdPersonExampleMap.ThirdPersonExampleMap:PersistentLevel' has LevelScriptBlueprint '/Game/ThirdPersonBP/Maps/ThirdPersonExampleMap.ThirdPersonExampleMap:PersistentLevel.ThirdPersonExampleMap' with GeneratedClass '/Game/ThirdPersonBP/Maps/ThirdPersonExampleMap.ThirdPersonExampleMap_C' with ClassGeneratedBy '/Game/ThirdPersonBP/Maps/ThirdPersonExampleMap.ThirdPersonExampleMap:PersistentLevel.ThirdPersonExampleMap'
[2018.10.26-14.38.10:533][902]LogSlate: Updating window title bar state: overlay mode, drag disabled, window buttons hidden, title bar hidden
[2018.10.26-14.38.10:745][902]LogPlayLevel: Display: Shutting down PIE online subsystems
[2018.10.26-14.38.10:745][902]LogBlueprintUserMessages: Late EndPlayMap Detection: Level '/Game/ThirdPersonBP/Maps/ThirdPersonExampleMap.ThirdPersonExampleMap:PersistentLevel' has LevelScriptBlueprint '/Game/ThirdPersonBP/Maps/ThirdPersonExampleMap.ThirdPersonExampleMap:PersistentLevel.ThirdPersonExampleMap' with GeneratedClass '/Game/ThirdPersonBP/Maps/ThirdPersonExampleMap.ThirdPersonExampleMap_C' with ClassGeneratedBy '/Game/ThirdPersonBP/Maps/ThirdPersonExampleMap.ThirdPersonExampleMap:PersistentLevel.ThirdPersonExampleMap'
[2018.10.26-14.38.10:853][902]LogSlate: Updating window title bar state: overlay mode, drag disabled, window buttons hidden, title bar hidden
[2018.10.26-14.38.10:975][902]LogRenderer: Reallocating scene render targets to support 1920x1040 Format 9 NumSamples 1 (Frame:11).
[2018.10.26-14.38.11:048][903]LogPlayLevel: Display: Destroying online subsystem :Context_5
[2018.10.26-14.39.22:883][162]LogTemp: Repeating last play command: Selected Viewport
[2018.10.26-14.39.22:903][162]LogBlueprintUserMessages: Early PlayInEditor Detection: Level '/Game/ThirdPersonBP/Maps/ThirdPersonExampleMap.ThirdPersonExampleMap:PersistentLevel' has LevelScriptBlueprint '/Game/ThirdPersonBP/Maps/ThirdPersonExampleMap.ThirdPersonExampleMap:PersistentLevel.ThirdPersonExampleMap' with GeneratedClass '/Game/ThirdPersonBP/Maps/ThirdPersonExampleMap.ThirdPersonExampleMap_C' with ClassGeneratedBy '/Game/ThirdPersonBP/Maps/ThirdPersonExampleMap.ThirdPersonExampleMap:PersistentLevel.ThirdPersonExampleMap'
[2018.10.26-14.39.22:903][162]LogPlayLevel: PlayLevel: No blueprints needed recompiling
[2018.10.26-14.39.22:903][162]PIE: New page: PIE session: ThirdPersonExampleMap (26 Oct 2018 18:39:22)
[2018.10.26-14.39.22:903][162]LogPlayLevel: Creating play world package: /Game/ThirdPersonBP/Maps/UEDPIE_0_ThirdPersonExampleMap
[2018.10.26-14.39.22:919][162]LogPlayLevel: PIE: StaticDuplicateObject took: (0.015820s)
[2018.10.26-14.39.22:920][162]LogAIModule: Creating AISystem for world ThirdPersonExampleMap
[2018.10.26-14.39.22:920][162]LogPlayLevel: PIE: World Init took: (0.000935s)
[2018.10.26-14.39.22:920][162]LogPlayLevel: PIE: Created PIE world by copying editor world from /Game/ThirdPersonBP/Maps/ThirdPersonExampleMap.ThirdPersonExampleMap to /Game/ThirdPersonBP/Maps/UEDPIE_0_ThirdPersonExampleMap.ThirdPersonExampleMap (0.016985s)
[2018.10.26-14.39.22:953][162]LogInit: XAudio2 using 'Speakers (Realtek High Definition Audio)' : 2 channels at 48 kHz using 32 bits per sample (channel mask 0x3)
[2018.10.26-14.39.23:035][162]LogInit: FAudioDevice initialized.
[2018.10.26-14.39.23:035][162]LogSlate: FSceneViewport::OnFocusLost() reason 2
[2018.10.26-14.39.23:078][162]LogLoad: Game class is 'GameModeBP_C'
[2018.10.26-14.39.23:080][162]LogWorld: Bringing World /Game/ThirdPersonBP/Maps/UEDPIE_0_ThirdPersonExampleMap.ThirdPersonExampleMap up for play (max tick rate 60) at 2018.10.26-16.39.23
[2018.10.26-14.39.23:080][162]LogWorld: Bringing up level for play took: 0.000823
[2018.10.26-14.39.23:092][162]LogGameMode: Display: Match State Changed from EnteringMap to WaitingToStart
[2018.10.26-14.39.23:092][162]LogGameState: Match State Changed from EnteringMap to WaitingToStart
[2018.10.26-14.39.23:093][162]LogGameMode: Display: Match State Changed from WaitingToStart to InProgress
[2018.10.26-14.39.23:094][162]LogPlayerManagement: Error: Failed to Create Player: A local player already exists for controller ID 1,
[2018.10.26-14.39.23:095][162]LogGameState: Match State Changed from WaitingToStart to InProgress
[2018.10.26-14.39.23:095][162]PIE: Play in editor start time for /Game/ThirdPersonBP/Maps/UEDPIE_0_ThirdPersonExampleMap -0.1
[2018.10.26-14.39.23:095][162]LogBlueprintUserMessages: Late PlayInEditor Detection: Level '/Game/ThirdPersonBP/Maps/ThirdPersonExampleMap.ThirdPersonExampleMap:PersistentLevel' has LevelScriptBlueprint '/Game/ThirdPersonBP/Maps/ThirdPersonExampleMap.ThirdPersonExampleMap:PersistentLevel.ThirdPersonExampleMap' with GeneratedClass '/Game/ThirdPersonBP/Maps/ThirdPersonExampleMap.ThirdPersonExampleMap_C' with ClassGeneratedBy '/Game/ThirdPersonBP/Maps/ThirdPersonExampleMap.ThirdPersonExampleMap:PersistentLevel.ThirdPersonExampleMap'
[2018.10.26-14.39.23:095][162]LogScript: Warning: Accessed None trying to read property Player 1
	LocalMultiplayer_Camera_BP_C /Game/ThirdPersonBP/Maps/UEDPIE_0_ThirdPersonExampleMap.ThirdPersonExampleMap:PersistentLevel.LocalMultiplayer_Camera_BP_2
	Function /Game/TwinStickBP/Blueprints/LocalMultiplayer_Camera_BP.LocalMultiplayer_Camera_BP_C:ExecuteUbergraph_LocalMultiplayer_Camera_BP:0338
[2018.10.26-14.39.23:096][162]PIE: Error: Blueprint Runtime Error: "Accessed None trying to read property Player 1". Blueprint:  LocalMultiplayer_Camera_BP Function:  Execute Ubergraph Local Multiplayer Camera BP Graph:  EventGraph Node:  Set Distance between characters
[2018.10.26-14.39.23:096][162]LogScript: Warning: Accessed None trying to read property Player 2
	LocalMultiplayer_Camera_BP_C /Game/ThirdPersonBP/Maps/UEDPIE_0_ThirdPersonExampleMap.ThirdPersonExampleMap:PersistentLevel.LocalMultiplayer_Camera_BP_2
	Function /Game/TwinStickBP/Blueprints/LocalMultiplayer_Camera_BP.LocalMultiplayer_Camera_BP_C:ExecuteUbergraph_LocalMultiplayer_Camera_BP:0410
[2018.10.26-14.39.23:096][162]PIE: Error: Blueprint Runtime Error: "Accessed None trying to read property Player 2". Blueprint:  LocalMultiplayer_Camera_BP Function:  Execute Ubergraph Local Multiplayer Camera BP Graph:  EventGraph Node:  Set Centre Position
[2018.10.26-14.39.23:096][162]LogScript: Warning: Accessed None trying to read property Player 1
	LocalMultiplayer_Camera_BP_C /Game/ThirdPersonBP/Maps/UEDPIE_0_ThirdPersonExampleMap.ThirdPersonExampleMap:PersistentLevel.LocalMultiplayer_Camera_BP_2
	Function /Game/TwinStickBP/Blueprints/LocalMultiplayer_Camera_BP.LocalMultiplayer_Camera_BP_C:ExecuteUbergraph_LocalMultiplayer_Camera_BP:0442
[2018.10.26-14.39.23:096][162]PIE: Error: Blueprint Runtime Error: "Accessed None trying to read property Player 1". Blueprint:  LocalMultiplayer_Camera_BP Function:  Execute Ubergraph Local Multiplayer Camera BP Graph:  EventGraph Node:  Set Centre Position
[2018.10.26-14.39.23:125][163]LogScript: Warning: Accessed None trying to read property Player 1
	LocalMultiplayer_Camera_BP_C /Game/ThirdPersonBP/Maps/UEDPIE_0_ThirdPersonExampleMap.ThirdPersonExampleMap:PersistentLevel.LocalMultiplayer_Camera_BP_2
	Function /Game/TwinStickBP/Blueprints/LocalMultiplayer_Camera_BP.LocalMultiplayer_Camera_BP_C:ExecuteUbergraph_LocalMultiplayer_Camera_BP:0338
[2018.10.26-14.39.23:125][163]PIE: Error: Blueprint Runtime Error: "Accessed None trying to read property Player 1". Blueprint:  LocalMultiplayer_Camera_BP Function:  Execute Ubergraph Local Multiplayer Camera BP Graph:  EventGraph Node:  Set Distance between characters
[2018.10.26-14.39.23:125][163]LogScript: Warning: Accessed None trying to read property Player 2
	LocalMultiplayer_Camera_BP_C /Game/ThirdPersonBP/Maps/UEDPIE_0_ThirdPersonExampleMap.ThirdPersonExampleMap:PersistentLevel.LocalMultiplayer_Camera_BP_2
	Function /Game/TwinStickBP/Blueprints/LocalMultiplayer_Camera_BP.LocalMultiplayer_Camera_BP_C:ExecuteUbergraph_LocalMultiplayer_Camera_BP:0410
[2018.10.26-14.39.23:125][163]PIE: Error: Blueprint Runtime Error: "Accessed None trying to read property Player 2". Blueprint:  LocalMultiplayer_Camera_BP Function:  Execute Ubergraph Local Multiplayer Camera BP Graph:  EventGraph Node:  Set Centre Position
[2018.10.26-14.39.23:125][163]LogScript: Warning: Accessed None trying to read property Player 1
	LocalMultiplayer_Camera_BP_C /Game/ThirdPersonBP/Maps/UEDPIE_0_ThirdPersonExampleMap.ThirdPersonExampleMap:PersistentLevel.LocalMultiplayer_Camera_BP_2
	Function /Game/TwinStickBP/Blueprints/LocalMultiplayer_Camera_BP.LocalMultiplayer_Camera_BP_C:ExecuteUbergraph_LocalMultiplayer_Camera_BP:0442
[2018.10.26-14.39.23:125][163]PIE: Error: Blueprint Runtime Error: "Accessed None trying to read property Player 1". Blueprint:  LocalMultiplayer_Camera_BP Function:  Execute Ubergraph Local Multiplayer Camera BP Graph:  EventGraph Node:  Set Centre Position
[2018.10.26-14.40.15:819][316]LogBlueprintUserMessages: Early EndPlayMap Detection: Level '/Game/ThirdPersonBP/Maps/ThirdPersonExampleMap.ThirdPersonExampleMap:PersistentLevel' has LevelScriptBlueprint '/Game/ThirdPersonBP/Maps/ThirdPersonExampleMap.ThirdPersonExampleMap:PersistentLevel.ThirdPersonExampleMap' with GeneratedClass '/Game/ThirdPersonBP/Maps/ThirdPersonExampleMap.ThirdPersonExampleMap_C' with ClassGeneratedBy '/Game/ThirdPersonBP/Maps/ThirdPersonExampleMap.ThirdPersonExampleMap:PersistentLevel.ThirdPersonExampleMap'
[2018.10.26-14.40.15:820][316]LogSlate: Updating window title bar state: overlay mode, drag disabled, window buttons hidden, title bar hidden
[2018.10.26-14.40.15:855][316]LogPlayLevel: Display: Shutting down PIE online subsystems
[2018.10.26-14.40.15:856][316]LogBlueprintUserMessages: Late EndPlayMap Detection: Level '/Game/ThirdPersonBP/Maps/ThirdPersonExampleMap.ThirdPersonExampleMap:PersistentLevel' has LevelScriptBlueprint '/Game/ThirdPersonBP/Maps/ThirdPersonExampleMap.ThirdPersonExampleMap:PersistentLevel.ThirdPersonExampleMap' with GeneratedClass '/Game/ThirdPersonBP/Maps/ThirdPersonExampleMap.ThirdPersonExampleMap_C' with ClassGeneratedBy '/Game/ThirdPersonBP/Maps/ThirdPersonExampleMap.ThirdPersonExampleMap:PersistentLevel.ThirdPersonExampleMap'
[2018.10.26-14.40.15:880][316]LogSlate: Updating window title bar state: overlay mode, drag disabled, window buttons hidden, title bar hidden
[2018.10.26-14.40.15:947][318]LogPlayLevel: Display: Destroying online subsystem :Context_6
[2018.10.26-14.41.21:944][675]LogSlate: FSceneViewport::OnFocusLost() reason 2
[2018.10.26-14.41.22:643][707]LogSlate: FSceneViewport::OnFocusLost() reason 0
[2018.10.26-14.41.23:190][712]LogSlate: Window 'Masters_Project - Unreal Editor' being destroyed
[2018.10.26-14.41.23:190][712]LogWindowsTextInputMethodSystem: Display: IME system now deactivated.
[2018.10.26-14.41.26:879][713]Cmd: QUIT_EDITOR
[2018.10.26-14.41.28:761][713]LogExit: Preparing to exit.
[2018.10.26-14.41.31:188][713]LogExit: Editor shut down
[2018.10.26-14.41.31:188][713]LogExit: Transaction tracking system shut down
