Log file open, 10/21/18 15:16:56
LogWindows: Failed to load 'aqProf.dll' (GetLastError=126)
LogWindows: File 'aqProf.dll' does not exist
LogWindows: Failed to load 'VSPerf140.dll' (GetLastError=126)
LogWindows: File 'VSPerf140.dll' does not exist
LogWindows: Failed to load 'VtuneApi.dll' (GetLastError=126)
LogWindows: File 'VtuneApi.dll' does not exist
LogWindows: Failed to load 'VtuneApi32e.dll' (GetLastError=126)
LogWindows: File 'VtuneApi32e.dll' does not exist
LogInit: Display: Running engine for game: Masters_Project
LogPlatformFile: Not using cached read wrapper
LogTaskGraph: Started task graph with 5 named threads and 23 total threads with 3 sets of task threads.
LogStats: Stats thread started at 3.935504
LogD3D11RHI: Loaded GFSDK_Aftermath_Lib.x64.dll
LogICUInternationalization: Display: ICU TimeZone Detection - Raw Offset: +1:00, Platform Override: ''
LogPluginManager: Mounting plugin Paper2D
LogPluginManager: Mounting plugin AISupport
LogPluginManager: Mounting plugin LightPropagationVolume
LogPluginManager: Mounting plugin CLionSourceCodeAccess
LogPluginManager: Mounting plugin CodeLiteSourceCodeAccess
LogPluginManager: Mounting plugin GitSourceControl
LogPluginManager: Mounting plugin KDevelopSourceCodeAccess
LogPluginManager: Mounting plugin NullSourceCodeAccess
LogPluginManager: Mounting plugin PerforceSourceControl
LogPluginManager: Mounting plugin SubversionSourceControl
LogPluginManager: Mounting plugin UObjectPlugin
LogPluginManager: Mounting plugin VisualStudioCodeSourceCodeAccess
LogPluginManager: Mounting plugin VisualStudioSourceCodeAccess
LogPluginManager: Mounting plugin XCodeSourceCodeAccess
LogPluginManager: Mounting plugin AssetManagerEditor
LogPluginManager: Mounting plugin CryptoKeys
LogPluginManager: Mounting plugin DataValidation
LogPluginManager: Mounting plugin FacialAnimation
LogPluginManager: Mounting plugin GameplayTagsEditor
LogPluginManager: Mounting plugin MacGraphicsSwitching
LogPluginManager: Mounting plugin MeshEditor
LogPluginManager: Mounting plugin MobileLauncherProfileWizard
LogPluginManager: Mounting plugin PluginBrowser
LogPluginManager: Mounting plugin SpeedTreeImporter
LogPluginManager: Mounting plugin DatasmithContent
LogPluginManager: Mounting plugin AlembicImporter
LogPluginManager: Mounting plugin AppleImageUtils
LogPluginManager: Mounting plugin AppleVision
LogPluginManager: Mounting plugin BackChannel
LogPluginManager: Mounting plugin CharacterAI
LogPluginManager: Mounting plugin GeometryCache
LogPluginManager: Mounting plugin HTML5Networking
LogPluginManager: Mounting plugin ProxyLODPlugin
LogPluginManager: Mounting plugin MagicLeap
LogPluginManager: Mounting plugin MagicLeapEmulator
LogPluginManager: Mounting plugin MagicLeapMedia
LogPluginManager: Mounting plugin AndroidMedia
LogPluginManager: Mounting plugin AvfMedia
LogPluginManager: Mounting plugin ImgMedia
LogPluginManager: Mounting plugin LinearTimecode
LogPluginManager: Mounting plugin MediaCompositing
LogPluginManager: Mounting plugin MediaPlayerEditor
LogPluginManager: Mounting plugin WmfMedia
LogPluginManager: Mounting plugin TcpMessaging
LogPluginManager: Mounting plugin UdpMessaging
LogPluginManager: Mounting plugin ActorSequence
LogPluginManager: Mounting plugin LevelSequenceEditor
LogPluginManager: Mounting plugin MatineeToLevelSequence
LogPluginManager: Mounting plugin NetcodeUnitTest
LogPluginManager: Mounting plugin NUTUnrealEngine4
LogPluginManager: Mounting plugin OnlineSubsystemGooglePlay
LogPluginManager: Mounting plugin OnlineSubsystemIOS
LogPluginManager: Mounting plugin OnlineSubsystem
LogPluginManager: Mounting plugin OnlineSubsystemNull
LogPluginManager: Mounting plugin OnlineSubsystemUtils
LogPluginManager: Mounting plugin LauncherChunkInstaller
LogPluginManager: Mounting plugin AndroidDeviceProfileSelector
LogPluginManager: Mounting plugin AndroidMoviePlayer
LogPluginManager: Mounting plugin AndroidPermission
LogPluginManager: Mounting plugin AppleMoviePlayer
LogPluginManager: Mounting plugin ArchVisCharacter
LogPluginManager: Mounting plugin AudioCapture
LogPluginManager: Mounting plugin CableComponent
LogPluginManager: Mounting plugin CustomMeshComponent
LogPluginManager: Mounting plugin EditableMesh
LogPluginManager: Mounting plugin ExampleDeviceProfileSelector
LogPluginManager: Mounting plugin GoogleCloudMessaging
LogPluginManager: Mounting plugin ImmediatePhysics
LogPluginManager: Mounting plugin IOSDeviceProfileSelector
LogPluginManager: Mounting plugin LinuxDeviceProfileSelector
LogPluginManager: Mounting plugin LocationServicesBPLibrary
LogPluginManager: Mounting plugin MobilePatchingUtils
LogPluginManager: Mounting plugin OculusVR
LogPluginManager: Plugin shader directory ../../../Engine/Plugins/Runtime/Oculus/OculusVR/Shaders found
LogPluginManager: Mapping shader source directory ../../../Engine/Plugins/Runtime/Oculus/OculusVR/Shaders to virtual directory /Plugin/OculusVR
LogPluginManager: Mounting plugin PhysXVehicles
LogPluginManager: Mounting plugin ProceduralMeshComponent
LogPluginManager: Mounting plugin RuntimePhysXCooking
LogPluginManager: Mounting plugin SteamVR
LogPluginManager: Mounting plugin WindowsMoviePlayer
LogStreaming: Display: Took  0.553s to configure plugins.
LogInit: Using libcurl 7.55.1-DEV
LogInit:  - built for x86_64-pc-win32
LogInit:  - supports SSL with OpenSSL/1.0.2h
LogInit:  - supports HTTP deflate (compression) using libz 1.2.8
LogInit:  - other features:
LogInit:      CURL_VERSION_SSL
LogInit:      CURL_VERSION_LIBZ
LogInit:      CURL_VERSION_IPV6
LogInit:      CURL_VERSION_ASYNCHDNS
LogInit:      CURL_VERSION_LARGEFILE
LogInit:      CURL_VERSION_IDN
LogInit:  CurlRequestOptions (configurable via config and command line):
LogInit:  - bVerifyPeer = false  - Libcurl will NOT verify peer certificate
LogInit:  - bUseHttpProxy = false  - Libcurl will NOT use HTTP proxy
LogInit:  - bDontReuseConnections = false  - Libcurl will reuse connections
LogInit:  - CertBundlePath = nullptr  - Libcurl will use whatever was configured at build time.
LogInit:  - MaxHostConnections = 16  - Libcurl will limit the number of connections to a host
LogInit:  - LocalHostAddr = Default
LogInit:  - BufferSize = 65536
LogInit: WinSock: version 1.1 (2.2), MaxSocks=32767, MaxUdp=65467
LogInit: Build: ++UE4+Release-4.20-CL-4369336
LogInit: Engine Version: 4.20.3-4369336+++UE4+Release-4.20
LogInit: Compatible Engine Version: 4.20.0-4212847+++UE4+Release-4.20
LogInit: Net CL: 4212847
LogInit: OS: Windows 10 (), CPU: Intel(R) Core(TM) i7-7700HQ CPU @ 2.80GHz, GPU: Intel(R) HD Graphics 630
LogInit: Compiled (64-bit): Sep 17 2018 12:26:19
LogInit: Compiled with Visual C++: 19.13.26129.00
LogInit: Build Configuration: Development
LogInit: Branch Name: ++UE4+Release-4.20
LogInit: Command Line:  
LogInit: Base Directory: C:/Program Files/Epic Games/UE_4.20/Engine/Binaries/Win64/
LogInit: Installed Engine Build: 1
LogDevObjectVersion: Number of dev versions registered: 20
LogDevObjectVersion:   Dev-Blueprints (B0D832E4-1F89-4F0D-ACCF-7EB736FD4AA2): 10
LogDevObjectVersion:   Dev-Build (E1C64328-A22C-4D53-A36C-8E866417BD8C): 0
LogDevObjectVersion:   Dev-Core (375EC13C-06E4-48FB-B500-84F0262A717E): 2
LogDevObjectVersion:   Dev-Editor (E4B068ED-F494-42E9-A231-DA0B2E46BB41): 24
LogDevObjectVersion:   Dev-Framework (CFFC743F-43B0-4480-9391-14DF171D2073): 34
LogDevObjectVersion:   Dev-Mobile (B02B49B5-BB20-44E9-A304-32B752E40360): 2
LogDevObjectVersion:   Dev-Networking (A4E4105C-59A1-49B5-A7C5-40C4547EDFEE): 0
LogDevObjectVersion:   Dev-Online (39C831C9-5AE6-47DC-9A44-9C173E1C8E7C): 0
LogDevObjectVersion:   Dev-Physics (78F01B33-EBEA-4F98-B9B4-84EACCB95AA2): 0
LogDevObjectVersion:   Dev-Platform (6631380F-2D4D-43E0-8009-CF276956A95A): 0
LogDevObjectVersion:   Dev-Rendering (12F88B9F-8875-4AFC-A67C-D90C383ABD29): 26
LogDevObjectVersion:   Dev-Sequencer (7B5AE74C-D270-4C10-A958-57980B212A5A): 9
LogDevObjectVersion:   Dev-VR (D7296918-1DD6-4BDD-9DE2-64A83CC13884): 2
LogDevObjectVersion:   Dev-LoadTimes (C2A15278-BFE7-4AFE-6C17-90FF531DF755): 1
LogDevObjectVersion:   Private-Geometry (6EACA3D4-40EC-4CC1-B786-8BED09428FC5): 3
LogDevObjectVersion:   Dev-AnimPhys (29E575DD-E0A3-4627-9D10-D276232CDCEA): 17
LogDevObjectVersion:   Dev-ReflectionCapture (6B266CEC-1EC7-4B8F-A30B-E4D90942FC07): 1
LogDevObjectVersion:   Dev-Automation (0DF73D61-A23F-47EA-B727-89E90C41499A): 1
LogDevObjectVersion:   FortniteMain (601D1886-AC64-4F84-AA16-D3DE0DEAC7D6): 12
LogDevObjectVersion:   Dev-Enterprise (9DFFBCD6-494F-0158-E221-12823C92A888): 1
LogStreaming: Display: Took  0.001s to delete old logs.
LogInit: Presizing for max 8388607 objects, including 0 objects not considered by GC, pre-allocating 0 bytes for permanent pool.
LogInit: Object subsystem initialized
[2018.10.21-13.17.00:592][  0]LogInit: Selected Device Profile: [Windows]
[2018.10.21-13.17.00:592][  0]LogInit: Applying CVar settings loaded from the selected device profile: [Windows]
[2018.10.21-13.17.00:723][  0]LogHAL: Display: Platform has ~ 8 GB [8469164032 / 8589934592 / 8], which maps to Default [LargestMinGB=32, LargerMinGB=12, DefaultMinGB=8, SmallerMinGB=6, SmallestMinGB=0)
[2018.10.21-13.17.00:785][  0]LogInit: Setting Device Profile CVar: [[r.Vulkan.UseRealUBs:1]]
[2018.10.21-13.17.00:820][  0]LogInit: Going up to parent DeviceProfile []
[2018.10.21-13.17.00:920][  0]LogInit: Computer: DESKTOP-9GLKCJD
[2018.10.21-13.17.00:920][  0]LogInit: User: asus
[2018.10.21-13.17.00:920][  0]LogInit: CPU Page size=4096, Cores=4
[2018.10.21-13.17.00:920][  0]LogInit: High frequency timer resolution =2.742189 MHz
[2018.10.21-13.17.00:920][  0]LogMemory: Memory total: Physical=7.9GB (8GB approx)
[2018.10.21-13.17.00:920][  0]LogMemory: Platform Memory Stats for Windows
[2018.10.21-13.17.00:920][  0]LogMemory: Process Physical Memory: 99.56 MB used, 99.56 MB peak
[2018.10.21-13.17.00:920][  0]LogMemory: Process Virtual Memory: 90.74 MB used, 90.74 MB peak
[2018.10.21-13.17.00:920][  0]LogMemory: Physical Memory: 4195.01 MB used,  3881.82 MB free, 8076.82 MB total
[2018.10.21-13.17.00:920][  0]LogMemory: Virtual Memory: 4644.98 MB used,  3881.82 MB free, 134217728.00 MB total
[2018.10.21-13.17.02:134][  0]LogInit: Using OS detected language (en-US).
[2018.10.21-13.17.02:134][  0]LogInit: Using OS detected locale (en-GB).
[2018.10.21-13.17.02:164][  0]LogTextLocalizationManager: No specific localization for 'en-US' exists, so the 'en' localization will be used.
[2018.10.21-13.17.03:040][  0]LogStreaming: Display: Took  0.870s to InitEngineTextLocalization.
[2018.10.21-13.17.03:992][  0]LogSlate: New Slate User Created.  User Index 0, Is Virtual User: 0
[2018.10.21-13.17.03:992][  0]LogSlate: Slate User Registered.  User Index 0, Is Virtual User: 0
[2018.10.21-13.17.10:781][  0]LogHMD: Failed to initialize OpenVR with code 110
[2018.10.21-13.17.10:781][  0]LogD3D11RHI: D3D11 adapters:
[2018.10.21-13.17.11:915][  0]LogD3D11RHI:    0. 'NVIDIA GeForce GTX 1050' (Feature Level 11_0)
[2018.10.21-13.17.11:915][  0]LogD3D11RHI:       4021/0/4038 MB DedicatedVideo/DedicatedSystem/SharedSystem, Outputs:1, VendorId:0x10de
[2018.10.21-13.17.11:927][  0]LogD3D11RHI:    1. 'Intel(R) HD Graphics 630' (Feature Level 11_0)
[2018.10.21-13.17.11:927][  0]LogD3D11RHI:       128/0/4038 MB DedicatedVideo/DedicatedSystem/SharedSystem, Outputs:0, VendorId:0x8086
[2018.10.21-13.17.11:969][  0]LogD3D11RHI:    2. 'Microsoft Basic Render Driver' (Feature Level 11_0)
[2018.10.21-13.17.11:969][  0]LogD3D11RHI:       0/0/4038 MB DedicatedVideo/DedicatedSystem/SharedSystem, Outputs:0, VendorId:0x1414
[2018.10.21-13.17.11:969][  0]LogD3D11RHI: Chosen D3D11 Adapter: 0
[2018.10.21-13.17.11:999][  0]LogD3D11RHI: Creating new Direct3DDevice
[2018.10.21-13.17.12:000][  0]LogD3D11RHI:     GPU DeviceId: 0x1c8d (for the marketing name, search the web for "GPU Device Id")
[2018.10.21-13.17.12:030][  0]LogWindows: EnumDisplayDevices:
[2018.10.21-13.17.12:030][  0]LogWindows:    0. 'Intel(R) HD Graphics 630' (P:1 D:1)
[2018.10.21-13.17.12:030][  0]LogWindows:    1. 'Intel(R) HD Graphics 630' (P:0 D:0)
[2018.10.21-13.17.12:031][  0]LogWindows:    2. 'Intel(R) HD Graphics 630' (P:0 D:0)
[2018.10.21-13.17.12:031][  0]LogWindows: DebugString: PrimaryIsNotTheChoosenAdapter PrimaryIsNotTheChoosenAdapter PrimaryIsNotTheChoosenAdapter FoundDriverCount:0 
[2018.10.21-13.17.12:031][  0]LogD3D11RHI:     Adapter Name: NVIDIA GeForce GTX 1050
[2018.10.21-13.17.12:031][  0]LogD3D11RHI:   Driver Version: Unknown (internal:Unknown, unified:Unknown)
[2018.10.21-13.17.12:031][  0]LogD3D11RHI:      Driver Date: Unknown
[2018.10.21-13.17.12:031][  0]LogRHI: Texture pool is 2814 MB (70% of 4021 MB)
[2018.10.21-13.17.12:140][  0]LogD3D11RHI: Async texture creation enabled
[2018.10.21-13.17.12:366][  0]LogD3D11RHI: GPU Timing Frequency: 1000.000000 (Debug: 2 2)
[2018.10.21-13.17.12:424][  0]LogShaderCompilers: Guid format shader working directory is -5 characters bigger than the processId version (../../../../../../Users/asus/Desktop/Masters_Game/Intermediate/Shaders/WorkingDirectory/14324/).
[2018.10.21-13.17.12:425][  0]LogShaderCompilers: Cleaned the shader compiler working directory 'C:/Users/asus/AppData/Local/Temp/UnrealShaderWorkingDir/AE6DBBA6459B746700E19E90C0971FB1/'.
[2018.10.21-13.17.14:114][  0]LogTemp: Display: Loaded TP AllDesktopTargetPlatform
[2018.10.21-13.17.14:168][  0]LogTemp: Display: Loaded TP MacClientTargetPlatform
[2018.10.21-13.17.14:198][  0]LogTemp: Display: Loaded TP MacNoEditorTargetPlatform
[2018.10.21-13.17.14:233][  0]LogTemp: Display: Loaded TP MacServerTargetPlatform
[2018.10.21-13.17.14:312][  0]LogTemp: Display: Loaded TP MacTargetPlatform
[2018.10.21-13.17.14:371][  0]LogTemp: Display: Loaded TP WindowsClientTargetPlatform
[2018.10.21-13.17.14:409][  0]LogTemp: Display: Loaded TP WindowsNoEditorTargetPlatform
[2018.10.21-13.17.14:439][  0]LogTemp: Display: Loaded TP WindowsServerTargetPlatform
[2018.10.21-13.17.14:465][  0]LogTemp: Display: Loaded TP WindowsTargetPlatform
[2018.10.21-13.17.14:659][  0]LogTemp: Display: Loaded TP AndroidTargetPlatform
[2018.10.21-13.17.14:659][  0]LogTemp: Display: Loaded TP AndroidTargetPlatform
[2018.10.21-13.17.14:659][  0]LogTemp: Display: Loaded TP AndroidTargetPlatform
[2018.10.21-13.17.14:659][  0]LogTemp: Display: Loaded TP AndroidTargetPlatform
[2018.10.21-13.17.14:659][  0]LogTemp: Display: Loaded TP AndroidTargetPlatform
[2018.10.21-13.17.14:659][  0]LogTemp: Display: Loaded TP AndroidTargetPlatform
[2018.10.21-13.17.14:659][  0]LogTemp: Display: Loaded TP AndroidTargetPlatform
[2018.10.21-13.17.14:659][  0]LogTemp: Display: Loaded TP AndroidTargetPlatform
[2018.10.21-13.17.14:659][  0]LogTemp: Display: Loaded TP AndroidTargetPlatform
[2018.10.21-13.17.14:659][  0]LogTemp: Display: Loaded TP AndroidTargetPlatform
[2018.10.21-13.17.14:659][  0]LogTemp: Display: Loaded TP AndroidTargetPlatform
[2018.10.21-13.17.14:659][  0]LogTemp: Display: Loaded TP AndroidTargetPlatform
[2018.10.21-13.17.14:659][  0]LogTemp: Display: Loaded TP AndroidTargetPlatform
[2018.10.21-13.17.14:659][  0]LogTemp: Display: Loaded TP AndroidTargetPlatform
[2018.10.21-13.17.14:659][  0]LogTemp: Display: Loaded TP AndroidTargetPlatform
[2018.10.21-13.17.14:659][  0]LogTemp: Display: Loaded TP AndroidTargetPlatform
[2018.10.21-13.17.14:659][  0]LogTemp: Display: Loaded TP AndroidTargetPlatform
[2018.10.21-13.17.14:659][  0]LogTemp: Display: Loaded TP AndroidTargetPlatform
[2018.10.21-13.17.14:709][  0]LogTemp: Display: Loaded TP HTML5TargetPlatform
[2018.10.21-13.17.14:914][  0]LogTemp: Display: Loaded TP IOSTargetPlatform
[2018.10.21-13.17.14:914][  0]LogTemp: Display: Loaded TP IOSTargetPlatform
[2018.10.21-13.17.15:016][  0]LogTemp: Display: Loaded TP TVOSTargetPlatform
[2018.10.21-13.17.15:016][  0]LogTemp: Display: Loaded TP TVOSTargetPlatform
[2018.10.21-13.17.15:065][  0]LogTemp: Display: Loaded TP LinuxClientTargetPlatform
[2018.10.21-13.17.15:098][  0]LogTemp: Display: Loaded TP LinuxNoEditorTargetPlatform
[2018.10.21-13.17.15:136][  0]LogTemp: Display: Loaded TP LinuxServerTargetPlatform
[2018.10.21-13.17.15:221][  0]LogTemp: Display: Loaded TP LinuxTargetPlatform
[2018.10.21-13.17.15:254][  0]LogTemp: Display: Loaded TP LuminTargetPlatform
[2018.10.21-13.17.15:254][  0]LogTargetPlatformManager: Display: Building Assets For Windows
[2018.10.21-13.17.16:354][  0]LogXGEController: Cleaning working directory: C:/Users/asus/AppData/Local/Temp/UnrealXGEWorkingDir/
[2018.10.21-13.17.16:354][  0]LogXGEController: Cannot use XGE Controller as Incredibuild is not installed on this machine.
[2018.10.21-13.17.16:355][  0]LogShaderCompilers: Cannot use XGE Shader Compiler as Incredibuild is not installed on this machine.
[2018.10.21-13.17.16:355][  0]LogShaderCompilers: Display: Using Local Shader Compiler.
[2018.10.21-13.17.23:741][  0]LogDerivedDataCache: Display: Max Cache Size: 512 MB
[2018.10.21-13.17.24:794][  0]LogDerivedDataCache: Loaded boot cache 1.03s 71MB C:/Users/asus/AppData/Local/UnrealEngine/4.20/DerivedDataCache/Boot.ddc.
[2018.10.21-13.17.24:795][  0]LogDerivedDataCache: Display: Loaded Boot cache: C:/Users/asus/AppData/Local/UnrealEngine/4.20/DerivedDataCache/Boot.ddc
[2018.10.21-13.17.24:795][  0]LogDerivedDataCache: FDerivedDataBackendGraph:  Pak pak cache file ../../../../../../Users/asus/Desktop/Masters_Game/DerivedDataCache/DDC.ddp not found, will not use a pak cache.
[2018.10.21-13.17.24:795][  0]LogDerivedDataCache: Unable to find inner node Pak for hierarchical cache Hierarchy.
[2018.10.21-13.17.24:795][  0]LogDerivedDataCache: FDerivedDataBackendGraph:  CompressedPak pak cache file ../../../../../../Users/asus/Desktop/Masters_Game/DerivedDataCache/Compressed.ddp not found, will not use a pak cache.
[2018.10.21-13.17.24:795][  0]LogDerivedDataCache: Unable to find inner node CompressedPak for hierarchical cache Hierarchy.
[2018.10.21-13.17.24:867][  0]LogDerivedDataCache: Display: Pak cache opened for reading ../../../Engine/DerivedDataCache/Compressed.ddp.
[2018.10.21-13.17.24:897][  0]LogDerivedDataCache: Using Local data cache path C:/Users/asus/AppData/Local/UnrealEngine/Common/DerivedDataCache: Writable
[2018.10.21-13.17.24:897][  0]LogDerivedDataCache: Shared data cache path not found in *engine.ini, will not use an Shared cache.
[2018.10.21-13.17.24:897][  0]LogDerivedDataCache: Unable to find inner node Shared for hierarchical cache Hierarchy.
[2018.10.21-13.17.24:977][  0]LogMaterial: Verifying Global Shaders for PCD3D_SM5
[2018.10.21-13.17.25:035][  0]LogSlate: Using FreeType 2.6.0
[2018.10.21-13.17.25:121][  0]LogSlate: SlateFontServices - WITH_FREETYPE: 1, WITH_HARFBUZZ: 1
[2018.10.21-13.17.27:163][  0]LogAssetRegistry: FAssetRegistry took 0.0495 seconds to start up
[2018.10.21-13.17.31:994][  0]LogInit: Selected Device Profile: [Windows]
[2018.10.21-13.17.35:591][  0]LogSimplygon: Simplygon DLL not present - disabling.
[2018.10.21-13.17.35:775][  0]LogMeshReduction: Using SimplygonSwarm for distributed automatic mesh merging
[2018.10.21-13.17.35:775][  0]LogMeshReduction: Using ProxyLODMeshReduction for automatic mesh merging
[2018.10.21-13.17.35:796][  0]LogMeshReduction: Using QuadricMeshReduction for automatic static mesh reduction
[2018.10.21-13.17.35:796][  0]LogMeshReduction: No automatic skeletal mesh reduction module available
[2018.10.21-13.17.36:785][  0]LogNetVersion: Masters_Project 1.0.0, NetCL: 4212847, EngineNetVer: 5, GameNetVer: 0 (Checksum: 4035682717)
[2018.10.21-13.17.43:678][  0]LogPackageLocalizationCache: Processed 11 localized package path(s) for 2 prioritized culture(s) in 0.191233 seconds
[2018.10.21-13.17.43:719][  0]LogUObjectArray: 38425 objects as part of root set at end of initial load.
[2018.10.21-13.17.43:719][  0]LogUObjectAllocator: 6690872 out of 0 bytes used by permanent object pool.
[2018.10.21-13.17.43:719][  0]LogUObjectArray: CloseDisregardForGC: 0/0 objects in disregard for GC pool
[2018.10.21-13.18.14:381][  0]LogTcpMessaging: Initializing TcpMessaging bridge
[2018.10.21-13.18.14:424][  0]LogUdpMessaging: Initializing bridge on interface 0.0.0.0:0 to multicast group 230.0.0.1:6666.
[2018.10.21-13.18.16:315][  0]SourceControl: Source control is disabled
[2018.10.21-13.18.16:326][  0]SourceControl: Source control is disabled
[2018.10.21-13.18.16:443][  0]SourceControl: Source control is disabled
[2018.10.21-13.18.16:481][  0]SourceControl: Source control is disabled
[2018.10.21-13.18.18:346][  0]LogAndroidPermission: UAndroidPermissionCallbackProxy::GetInstance
[2018.10.21-13.18.18:580][  0]LogOcInput: OculusInput pre-init called
[2018.10.21-13.18.19:459][  0]LogEngine: Initializing Engine...
[2018.10.21-13.18.19:478][  0]LogHMD: Failed to initialize OpenVR with code 110
[2018.10.21-13.18.19:514][  0]LogStats: UGameplayTagsManager::ConstructGameplayTagTree: ImportINI prefixes -  0.006 s
[2018.10.21-13.18.19:514][  0]LogStats: UGameplayTagsManager::ConstructGameplayTagTree: Construct from data asset -  0.000 s
[2018.10.21-13.18.19:514][  0]LogStats: UGameplayTagsManager::ConstructGameplayTagTree: ImportINI -  0.000 s
[2018.10.21-13.18.19:514][  0]LogStats: UGameplayTagsManager::ConstructGameplayTagTree: GameplayTagTreeChangedEvent.Broadcast -  0.000 s
[2018.10.21-13.18.20:855][  0]LogInit: Initializing FReadOnlyCVARCache
[2018.10.21-13.18.21:333][  0]LogAIModule: Creating AISystem for world Untitled
[2018.10.21-13.18.21:491][  0]LogInit: XAudio2 using 'Speakers (Realtek High Definition Audio)' : 2 channels at 48 kHz using 32 bits per sample (channel mask 0x3)
[2018.10.21-13.18.21:537][  0]LogInit: FAudioDevice initialized.
[2018.10.21-13.18.21:538][  0]LogNetVersion: Set ProjectVersion to 1.0.0.0. Version Checksum will be recalculated on next use.
[2018.10.21-13.18.22:244][  0]LogDerivedDataCache: Saved boot cache 0.71s 71MB C:/Users/asus/AppData/Local/UnrealEngine/4.20/DerivedDataCache/Boot.ddc.
[2018.10.21-13.18.22:259][  0]LogInit: Texture streaming: Enabled
[2018.10.21-13.18.22:583][  0]LogEngineSessionManager: EngineSessionManager initialized
[2018.10.21-13.18.22:730][  0]LogInit: Transaction tracking system initialized
[2018.10.21-13.18.23:351][  0]BlueprintLog: New page: Editor Load
[2018.10.21-13.18.25:452][  0]LocalizationService: Localization service is disabled
[2018.10.21-13.18.30:743][  0]LogFileCache: Scanning file cache for directory 'C:/Users/asus/Desktop/Masters_Game/Content/' took 0.09s
[2018.10.21-13.18.30:743][  0]LogCook: Display: Max memory allowance for cook 16384mb min free memory 0mb
[2018.10.21-13.18.30:746][  0]LogCook: Display: Mobile HDR setting 1
[2018.10.21-13.18.30:815][  0]LogGameplayTags: Display: UGameplayTagsManager::DoneAddingNativeTags. DelegateIsBound: 0
[2018.10.21-13.18.30:815][  0]LogStats: UGameplayTagsManager::ConstructGameplayTagTree: ImportINI prefixes -  0.000 s
[2018.10.21-13.18.30:815][  0]LogStats: UGameplayTagsManager::ConstructGameplayTagTree: Construct from data asset -  0.000 s
[2018.10.21-13.18.30:815][  0]LogStats: UGameplayTagsManager::ConstructGameplayTagTree: ImportINI -  0.000 s
[2018.10.21-13.18.30:815][  0]LogStats: UGameplayTagsManager::ConstructGameplayTagTree: GameplayTagTreeChangedEvent.Broadcast -  0.000 s
[2018.10.21-13.18.36:940][  0]SourceControl: Source control is disabled
[2018.10.21-13.18.36:978][  0]Cmd: MAP LOAD FILE="../../../../../../Users/asus/Desktop/Masters_Game/Content/ThirdPersonBP/Maps/ThirdPersonExampleMap.umap" TEMPLATE=0 SHOWPROGRESS=1 FEATURELEVEL=3
[2018.10.21-13.18.37:070][  0]LightingResults: New page: Lighting Build
[2018.10.21-13.18.37:279][  0]MapCheck: New page: Map Check
[2018.10.21-13.18.37:279][  0]LightingResults: New page: Lighting Build
[2018.10.21-13.18.41:654][  0]LogAIModule: Creating AISystem for world ThirdPersonExampleMap
[2018.10.21-13.18.42:592][  0]LogEditorServer: Finished looking for orphan Actors (0.000 secs)
[2018.10.21-13.18.42:741][  0]Cmd: MAP CHECKDEP NOCLEARLOG
[2018.10.21-13.18.42:814][  0]MapCheck: Map check complete: 0 Error(s), 0 Warning(s), took 72.943ms to complete.
[2018.10.21-13.18.42:814][  0]LogFileHelpers: Loading map 'ThirdPersonExampleMap' took 5.858
[2018.10.21-13.18.44:310][  0]LogSlate: Updating window title bar state: overlay mode, drag disabled, window buttons hidden, title bar hidden
[2018.10.21-13.18.44:353][  0]LogSlate: Updating window title bar state: overlay mode, drag disabled, window buttons hidden, title bar hidden
[2018.10.21-13.18.44:360][  0]LogSlate: Updating window title bar state: overlay mode, drag disabled, window buttons hidden, title bar hidden
[2018.10.21-13.18.44:368][  0]LogSlate: Updating window title bar state: overlay mode, drag disabled, window buttons hidden, title bar hidden
[2018.10.21-13.18.44:513][  0]LogCollectionManager: Loaded 0 collections in 0.001619 seconds
[2018.10.21-13.18.44:694][  0]LogFileCache: Scanning file cache for directory 'C:/Users/asus/Desktop/Masters_Game/Saved/Collections/' took 0.02s
[2018.10.21-13.18.44:694][  0]LogFileCache: Scanning file cache for directory 'C:/Users/asus/Desktop/Masters_Game/Content/Developers/asus/Collections/' took 0.02s
[2018.10.21-13.18.44:694][  0]LogFileCache: Scanning file cache for directory 'C:/Users/asus/Desktop/Masters_Game/Content/Collections/' took 0.01s
[2018.10.21-13.18.44:694][  0]LogCollectionManager: Rebuilt the GUID cache for 0 collections in 0.000001 seconds
[2018.10.21-13.18.44:705][  0]LogContentBrowser: Native class hierarchy populated in 0.0103 seconds. Added 2572 classes and 603 folders.
[2018.10.21-13.18.44:776][  0]LogContentBrowser: Native class hierarchy updated for 'WidgetCarousel' in 0.0002 seconds. Added 0 classes and 0 folders.
[2018.10.21-13.18.47:290][  0]LogContentBrowser: Native class hierarchy updated for 'AddContentDialog' in 0.0002 seconds. Added 0 classes and 0 folders.
[2018.10.21-13.18.47:334][  0]LogContentBrowser: Native class hierarchy updated for 'SceneOutliner' in 0.0006 seconds. Added 1 classes and 2 folders.
[2018.10.21-13.18.48:622][  0]LogSlate: Took 0.028389 seconds to synchronously load lazily loaded font '../../../Engine/Content/Slate/Fonts/Roboto-Regular.ttf' (155K)
[2018.10.21-13.18.48:677][  0]LogSlate: Took 0.053617 seconds to synchronously load lazily loaded font '../../../Engine/Content/Slate/Fonts/Roboto-Bold.ttf' (160K)
[2018.10.21-13.18.48:699][  0]LogSlate: Took 0.016951 seconds to synchronously load lazily loaded font '../../../Engine/Content/Editor/Slate/Fonts/FontAwesome.ttf' (139K)
[2018.10.21-13.18.49:260][  0]LogRenderer: Reallocating scene render targets to support 1208x576 Format 9 NumSamples 1 (Frame:1).
[2018.10.21-13.18.50:008][  0]LogContentBrowser: Native class hierarchy updated for 'HierarchicalLODOutliner' in 0.0002 seconds. Added 0 classes and 0 folders.
[2018.10.21-13.18.50:009][  0]LogLoad: (Engine Initialization) Total time: 144.47 seconds
[2018.10.21-13.18.50:009][  0]LogLoad: (Engine Initialization) Total Blueprint compile time: 0.00 seconds
[2018.10.21-13.18.50:221][  0]LogContentStreaming: Texture pool size now 800 MB
[2018.10.21-13.18.50:517][  0]LogSlate: Took 0.036540 seconds to synchronously load lazily loaded font '../../../Engine/Content/Slate/Fonts/Roboto-Light.ttf' (167K)
[2018.10.21-13.18.50:958][  2]LogAssetRegistry: Asset discovery search completed in 83.8378 seconds
[2018.10.21-13.18.50:960][  2]LogCollectionManager: Rebuilt the object cache for 0 collections in 0.000000 seconds (found 0 objects)
[2018.10.21-13.18.50:960][  2]LogCollectionManager: Fixed up redirectors for 0 collections in 0.000051 seconds (updated 0 objects)
[2018.10.21-13.20.42:236][713]LogEditorViewport: Clicking on Actor (LMB): PlayerStart (NetworkPlayerStart)
[2018.10.21-13.20.44:879][850]LogNavigationPoint: PostEditMove Clear paths rebuilt
[2018.10.21-13.20.47:147][959]LogNavigationPoint: PostEditMove Clear paths rebuilt
[2018.10.21-13.20.47:820][997]LogNavigationPoint: PostEditMove Clear paths rebuilt
[2018.10.21-13.20.49:580][ 88]LogEditorViewport: Clicking on Actor (LMB): PlayerStart (NetworkPlayerStart)
[2018.10.21-13.20.50:648][147]LogSlate: FSceneViewport::OnFocusLost() reason 0
[2018.10.21-13.20.57:325][544]LogEditorViewport: Clicking on Actor (LMB): PlayerStart (NetworkPlayerStart2)
[2018.10.21-13.20.58:223][596]LogSlate: FSceneViewport::OnFocusLost() reason 0
[2018.10.21-13.21.04:150][926]LogSlate: Took 0.000290 seconds to synchronously load lazily loaded font '../../../Engine/Content/Slate/Fonts/Roboto-Light.ttf' (167K)
[2018.10.21-13.21.04:160][926]LogAssetEditorManager: Opening Asset editor for LevelScriptBlueprint /Game/ThirdPersonBP/Maps/ThirdPersonExampleMap.ThirdPersonExampleMap:PersistentLevel.ThirdPersonExampleMap
[2018.10.21-13.21.05:987][926]LogContentBrowser: Native class hierarchy updated for 'BlueprintGraph' in 0.0010 seconds. Added 116 classes and 0 folders.
[2018.10.21-13.21.07:598][926]LogSlate: Took 0.018784 seconds to synchronously load lazily loaded font '../../../Engine/Content/Slate/Fonts/Roboto-BoldCondensed.ttf' (158K)
[2018.10.21-13.21.07:916][927]LogSlate: Took 0.014995 seconds to synchronously load lazily loaded font '../../../Engine/Content/Slate/Fonts/Roboto-Italic.ttf' (157K)
[2018.10.21-13.22.02:554][494]BlueprintLog: New page: Compile ThirdPersonExampleMap
[2018.10.21-13.22.05:417][631]LogAssetEditorManager: Opening Asset editor for Blueprint /Game/TwinStickBP/Blueprints/Long_Range_Character_BP.Long_Range_Character_BP
[2018.10.21-13.22.20:249][413]BlueprintLog: New page: Compile Long_Range_Character_BP
[2018.10.21-13.23.19:873][665]LogSlate: Took 0.053783 seconds to synchronously load lazily loaded font '../../../Engine/Content/Slate/Fonts/Roboto-BoldCondensedItalic.ttf' (160K)
[2018.10.21-13.23.21:728][766]BlueprintLog: New page: Compile Long_Range_Character_BP
[2018.10.21-13.28.50:972][205]LogSavePackage: Moving '../../../../../../Users/asus/Desktop/Masters_Game/Saved/ThirdPersonExampleMap_Auto1819E44904EF9DC15EBCF2296C8FB3555.tmp' to '../../../../../../Users/asus/Desktop/Masters_Game/Saved/Autosaves/Game/ThirdPersonBP/Maps/ThirdPersonExampleMap_Auto1.umap'
[2018.10.21-13.28.51:009][205]LogFileHelpers: Editor autosave (incl. sublevels) for '/Game/ThirdPersonBP/Maps/ThirdPersonExampleMap' took 0.841
[2018.10.21-13.28.51:009][205]LogFileHelpers: Editor autosave (incl. sublevels) for all levels took 0.841
[2018.10.21-13.28.51:013][205]OBJ SavePackage: Generating thumbnails for [1] asset(s) in package [/Game/TwinStickBP/Blueprints/Long_Range_Character_BP] ([1] browsable assets)...
[2018.10.21-13.28.51:055][205]OBJ SavePackage:     Rendered thumbnail for [Blueprint /Game/TwinStickBP/Blueprints/Long_Range_Character_BP.Long_Range_Character_BP]
[2018.10.21-13.28.51:055][205]OBJ SavePackage: Finished generating thumbnails for package [/Game/TwinStickBP/Blueprints/Long_Range_Character_BP]
[2018.10.21-13.28.51:168][205]LogSavePackage: Moving '../../../../../../Users/asus/Desktop/Masters_Game/Saved/Long_Range_Character_BP_Auto1DBC3CEDF4B8E4933A7194691638DE125.tmp' to '../../../../../../Users/asus/Desktop/Masters_Game/Saved/Autosaves/Game/TwinStickBP/Blueprints/Long_Range_Character_BP_Auto1.uasset'
[2018.10.21-13.28.51:169][205]LogFileHelpers: Auto-saving content packages took 0.158
[2018.10.21-14.15.16:745][457]BlueprintLog: New page: Compile Long_Range_Character_BP
[2018.10.21-14.15.20:020][621]LogSavePackage: Moving '../../../../../../Users/asus/Desktop/Masters_Game/Saved/Long_Range_Character_BP0FB2D7DE483692328B266AA3BD7E99FA.tmp' to '../../../../../../Users/asus/Desktop/Masters_Game/Content/TwinStickBP/Blueprints/Long_Range_Character_BP.uasset'
[2018.10.21-14.15.23:791][821]LogSavePackage: Moving '../../../../../../Users/asus/Desktop/Masters_Game/Saved/ThirdPersonExampleMapA92ED67F49A93B20E7045FA1B128A9F1.tmp' to '../../../../../../Users/asus/Desktop/Masters_Game/Content/ThirdPersonBP/Maps/ThirdPersonExampleMap.umap'
[2018.10.21-14.15.24:184][821]LogSavePackage: Moving '../../../../../../Users/asus/Desktop/Masters_Game/Saved/ThirdPersonExampleMap_BuiltData9DA120894991478CF05DDD9861C825D6.tmp' to '../../../../../../Users/asus/Desktop/Masters_Game/Content/ThirdPersonBP/Maps/ThirdPersonExampleMap_BuiltData.uasset'
[2018.10.21-14.15.27:789][998]LogSlate: Window 'Masters_Project - Unreal Editor' being destroyed
[2018.10.21-14.15.27:791][998]LogWindowsTextInputMethodSystem: Display: IME system now deactivated.
[2018.10.21-14.15.28:377][999]Cmd: QUIT_EDITOR
[2018.10.21-14.15.29:260][999]LogExit: Preparing to exit.
[2018.10.21-14.15.31:559][999]LogExit: Editor shut down
[2018.10.21-14.15.31:560][999]LogExit: Transaction tracking system shut down
[2018.10.21-14.15.37:680][999]LogExit: Object subsystem successfully closed.
[2018.10.21-14.15.39:912][999]LogShaderCompilers: Display: Shaders left to compile 0
[2018.10.21-14.15.40:047][999]LogD3D11RHI: Shutdown
[2018.10.21-14.15.40:047][999]LogD3D11RHI: CleanupD3DDevice
[2018.10.21-14.15.40:326][999]LogD3D11RHI: ~FD3D11DynamicRHI
[2018.10.21-14.15.47:502][999]LogModuleManager: Shutting down and abandoning module BlueprintGraph (612)
[2018.10.21-14.15.47:502][999]LogModuleManager: Shutting down and abandoning module HierarchicalLODOutliner (610)
[2018.10.21-14.15.47:502][999]LogModuleManager: Shutting down and abandoning module SceneOutliner (608)
[2018.10.21-14.15.47:502][999]LogModuleManager: Shutting down and abandoning module AddContentDialog (606)
[2018.10.21-14.15.47:535][999]LogModuleManager: Shutting down and abandoning module WidgetCarousel (605)
[2018.10.21-14.15.47:535][999]LogModuleManager: Shutting down and abandoning module EditorWidgets (602)
[2018.10.21-14.15.47:535][999]LogModuleManager: Shutting down and abandoning module CollectionManager (600)
[2018.10.21-14.15.47:565][999]LogModuleManager: Shutting down and abandoning module StatsViewer (598)
[2018.10.21-14.15.47:612][999]LogModuleManager: Shutting down and abandoning module FoliageEdit (596)
[2018.10.21-14.15.47:658][999]LogModuleManager: Shutting down and abandoning module LandscapeEditor (594)
[2018.10.21-14.15.47:791][999]LogModuleManager: Shutting down and abandoning module MeshPaintMode (592)
[2018.10.21-14.15.47:833][999]LogModuleManager: Shutting down and abandoning module SceneDepthPickerMode (590)
[2018.10.21-14.15.47:833][999]LogModuleManager: Shutting down and abandoning module ActorPickerMode (588)
[2018.10.21-14.15.47:833][999]LogModuleManager: Shutting down and abandoning module GeometryMode (586)
[2018.10.21-14.15.47:833][999]LogModuleManager: Shutting down and abandoning module TextureAlignMode (584)
[2018.10.21-14.15.47:833][999]LogModuleManager: Shutting down and abandoning module BspMode (582)
[2018.10.21-14.15.47:833][999]LogModuleManager: Shutting down and abandoning module PIEPreviewDeviceProfileSelector (580)
[2018.10.21-14.15.47:933][999]LogModuleManager: Shutting down and abandoning module SequenceRecorderSections (578)
[2018.10.21-14.15.47:976][999]LogModuleManager: Shutting down and abandoning module AutomationWorker (576)
[2018.10.21-14.15.47:976][999]LogModuleManager: Shutting down and abandoning module AudioCaptureEditor (574)
[2018.10.21-14.15.47:976][999]LogModuleManager: Shutting down and abandoning module SequenceRecorder (573)
[2018.10.21-14.15.48:026][999]LogModuleManager: Shutting down and abandoning module MatineeToLevelSequence (570)
[2018.10.21-14.15.48:037][999]LogModuleManager: Shutting down and abandoning module LevelSequenceEditor (568)
[2018.10.21-14.15.48:081][999]LogModuleManager: Shutting down and abandoning module PlacementMode (567)
[2018.10.21-14.15.48:081][999]LogModuleManager: Shutting down and abandoning module MaterialEditor (566)
[2018.10.21-14.15.48:237][999]LogModuleManager: Shutting down and abandoning module WmfMediaFactory (562)
[2018.10.21-14.15.48:237][999]LogModuleManager: Shutting down and abandoning module WmfMediaEditor (560)
[2018.10.21-14.15.48:237][999]LogModuleManager: Shutting down and abandoning module MediaPlayerEditor (558)
[2018.10.21-14.15.48:329][999]LogModuleManager: Shutting down and abandoning module OpenExrWrapper (556)
[2018.10.21-14.15.48:329][999]LogModuleManager: Shutting down and abandoning module ImgMediaFactory (554)
[2018.10.21-14.15.48:329][999]LogModuleManager: Shutting down and abandoning module ImgMediaEditor (552)
[2018.10.21-14.15.48:329][999]LogModuleManager: Shutting down and abandoning module AvfMediaFactory (550)
[2018.10.21-14.15.48:330][999]LogModuleManager: Shutting down and abandoning module AvfMediaEditor (548)
[2018.10.21-14.15.48:330][999]LogModuleManager: Shutting down and abandoning module AndroidMediaFactory (546)
[2018.10.21-14.15.48:330][999]LogModuleManager: Shutting down and abandoning module AndroidMediaEditor (544)
[2018.10.21-14.15.48:330][999]LogModuleManager: Shutting down and abandoning module MagicLeapCameraPreviewFactory (542)
[2018.10.21-14.15.48:330][999]LogModuleManager: Shutting down and abandoning module MagicLeapMediaFactory (540)
[2018.10.21-14.15.48:330][999]LogModuleManager: Shutting down and abandoning module MagicLeapMediaEditor (538)
[2018.10.21-14.15.48:330][999]LogModuleManager: Shutting down and abandoning module CharacterAI (536)
[2018.10.21-14.15.48:330][999]LogModuleManager: Shutting down and abandoning module SmartSnapping (534)
[2018.10.21-14.15.48:330][999]LogModuleManager: Shutting down and abandoning module SessionServices (532)
[2018.10.21-14.15.48:330][999]LogModuleManager: Shutting down and abandoning module ViewportSnapping (530)
[2018.10.21-14.15.48:330][999]LogModuleManager: Shutting down and abandoning module ViewportInteraction (528)
[2018.10.21-14.15.48:330][999]LogModuleManager: Shutting down and abandoning module ClothPainter (526)
[2018.10.21-14.15.48:382][999]LogModuleManager: Shutting down and abandoning module SkeletalMeshEditor (525)
[2018.10.21-14.15.48:481][999]LogModuleManager: Shutting down and abandoning module LogVisualizer (522)
[2018.10.21-14.15.48:644][999]LogModuleManager: Shutting down and abandoning module IntroTutorials (520)
[2018.10.21-14.15.48:749][999]LogModuleManager: Shutting down and abandoning module GameProjectGeneration (519)
[2018.10.21-14.15.48:800][999]LogModuleManager: Shutting down and abandoning module LuminPlatformEditor (516)
[2018.10.21-14.15.48:800][999]LogModuleManager: Shutting down and abandoning module IOSPlatformEditor (514)
[2018.10.21-14.15.48:816][999]LogModuleManager: Shutting down and abandoning module HTML5PlatformEditor (512)
[2018.10.21-14.15.48:816][999]LogModuleManager: Shutting down and abandoning module AndroidPlatformEditor (510)
[2018.10.21-14.15.48:816][999]LogModuleManager: Shutting down and abandoning module AndroidDeviceDetection (509)
[2018.10.21-14.15.49:909][999]LogModuleManager: Shutting down and abandoning module WindowsPlatformEditor (506)
[2018.10.21-14.15.49:909][999]LogModuleManager: Shutting down and abandoning module LuminRuntimeSettings (504)
[2018.10.21-14.15.49:909][999]LogModuleManager: Shutting down and abandoning module IOSRuntimeSettings (502)
[2018.10.21-14.15.49:909][999]LogModuleManager: Shutting down and abandoning module AndroidRuntimeSettings (500)
[2018.10.21-14.15.49:909][999]LogModuleManager: Shutting down and abandoning module InputBindingEditor (498)
[2018.10.21-14.15.49:948][999]LogModuleManager: Shutting down and abandoning module MergeActors (496)
[2018.10.21-14.15.49:997][999]LogModuleManager: Shutting down and abandoning module LocalizationDashboard (494)
[2018.10.21-14.15.50:046][999]LogModuleManager: Shutting down and abandoning module LocalizationService (493)
[2018.10.21-14.15.50:094][999]LogModuleManager: Shutting down and abandoning module HardwareTargeting (490)
[2018.10.21-14.15.50:094][999]LogModuleManager: Shutting down and abandoning module DeviceProfileEditor (488)
[2018.10.21-14.15.50:094][999]LogModuleManager: Shutting down and abandoning module UndoHistory (486)
[2018.10.21-14.15.50:104][999]LogModuleManager: Shutting down and abandoning module XmlParser (484)
[2018.10.21-14.15.50:104][999]LogModuleManager: Shutting down and abandoning module Blutility (482)
[2018.10.21-14.15.50:145][999]LogModuleManager: Shutting down and abandoning module ProjectSettingsViewer (480)
[2018.10.21-14.15.50:146][999]LogModuleManager: Shutting down and abandoning module ProjectTargetPlatformEditor (479)
[2018.10.21-14.15.50:146][999]LogModuleManager: Shutting down and abandoning module EditorSettingsViewer (476)
[2018.10.21-14.15.50:146][999]LogModuleManager: Shutting down and abandoning module SettingsEditor (474)
[2018.10.21-14.15.50:283][999]LogModuleManager: Shutting down and abandoning module ProjectLauncher (472)
[2018.10.21-14.15.50:365][999]LogModuleManager: Shutting down and abandoning module SessionFrontend (470)
[2018.10.21-14.15.50:411][999]LogModuleManager: Shutting down and abandoning module ProfilerClient (468)
[2018.10.21-14.15.50:422][999]LogModuleManager: Shutting down and abandoning module DeviceManager (466)
[2018.10.21-14.15.50:431][999]LogModuleManager: Shutting down and abandoning module TargetDeviceServices (465)
[2018.10.21-14.15.50:504][999]LogModuleManager: Shutting down and abandoning module AutomationController (462)
[2018.10.21-14.15.50:573][999]LogModuleManager: Shutting down and abandoning module AutomationWindow (460)
[2018.10.21-14.15.50:595][999]LogModuleManager: Shutting down and abandoning module Layers (458)
[2018.10.21-14.15.50:739][999]LogModuleManager: Shutting down and abandoning module ComponentVisualizers (456)
[2018.10.21-14.15.50:739][999]LogModuleManager: Shutting down and abandoning module DetailCustomizations (454)
[2018.10.21-14.15.50:757][999]LogModuleManager: Shutting down and abandoning module PackagesDialog (452)
[2018.10.21-14.15.50:757][999]LogModuleManager: Shutting down and abandoning module Persona (450)
[2018.10.21-14.15.50:820][999]LogModuleManager: Shutting down and abandoning module AdvancedPreviewScene (449)
[2018.10.21-14.15.50:821][999]LogModuleManager: Shutting down and abandoning module AnimGraph (447)
[2018.10.21-14.15.50:858][999]LogModuleManager: Shutting down and abandoning module Kismet (444)
[2018.10.21-14.15.50:862][999]LogModuleManager: Shutting down and abandoning module GraphEditor (442)
[2018.10.21-14.15.50:862][999]LogModuleManager: Shutting down and abandoning module ClassViewer (440)
[2018.10.21-14.15.50:864][999]LogModuleManager: Shutting down and abandoning module Toolbox (438)
[2018.10.21-14.15.50:864][999]LogModuleManager: Shutting down and abandoning module ModuleUI (436)
[2018.10.21-14.15.50:896][999]LogModuleManager: Shutting down and abandoning module MovieSceneTools (434)
[2018.10.21-14.15.50:950][999]LogModuleManager: Shutting down and abandoning module OutputLog (432)
[2018.10.21-14.15.50:950][999]LogModuleManager: Shutting down and abandoning module GammaUI (430)
[2018.10.21-14.15.50:986][999]LogModuleManager: Shutting down and abandoning module Documentation (428)
[2018.10.21-14.15.50:986][999]LogModuleManager: Shutting down and abandoning module MovieSceneTracks (426)
[2018.10.21-14.15.50:986][999]LogModuleManager: Shutting down and abandoning module MovieScene (424)
[2018.10.21-14.15.51:003][999]LogModuleManager: Shutting down and abandoning module StreamingPauseRendering (422)
[2018.10.21-14.15.51:026][999]LogModuleManager: Shutting down and abandoning module LauncherPlatform (420)
[2018.10.21-14.15.51:026][999]LogModuleManager: Shutting down and abandoning module AnalyticsET (418)
[2018.10.21-14.15.51:026][999]LogModuleManager: Shutting down and abandoning module PortalServices (416)
[2018.10.21-14.15.51:026][999]LogModuleManager: Shutting down and abandoning module PortalRpc (414)
[2018.10.21-14.15.51:026][999]LogModuleManager: Shutting down and abandoning module MessagingRpc (412)
[2018.10.21-14.15.51:026][999]LogModuleManager: Shutting down and abandoning module AIModule (410)
[2018.10.21-14.15.51:084][999]LogModuleManager: Shutting down and abandoning module GameplayDebugger (409)
[2018.10.21-14.15.51:092][999]LogModuleManager: Shutting down and abandoning module AITestSuite (407)
[2018.10.21-14.15.51:125][999]LogModuleManager: Shutting down and abandoning module NavigationSystem (405)
[2018.10.21-14.15.51:125][999]LogModuleManager: Shutting down and abandoning module DesktopPlatform (402)
[2018.10.21-14.15.51:125][999]LogModuleManager: Shutting down and abandoning module ProfilerService (400)
[2018.10.21-14.15.51:237][999]LogModuleManager: Shutting down and abandoning module TaskGraph (398)
[2018.10.21-14.15.51:287][999]LogModuleManager: Shutting down and abandoning module SteamVRController (396)
[2018.10.21-14.15.51:288][999]LogModuleManager: Shutting down and abandoning module ProceduralMeshComponentEditor (394)
[2018.10.21-14.15.51:288][999]LogModuleManager: Shutting down and abandoning module ProceduralMeshComponent (392)
[2018.10.21-14.15.51:305][999]LogModuleManager: Shutting down and abandoning module OculusInput (390)
[2018.10.21-14.15.51:306][999]LogModuleManager: Shutting down and abandoning module MobilePatchingUtils (388)
[2018.10.21-14.15.51:306][999]LogModuleManager: Shutting down and abandoning module EditableMesh (386)
[2018.10.21-14.15.51:329][999]LogModuleManager: Shutting down and abandoning module CustomMeshComponent (384)
[2018.10.21-14.15.51:329][999]LogModuleManager: Shutting down and abandoning module CableComponent (382)
[2018.10.21-14.15.51:329][999]LogModuleManager: Shutting down and abandoning module AudioCapture (380)
[2018.10.21-14.15.51:329][999]LogModuleManager: Shutting down and abandoning module ArchVisCharacter (378)
[2018.10.21-14.15.51:329][999]LogModuleManager: Shutting down and abandoning module AndroidPermission (376)
[2018.10.21-14.15.51:329][999]LogModuleManager: Shutting down and abandoning module NUTUnrealEngine4 (374)
[2018.10.21-14.15.51:329][999]LogModuleManager: Shutting down and abandoning module NetcodeUnitTest (372)
[2018.10.21-14.15.51:388][999]LogModuleManager: Shutting down and abandoning module MediaCompositingEditor (370)
[2018.10.21-14.15.51:388][999]LogModuleManager: Shutting down and abandoning module MediaCompositing (368)
[2018.10.21-14.15.51:388][999]LogModuleManager: Shutting down and abandoning module LinearTimecode (366)
[2018.10.21-14.15.51:388][999]LogModuleManager: Shutting down and abandoning module ImgMedia (364)
[2018.10.21-14.15.51:411][999]LogModuleManager: Shutting down and abandoning module HTML5Networking (362)
[2018.10.21-14.15.51:411][999]LogModuleManager: Shutting down and abandoning module GeometryCacheTracks (360)
[2018.10.21-14.15.51:412][999]LogModuleManager: Shutting down and abandoning module GeometryCacheSequencer (358)
[2018.10.21-14.15.51:412][999]LogModuleManager: Shutting down and abandoning module BackChannel (356)
[2018.10.21-14.15.51:435][999]LogModuleManager: Shutting down and abandoning module AppleVision (354)
[2018.10.21-14.15.51:435][999]LogModuleManager: Shutting down and abandoning module AppleImageUtils (352)
[2018.10.21-14.15.51:435][999]LogModuleManager: Shutting down and abandoning module AlembicImporter (350)
[2018.10.21-14.15.51:435][999]LogModuleManager: Shutting down and abandoning module AlembicLibrary (349)
[2018.10.21-14.15.51:435][999]LogModuleManager: Shutting down and abandoning module GeometryCache (348)
[2018.10.21-14.15.51:435][999]LogModuleManager: Shutting down and abandoning module GeometryCacheEd (347)
[2018.10.21-14.15.51:435][999]LogModuleManager: Shutting down and abandoning module DatasmithContentEditor (342)
[2018.10.21-14.15.51:443][999]LogModuleManager: Shutting down and abandoning module DatasmithContent (340)
[2018.10.21-14.15.51:444][999]LogModuleManager: Shutting down and abandoning module SpeedTreeImporter (338)
[2018.10.21-14.15.51:444][999]LogModuleManager: Shutting down and abandoning module PluginBrowser (336)
[2018.10.21-14.15.51:494][999]LogModuleManager: Shutting down and abandoning module MobileLauncherProfileWizard (334)
[2018.10.21-14.15.51:509][999]LogModuleManager: Shutting down and abandoning module PolygonModeling (332)
[2018.10.21-14.15.51:509][999]LogModuleManager: Shutting down and abandoning module MeshEditor (330)
[2018.10.21-14.15.51:528][999]LogModuleManager: Shutting down and abandoning module CryptoKeysOpenSSL (328)
[2018.10.21-14.15.51:546][999]LogModuleManager: Shutting down and abandoning module CryptoKeys (326)
[2018.10.21-14.15.51:546][999]LogModuleManager: Shutting down and abandoning module VisualStudioSourceCodeAccess (324)
[2018.10.21-14.15.51:546][999]LogModuleManager: Shutting down and abandoning module VisualStudioCodeSourceCodeAccess (322)
[2018.10.21-14.15.51:546][999]LogModuleManager: Shutting down and abandoning module UObjectPlugin (320)
[2018.10.21-14.15.51:546][999]LogModuleManager: Shutting down and abandoning module SubversionSourceControl (318)
[2018.10.21-14.15.51:590][999]LogModuleManager: Shutting down and abandoning module PerforceSourceControl (316)
[2018.10.21-14.15.51:629][999]LogModuleManager: Shutting down and abandoning module GitSourceControl (314)
[2018.10.21-14.15.51:670][999]LogModuleManager: Shutting down and abandoning module SourceControl (313)
[2018.10.21-14.15.51:692][999]LogModuleManager: Shutting down and abandoning module CLionSourceCodeAccess (310)
[2018.10.21-14.15.51:692][999]LogModuleManager: Shutting down and abandoning module LightPropagationVolumeEditor (308)
[2018.10.21-14.15.51:692][999]LogModuleManager: Shutting down and abandoning module PaperTiledImporter (306)
[2018.10.21-14.15.51:692][999]LogModuleManager: Shutting down and abandoning module PaperSpriteSheetImporter (304)
[2018.10.21-14.15.51:692][999]LogModuleManager: Shutting down and abandoning module Paper2DEditor (302)
[2018.10.21-14.15.51:763][999]LogModuleManager: Shutting down and abandoning module MeshPaint (301)
[2018.10.21-14.15.51:793][999]LogModuleManager: Shutting down and abandoning module RuntimePhysXCooking (298)
[2018.10.21-14.15.51:793][999]LogModuleManager: Shutting down and abandoning module PhysXVehiclesEditor (296)
[2018.10.21-14.15.51:793][999]LogModuleManager: Shutting down and abandoning module PhysXVehicles (294)
[2018.10.21-14.15.51:793][999]LogModuleManager: Shutting down and abandoning module OculusEditor (292)
[2018.10.21-14.15.51:811][999]LogModuleManager: Shutting down and abandoning module LocationServicesBPLibrary (290)
[2018.10.21-14.15.51:811][999]LogModuleManager: Shutting down and abandoning module ImmediatePhysicsEditor (288)
[2018.10.21-14.15.51:811][999]LogModuleManager: Shutting down and abandoning module ImmediatePhysics (286)
[2018.10.21-14.15.51:855][999]LogModuleManager: Shutting down and abandoning module ActorSequence (284)
[2018.10.21-14.15.51:856][999]LogModuleManager: Shutting down and abandoning module UdpMessaging (282)
[2018.10.21-14.15.51:957][999]LogModuleManager: Shutting down and abandoning module TcpMessaging (280)
[2018.10.21-14.15.52:068][999]LogModuleManager: Shutting down and abandoning module MagicLeapAudio (278)
[2018.10.21-14.15.52:068][999]LogModuleManager: Shutting down and abandoning module GameplayTagsEditor (276)
[2018.10.21-14.15.52:237][999]LogModuleManager: Shutting down and abandoning module FacialAnimationEditor (274)
[2018.10.21-14.15.52:237][999]LogModuleManager: Shutting down and abandoning module FacialAnimation (272)
[2018.10.21-14.15.52:237][999]LogModuleManager: Shutting down and abandoning module DataValidation (270)
[2018.10.21-14.15.52:237][999]LogModuleManager: Shutting down and abandoning module AssetManagerEditor (268)
[2018.10.21-14.15.52:323][999]LogModuleManager: Shutting down and abandoning module LevelEditor (267)
[2018.10.21-14.15.52:355][999]LogModuleManager: Shutting down and abandoning module PixelInspectorModule (266)
[2018.10.21-14.15.52:376][999]LogModuleManager: Shutting down and abandoning module CommonMenuExtensions (264)
[2018.10.21-14.15.52:377][999]LogModuleManager: Shutting down and abandoning module MainFrame (262)
[2018.10.21-14.15.52:388][999]LogModuleManager: Shutting down and abandoning module HotReload (261)
[2018.10.21-14.15.52:403][999]LogModuleManager: Shutting down and abandoning module ContentBrowser (257)
[2018.10.21-14.15.52:405][999]LogModuleManager: Shutting down and abandoning module TreeMap (255)
[2018.10.21-14.15.52:413][999]LogModuleManager: Shutting down and abandoning module LightPropagationVolumeRuntime (252)
[2018.10.21-14.15.52:413][999]LogModuleManager: Shutting down and abandoning module AISupportModule (250)
[2018.10.21-14.15.52:413][999]LogModuleManager: Shutting down and abandoning module Paper2D (248)
[2018.10.21-14.15.52:421][999]LogModuleManager: Shutting down and abandoning module WindowsMoviePlayer (246)
[2018.10.21-14.15.52:484][999]LogModuleManager: Shutting down and abandoning module WmfMedia (244)
[2018.10.21-14.15.52:506][999]LogModuleManager: Shutting down and abandoning module Media (243)
[2018.10.21-14.15.52:512][999]LogModuleManager: Shutting down and abandoning module PacketHandler (240)
[2018.10.21-14.15.52:512][999]LogModuleManager: Shutting down and abandoning module ClothingSystemEditor (238)
[2018.10.21-14.15.52:512][999]LogModuleManager: Shutting down and abandoning module ClothingSystemRuntime (236)
[2018.10.21-14.15.52:536][999]LogModuleManager: Shutting down and abandoning module MediaAssets (234)
[2018.10.21-14.15.52:536][999]LogModuleManager: Shutting down and abandoning module Overlay (232)
[2018.10.21-14.15.52:536][999]LogModuleManager: Shutting down and abandoning module OverlayEditor (231)
[2018.10.21-14.15.52:536][999]LogModuleManager: Shutting down and abandoning module VREditor (228)
[2018.10.21-14.15.52:586][999]LogModuleManager: Shutting down and abandoning module StringTableEditor (226)
[2018.10.21-14.15.52:789][999]LogModuleManager: Shutting down and abandoning module GameplayTasksEditor (224)
[2018.10.21-14.15.52:789][999]LogModuleManager: Shutting down and abandoning module BehaviorTreeEditor (222)
[2018.10.21-14.15.52:844][999]LogModuleManager: Shutting down and abandoning module FunctionalTesting (220)
[2018.10.21-14.15.52:887][999]LogModuleManager: Shutting down and abandoning module CollisionAnalyzer (218)
[2018.10.21-14.15.52:943][999]LogModuleManager: Shutting down and abandoning module WorkspaceMenuStructure (217)
[2018.10.21-14.15.52:943][999]LogModuleManager: Shutting down and abandoning module UMG (214)
[2018.10.21-14.15.52:970][999]LogModuleManager: Shutting down and abandoning module UMGEditor (213)
[2018.10.21-14.15.53:038][999]LogModuleManager: Shutting down and abandoning module Sequencer (212)
[2018.10.21-14.15.53:135][999]LogModuleManager: Shutting down and abandoning module MessageLog (209)
[2018.10.21-14.15.53:135][999]LogModuleManager: Shutting down and abandoning module SlateReflector (204)
[2018.10.21-14.15.53:256][999]LogModuleManager: Shutting down and abandoning module Slate (202)
[2018.10.21-14.15.53:256][999]LogModuleManager: Shutting down and abandoning module EditorStyle (200)
[2018.10.21-14.15.53:258][999]LogModuleManager: Shutting down and abandoning module MRMesh (198)
[2018.10.21-14.15.53:289][999]LogModuleManager: Shutting down and abandoning module SourceCodeAccess (196)
[2018.10.21-14.15.53:289][999]LogModuleManager: Shutting down and abandoning module HeadMountedDisplay (194)
[2018.10.21-14.15.53:289][999]LogModuleManager: Shutting down and abandoning module XAudio2 (192)
[2018.10.21-14.15.53:289][999]LogModuleManager: Shutting down and abandoning module Networking (190)
[2018.10.21-14.15.53:289][999]LogModuleManager: Shutting down and abandoning module Core (188)
[2018.10.21-14.15.53:289][999]LogModuleManager: Shutting down and abandoning module LevelSequence (186)
[2018.10.21-14.15.53:289][999]LogModuleManager: Shutting down and abandoning module KismetCompiler (184)
[2018.10.21-14.15.53:289][999]LogModuleManager: Shutting down and abandoning module MeshUtilities (182)
[2018.10.21-14.15.53:305][999]LogModuleManager: Shutting down and abandoning module MeshMergeUtilities (181)
[2018.10.21-14.15.53:387][999]LogModuleManager: Shutting down and abandoning module MeshReductionInterface (180)
[2018.10.21-14.15.53:387][999]LogModuleManager: Shutting down and abandoning module SimplygonSwarm (179)
[2018.10.21-14.15.53:400][999]LogModuleManager: Shutting down and abandoning module ProxyLODMeshReduction (177)
[2018.10.21-14.15.53:416][999]LogModuleManager: Shutting down and abandoning module SimplygonMeshReduction (175)
[2018.10.21-14.15.53:416][999]LogModuleManager: Shutting down and abandoning module QuadricMeshReduction (173)
[2018.10.21-14.15.53:446][999]LogModuleManager: Shutting down and abandoning module MaterialBaking (169)
[2018.10.21-14.15.53:467][999]LogModuleManager: Shutting down and abandoning module DirectoryWatcher (165)
[2018.10.21-14.15.53:468][999]LogModuleManager: Shutting down and abandoning module DerivedDataCache (162)
[2018.10.21-14.15.53:568][999]LogDerivedDataCache: Shutdown
[2018.10.21-14.15.53:568][999]LogModuleManager: Shutting down and abandoning module XGEController (160)
[2018.10.21-14.15.53:568][999]LogXGEController: Cleaning working directory: C:/Users/asus/AppData/Local/Temp/UnrealXGEWorkingDir/
[2018.10.21-14.15.53:609][999]LogModuleManager: Shutting down and abandoning module TargetPlatform (158)
[2018.10.21-14.15.53:609][999]LogModuleManager: Shutting down and abandoning module VulkanShaderFormat (157)
[2018.10.21-14.15.53:628][999]LogModuleManager: Shutting down and abandoning module ShaderFormatVectorVM (155)
[2018.10.21-14.15.53:652][999]LogModuleManager: Shutting down and abandoning module ShaderFormatOpenGL (153)
[2018.10.21-14.15.53:672][999]LogModuleManager: Shutting down and abandoning module ShaderFormatD3D (151)
[2018.10.21-14.15.53:672][999]LogModuleManager: Shutting down and abandoning module MetalShaderFormat (149)
[2018.10.21-14.15.53:697][999]LogModuleManager: Shutting down and abandoning module TextureFormatUncompressed (147)
[2018.10.21-14.15.53:697][999]LogModuleManager: Shutting down and abandoning module TextureFormatPVR (145)
[2018.10.21-14.15.53:697][999]LogModuleManager: Shutting down and abandoning module TextureFormatDXT (143)
[2018.10.21-14.15.53:706][999]LogModuleManager: Shutting down and abandoning module TextureFormatIntelISPCTexComp (141)
[2018.10.21-14.15.53:731][999]LogModuleManager: Shutting down and abandoning module TextureFormatASTC (139)
[2018.10.21-14.15.53:731][999]LogModuleManager: Shutting down and abandoning module ImageWrapper (138)
[2018.10.21-14.15.53:731][999]LogModuleManager: Shutting down and abandoning module TextureFormatAndroid (135)
[2018.10.21-14.15.53:731][999]LogModuleManager: Shutting down and abandoning module AudioFormatOpus (133)
[2018.10.21-14.15.53:731][999]LogModuleManager: Shutting down and abandoning module AudioFormatOgg (131)
[2018.10.21-14.15.53:731][999]LogModuleManager: Shutting down and abandoning module AudioFormatADPCM (129)
[2018.10.21-14.15.53:731][999]LogModuleManager: Shutting down and abandoning module LuminTargetPlatform (127)
[2018.10.21-14.15.53:731][999]LogModuleManager: Shutting down and abandoning module LinuxTargetPlatform (125)
[2018.10.21-14.15.53:731][999]LogModuleManager: Shutting down and abandoning module LinuxServerTargetPlatform (123)
[2018.10.21-14.15.53:731][999]LogModuleManager: Shutting down and abandoning module LinuxNoEditorTargetPlatform (121)
[2018.10.21-14.15.53:740][999]LogModuleManager: Shutting down and abandoning module LinuxClientTargetPlatform (119)
[2018.10.21-14.15.53:758][999]LogModuleManager: Shutting down and abandoning module TVOSTargetPlatform (117)
[2018.10.21-14.15.53:769][999]LogModuleManager: Shutting down and abandoning module Messaging (115)
[2018.10.21-14.15.53:769][999]LogModuleManager: Shutting down and abandoning module IOSTargetPlatform (113)
[2018.10.21-14.15.53:774][999]LogModuleManager: Shutting down and abandoning module HTML5TargetPlatform (111)
[2018.10.21-14.15.53:774][999]LogModuleManager: Shutting down and abandoning module AndroidTargetPlatform (109)
[2018.10.21-14.15.53:822][999]LogModuleManager: Shutting down and abandoning module WindowsTargetPlatform (107)
[2018.10.21-14.15.53:823][999]LogModuleManager: Shutting down and abandoning module WindowsServerTargetPlatform (105)
[2018.10.21-14.15.53:823][999]LogModuleManager: Shutting down and abandoning module WindowsNoEditorTargetPlatform (103)
[2018.10.21-14.15.53:823][999]LogModuleManager: Shutting down and abandoning module WindowsClientTargetPlatform (101)
[2018.10.21-14.15.53:823][999]LogModuleManager: Shutting down and abandoning module MacTargetPlatform (99)
[2018.10.21-14.15.53:823][999]LogModuleManager: Shutting down and abandoning module MacServerTargetPlatform (97)
[2018.10.21-14.15.53:823][999]LogModuleManager: Shutting down and abandoning module MacNoEditorTargetPlatform (95)
[2018.10.21-14.15.53:823][999]LogModuleManager: Shutting down and abandoning module MacClientTargetPlatform (93)
[2018.10.21-14.15.53:823][999]LogModuleManager: Shutting down and abandoning module AllDesktopTargetPlatform (91)
[2018.10.21-14.15.53:823][999]LogModuleManager: Shutting down and abandoning module InputCore (88)
[2018.10.21-14.15.53:823][999]LogModuleManager: Shutting down and abandoning module Settings (86)
[2018.10.21-14.15.53:823][999]LogModuleManager: Shutting down and abandoning module PhysXCooking (84)
[2018.10.21-14.15.53:823][999]LogModuleManager: Shutting down and abandoning module SteamVR (82)
[2018.10.21-14.15.53:823][999]LogModuleManager: Shutting down and abandoning module OculusHMD (80)
[2018.10.21-14.15.53:846][999]LogModuleManager: Shutting down and abandoning module ExampleDeviceProfileSelector (78)
[2018.10.21-14.15.53:846][999]LogModuleManager: Shutting down and abandoning module LauncherChunkInstaller (76)
[2018.10.21-14.15.53:846][999]LogModuleManager: Shutting down and abandoning module OnlineBlueprintSupport (74)
[2018.10.21-14.15.53:846][999]LogModuleManager: Shutting down and abandoning module OnlineSubsystem (70)
[2018.10.21-14.15.53:906][999]LogModuleManager: Shutting down and abandoning module XMPP (65)
[2018.10.21-14.15.54:002][999]LogModuleManager: Shutting down and abandoning module WebSockets (64)
[2018.10.21-14.15.54:079][999]LogModuleManager: Shutting down and abandoning module HTTP (61)
[2018.10.21-14.15.54:094][999]LogHttp: Display: Http module shutting down, but needs to wait on 1 outstanding Http requests:
[2018.10.21-14.15.54:094][999]LogHttp: Display: 	verb=[POST] url=[https://datarouter.ol.epicgames.com/datarouter/api/v1/public/data?SessionID=%7B91C2C5A5-4870-021A-620B-9295CD48AED8%7D&AppID=UEEditor.Rocket.Release&AppVersion=4.20.3-4369336%2B%2B%2BUE4%2BRelease-4.20&UserID=a16bc8ec4c33dc725ec6e7b588e82052%7C8f3ae6b668e548619376b42adb21b3aa%7C73c36f6a-4424-40dc-ac64-3ea54c30aa2b&AppEnvironment=datacollector-binary&UploadType=eteventstream] status=Processing
[2018.10.21-14.15.54:097][999]LogModuleManager: Shutting down and abandoning module SSL (60)
[2018.10.21-14.15.54:165][999]LogModuleManager: Shutting down and abandoning module MagicLeapEmulator (56)
[2018.10.21-14.15.54:165][999]LogModuleManager: Shutting down and abandoning module MagicLeapPrivileges (54)
[2018.10.21-14.15.54:165][999]LogModuleManager: Shutting down and abandoning module MagicLeapIdentity (52)
[2018.10.21-14.15.54:165][999]LogModuleManager: Shutting down and abandoning module MagicLeapHelperVulkan (50)
[2018.10.21-14.15.54:165][999]LogModuleManager: Shutting down and abandoning module MagicLeapHelperOpenGL (48)
[2018.10.21-14.15.54:165][999]LogModuleManager: Shutting down and abandoning module MagicLeapSecureStorage (46)
[2018.10.21-14.15.54:165][999]LogModuleManager: Shutting down and abandoning module MagicLeapGestures (44)
[2018.10.21-14.15.54:165][999]LogModuleManager: Shutting down and abandoning module MagicLeapEyeTracker (42)
[2018.10.21-14.15.54:165][999]LogModuleManager: Shutting down and abandoning module MagicLeapController (40)
[2018.10.21-14.15.54:193][999]LogSlate: Slate User Destroyed.  User Index 0, Is Virtual User: 0
[2018.10.21-14.15.54:193][999]LogModuleManager: Shutting down and abandoning module MagicLeap (38)
[2018.10.21-14.15.54:193][999]LogModuleManager: Shutting down and abandoning module AnimationModifiers (36)
[2018.10.21-14.15.54:242][999]LogModuleManager: Shutting down and abandoning module PropertyEditor (35)
[2018.10.21-14.15.54:242][999]LogModuleManager: Shutting down and abandoning module AudioEditor (32)
[2018.10.21-14.15.54:296][999]LogModuleManager: Shutting down and abandoning module TextureCompressor (30)
[2018.10.21-14.15.54:349][999]LogModuleManager: Shutting down and abandoning module ShaderCore (28)
[2018.10.21-14.15.54:349][999]LogModuleManager: Shutting down and abandoning module Landscape (26)
[2018.10.21-14.15.54:349][999]LogModuleManager: Shutting down and abandoning module SlateRHIRenderer (24)
[2018.10.21-14.15.54:413][999]LogModuleManager: Shutting down and abandoning module OpenGLDrv (22)
[2018.10.21-14.15.54:447][999]LogModuleManager: Shutting down and abandoning module D3D11RHI (20)
[2018.10.21-14.15.54:447][999]LogModuleManager: Shutting down and abandoning module AnimGraphRuntime (18)
[2018.10.21-14.15.54:463][999]LogModuleManager: Shutting down and abandoning module Renderer (16)
[2018.10.21-14.15.54:463][999]LogModuleManager: Shutting down and abandoning module Engine (14)
[2018.10.21-14.15.54:463][999]LogModuleManager: Shutting down and abandoning module CoreUObject (12)
[2018.10.21-14.15.54:463][999]LogModuleManager: Shutting down and abandoning module NetworkFile (10)
[2018.10.21-14.15.54:476][999]LogModuleManager: Shutting down and abandoning module CookedIterativeFile (8)
[2018.10.21-14.15.54:476][999]LogModuleManager: Shutting down and abandoning module StreamingFile (6)
[2018.10.21-14.15.54:486][999]LogModuleManager: Shutting down and abandoning module SandboxFile (4)
[2018.10.21-14.15.54:486][999]LogModuleManager: Shutting down and abandoning module PakFile (2)
[2018.10.21-14.15.54:522][999]LogExit: Exiting.
[2018.10.21-14.15.54:545][999]Log file closed, 10/21/18 16:15:54
