Log file open, 10/21/18 12:22:36
LogWindows: Failed to load 'aqProf.dll' (GetLastError=126)
LogWindows: File 'aqProf.dll' does not exist
LogWindows: Failed to load 'VSPerf140.dll' (GetLastError=126)
LogWindows: File 'VSPerf140.dll' does not exist
LogWindows: Failed to load 'VtuneApi.dll' (GetLastError=126)
LogWindows: File 'VtuneApi.dll' does not exist
LogWindows: Failed to load 'VtuneApi32e.dll' (GetLastError=126)
LogWindows: File 'VtuneApi32e.dll' does not exist
LogInit: Display: Running engine for game: Masters_Project
LogPlatformFile: Not using cached read wrapper
LogTaskGraph: Started task graph with 5 named threads and 23 total threads with 3 sets of task threads.
LogStats: Stats thread started at 4.935640
LogD3D11RHI: Loaded GFSDK_Aftermath_Lib.x64.dll
LogICUInternationalization: Display: ICU TimeZone Detection - Raw Offset: +1:00, Platform Override: ''
LogPluginManager: Mounting plugin Paper2D
LogPluginManager: Mounting plugin AISupport
LogPluginManager: Mounting plugin LightPropagationVolume
LogPluginManager: Mounting plugin CLionSourceCodeAccess
LogPluginManager: Mounting plugin CodeLiteSourceCodeAccess
LogPluginManager: Mounting plugin GitSourceControl
LogPluginManager: Mounting plugin KDevelopSourceCodeAccess
LogPluginManager: Mounting plugin NullSourceCodeAccess
LogPluginManager: Mounting plugin PerforceSourceControl
LogPluginManager: Mounting plugin SubversionSourceControl
LogPluginManager: Mounting plugin UObjectPlugin
LogPluginManager: Mounting plugin VisualStudioCodeSourceCodeAccess
LogPluginManager: Mounting plugin VisualStudioSourceCodeAccess
LogPluginManager: Mounting plugin XCodeSourceCodeAccess
LogPluginManager: Mounting plugin AssetManagerEditor
LogPluginManager: Mounting plugin CryptoKeys
LogPluginManager: Mounting plugin DataValidation
LogPluginManager: Mounting plugin FacialAnimation
LogPluginManager: Mounting plugin GameplayTagsEditor
LogPluginManager: Mounting plugin MacGraphicsSwitching
LogPluginManager: Mounting plugin MeshEditor
LogPluginManager: Mounting plugin MobileLauncherProfileWizard
LogPluginManager: Mounting plugin PluginBrowser
LogPluginManager: Mounting plugin SpeedTreeImporter
LogPluginManager: Mounting plugin DatasmithContent
LogPluginManager: Mounting plugin AlembicImporter
LogPluginManager: Mounting plugin AppleImageUtils
LogPluginManager: Mounting plugin AppleVision
LogPluginManager: Mounting plugin BackChannel
LogPluginManager: Mounting plugin CharacterAI
LogPluginManager: Mounting plugin GeometryCache
LogPluginManager: Mounting plugin HTML5Networking
LogPluginManager: Mounting plugin ProxyLODPlugin
LogPluginManager: Mounting plugin MagicLeap
LogPluginManager: Mounting plugin MagicLeapEmulator
LogPluginManager: Mounting plugin MagicLeapMedia
LogPluginManager: Mounting plugin AndroidMedia
LogPluginManager: Mounting plugin AvfMedia
LogPluginManager: Mounting plugin ImgMedia
LogPluginManager: Mounting plugin LinearTimecode
LogPluginManager: Mounting plugin MediaCompositing
LogPluginManager: Mounting plugin MediaPlayerEditor
LogPluginManager: Mounting plugin WmfMedia
LogPluginManager: Mounting plugin TcpMessaging
LogPluginManager: Mounting plugin UdpMessaging
LogPluginManager: Mounting plugin ActorSequence
LogPluginManager: Mounting plugin LevelSequenceEditor
LogPluginManager: Mounting plugin MatineeToLevelSequence
LogPluginManager: Mounting plugin NetcodeUnitTest
LogPluginManager: Mounting plugin NUTUnrealEngine4
LogPluginManager: Mounting plugin OnlineSubsystemGooglePlay
LogPluginManager: Mounting plugin OnlineSubsystemIOS
LogPluginManager: Mounting plugin OnlineSubsystem
LogPluginManager: Mounting plugin OnlineSubsystemNull
LogPluginManager: Mounting plugin OnlineSubsystemUtils
LogPluginManager: Mounting plugin LauncherChunkInstaller
LogPluginManager: Mounting plugin AndroidDeviceProfileSelector
LogPluginManager: Mounting plugin AndroidMoviePlayer
LogPluginManager: Mounting plugin AndroidPermission
LogPluginManager: Mounting plugin AppleMoviePlayer
LogPluginManager: Mounting plugin ArchVisCharacter
LogPluginManager: Mounting plugin AudioCapture
LogPluginManager: Mounting plugin CableComponent
LogPluginManager: Mounting plugin CustomMeshComponent
LogPluginManager: Mounting plugin EditableMesh
LogPluginManager: Mounting plugin ExampleDeviceProfileSelector
LogPluginManager: Mounting plugin GoogleCloudMessaging
LogPluginManager: Mounting plugin ImmediatePhysics
LogPluginManager: Mounting plugin IOSDeviceProfileSelector
LogPluginManager: Mounting plugin LinuxDeviceProfileSelector
LogPluginManager: Mounting plugin LocationServicesBPLibrary
LogPluginManager: Mounting plugin MobilePatchingUtils
LogPluginManager: Mounting plugin OculusVR
LogPluginManager: Plugin shader directory ../../../Engine/Plugins/Runtime/Oculus/OculusVR/Shaders found
LogPluginManager: Mapping shader source directory ../../../Engine/Plugins/Runtime/Oculus/OculusVR/Shaders to virtual directory /Plugin/OculusVR
LogPluginManager: Mounting plugin PhysXVehicles
LogPluginManager: Mounting plugin ProceduralMeshComponent
LogPluginManager: Mounting plugin RuntimePhysXCooking
LogPluginManager: Mounting plugin SteamVR
LogPluginManager: Mounting plugin WindowsMoviePlayer
LogStreaming: Display: Took  0.499s to configure plugins.
LogInit: Using libcurl 7.55.1-DEV
LogInit:  - built for x86_64-pc-win32
LogInit:  - supports SSL with OpenSSL/1.0.2h
LogInit:  - supports HTTP deflate (compression) using libz 1.2.8
LogInit:  - other features:
LogInit:      CURL_VERSION_SSL
LogInit:      CURL_VERSION_LIBZ
LogInit:      CURL_VERSION_IPV6
LogInit:      CURL_VERSION_ASYNCHDNS
LogInit:      CURL_VERSION_LARGEFILE
LogInit:      CURL_VERSION_IDN
LogInit:  CurlRequestOptions (configurable via config and command line):
LogInit:  - bVerifyPeer = false  - Libcurl will NOT verify peer certificate
LogInit:  - bUseHttpProxy = false  - Libcurl will NOT use HTTP proxy
LogInit:  - bDontReuseConnections = false  - Libcurl will reuse connections
LogInit:  - CertBundlePath = nullptr  - Libcurl will use whatever was configured at build time.
LogInit:  - MaxHostConnections = 16  - Libcurl will limit the number of connections to a host
LogInit:  - LocalHostAddr = Default
LogInit:  - BufferSize = 65536
LogInit: WinSock: version 1.1 (2.2), MaxSocks=32767, MaxUdp=65467
LogInit: Build: ++UE4+Release-4.20-CL-4369336
LogInit: Engine Version: 4.20.3-4369336+++UE4+Release-4.20
LogInit: Compatible Engine Version: 4.20.0-4212847+++UE4+Release-4.20
LogInit: Net CL: 4212847
LogInit: OS: Windows 10 (), CPU: Intel(R) Core(TM) i7-7700HQ CPU @ 2.80GHz, GPU: Intel(R) HD Graphics 630
LogInit: Compiled (64-bit): Sep 17 2018 12:26:19
LogInit: Compiled with Visual C++: 19.13.26129.00
LogInit: Build Configuration: Development
LogInit: Branch Name: ++UE4+Release-4.20
LogInit: Command Line:  
LogInit: Base Directory: C:/Program Files/Epic Games/UE_4.20/Engine/Binaries/Win64/
LogInit: Installed Engine Build: 1
LogDevObjectVersion: Number of dev versions registered: 20
LogDevObjectVersion:   Dev-Blueprints (B0D832E4-1F89-4F0D-ACCF-7EB736FD4AA2): 10
LogDevObjectVersion:   Dev-Build (E1C64328-A22C-4D53-A36C-8E866417BD8C): 0
LogDevObjectVersion:   Dev-Core (375EC13C-06E4-48FB-B500-84F0262A717E): 2
LogDevObjectVersion:   Dev-Editor (E4B068ED-F494-42E9-A231-DA0B2E46BB41): 24
LogDevObjectVersion:   Dev-Framework (CFFC743F-43B0-4480-9391-14DF171D2073): 34
LogDevObjectVersion:   Dev-Mobile (B02B49B5-BB20-44E9-A304-32B752E40360): 2
LogDevObjectVersion:   Dev-Networking (A4E4105C-59A1-49B5-A7C5-40C4547EDFEE): 0
LogDevObjectVersion:   Dev-Online (39C831C9-5AE6-47DC-9A44-9C173E1C8E7C): 0
LogDevObjectVersion:   Dev-Physics (78F01B33-EBEA-4F98-B9B4-84EACCB95AA2): 0
LogDevObjectVersion:   Dev-Platform (6631380F-2D4D-43E0-8009-CF276956A95A): 0
LogDevObjectVersion:   Dev-Rendering (12F88B9F-8875-4AFC-A67C-D90C383ABD29): 26
LogDevObjectVersion:   Dev-Sequencer (7B5AE74C-D270-4C10-A958-57980B212A5A): 9
LogDevObjectVersion:   Dev-VR (D7296918-1DD6-4BDD-9DE2-64A83CC13884): 2
LogDevObjectVersion:   Dev-LoadTimes (C2A15278-BFE7-4AFE-6C17-90FF531DF755): 1
LogDevObjectVersion:   Private-Geometry (6EACA3D4-40EC-4CC1-B786-8BED09428FC5): 3
LogDevObjectVersion:   Dev-AnimPhys (29E575DD-E0A3-4627-9D10-D276232CDCEA): 17
LogDevObjectVersion:   Dev-ReflectionCapture (6B266CEC-1EC7-4B8F-A30B-E4D90942FC07): 1
LogDevObjectVersion:   Dev-Automation (0DF73D61-A23F-47EA-B727-89E90C41499A): 1
LogDevObjectVersion:   FortniteMain (601D1886-AC64-4F84-AA16-D3DE0DEAC7D6): 12
LogDevObjectVersion:   Dev-Enterprise (9DFFBCD6-494F-0158-E221-12823C92A888): 1
LogStreaming: Display: Took  0.001s to delete old logs.
LogInit: Presizing for max 8388607 objects, including 0 objects not considered by GC, pre-allocating 0 bytes for permanent pool.
LogInit: Object subsystem initialized
[2018.10.21-10.22.40:057][  0]LogInit: Selected Device Profile: [Windows]
[2018.10.21-10.22.40:057][  0]LogInit: Applying CVar settings loaded from the selected device profile: [Windows]
[2018.10.21-10.22.40:128][  0]LogHAL: Display: Platform has ~ 8 GB [8469164032 / 8589934592 / 8], which maps to Default [LargestMinGB=32, LargerMinGB=12, DefaultMinGB=8, SmallerMinGB=6, SmallestMinGB=0)
[2018.10.21-10.22.40:128][  0]LogInit: Setting Device Profile CVar: [[r.Vulkan.UseRealUBs:1]]
[2018.10.21-10.22.40:128][  0]LogInit: Going up to parent DeviceProfile []
[2018.10.21-10.22.40:171][  0]LogInit: Computer: DESKTOP-9GLKCJD
[2018.10.21-10.22.40:171][  0]LogInit: User: asus
[2018.10.21-10.22.40:171][  0]LogInit: CPU Page size=4096, Cores=4
[2018.10.21-10.22.40:171][  0]LogInit: High frequency timer resolution =2.742189 MHz
[2018.10.21-10.22.40:171][  0]LogMemory: Memory total: Physical=7.9GB (8GB approx)
[2018.10.21-10.22.40:171][  0]LogMemory: Platform Memory Stats for Windows
[2018.10.21-10.22.40:171][  0]LogMemory: Process Physical Memory: 99.45 MB used, 99.45 MB peak
[2018.10.21-10.22.40:171][  0]LogMemory: Process Virtual Memory: 90.91 MB used, 90.91 MB peak
[2018.10.21-10.22.40:171][  0]LogMemory: Physical Memory: 4447.89 MB used,  3628.93 MB free, 8076.82 MB total
[2018.10.21-10.22.40:171][  0]LogMemory: Virtual Memory: 4644.98 MB used,  3628.93 MB free, 134217728.00 MB total
[2018.10.21-10.22.41:192][  0]LogInit: Using OS detected language (en-US).
[2018.10.21-10.22.41:192][  0]LogInit: Using OS detected locale (en-GB).
[2018.10.21-10.22.41:238][  0]LogTextLocalizationManager: No specific localization for 'en-US' exists, so the 'en' localization will be used.
[2018.10.21-10.22.43:025][  0]LogStreaming: Display: Took  1.833s to InitEngineTextLocalization.
[2018.10.21-10.22.43:807][  0]LogSlate: New Slate User Created.  User Index 0, Is Virtual User: 0
[2018.10.21-10.22.43:807][  0]LogSlate: Slate User Registered.  User Index 0, Is Virtual User: 0
[2018.10.21-10.22.52:158][  0]LogHMD: Failed to initialize OpenVR with code 110
[2018.10.21-10.22.52:158][  0]LogD3D11RHI: D3D11 adapters:
[2018.10.21-10.22.53:601][  0]LogD3D11RHI:    0. 'NVIDIA GeForce GTX 1050' (Feature Level 11_0)
[2018.10.21-10.22.53:601][  0]LogD3D11RHI:       4021/0/4038 MB DedicatedVideo/DedicatedSystem/SharedSystem, Outputs:1, VendorId:0x10de
[2018.10.21-10.22.53:613][  0]LogD3D11RHI:    1. 'Intel(R) HD Graphics 630' (Feature Level 11_0)
[2018.10.21-10.22.53:613][  0]LogD3D11RHI:       128/0/4038 MB DedicatedVideo/DedicatedSystem/SharedSystem, Outputs:0, VendorId:0x8086
[2018.10.21-10.22.53:655][  0]LogD3D11RHI:    2. 'Microsoft Basic Render Driver' (Feature Level 11_0)
[2018.10.21-10.22.53:655][  0]LogD3D11RHI:       0/0/4038 MB DedicatedVideo/DedicatedSystem/SharedSystem, Outputs:0, VendorId:0x1414
[2018.10.21-10.22.53:655][  0]LogD3D11RHI: Chosen D3D11 Adapter: 0
[2018.10.21-10.22.53:674][  0]LogD3D11RHI: Creating new Direct3DDevice
[2018.10.21-10.22.53:674][  0]LogD3D11RHI:     GPU DeviceId: 0x1c8d (for the marketing name, search the web for "GPU Device Id")
[2018.10.21-10.22.53:674][  0]LogWindows: EnumDisplayDevices:
[2018.10.21-10.22.53:674][  0]LogWindows:    0. 'Intel(R) HD Graphics 630' (P:1 D:1)
[2018.10.21-10.22.53:675][  0]LogWindows:    1. 'Intel(R) HD Graphics 630' (P:0 D:0)
[2018.10.21-10.22.53:675][  0]LogWindows:    2. 'Intel(R) HD Graphics 630' (P:0 D:0)
[2018.10.21-10.22.53:675][  0]LogWindows: DebugString: PrimaryIsNotTheChoosenAdapter PrimaryIsNotTheChoosenAdapter PrimaryIsNotTheChoosenAdapter FoundDriverCount:0 
[2018.10.21-10.22.53:675][  0]LogD3D11RHI:     Adapter Name: NVIDIA GeForce GTX 1050
[2018.10.21-10.22.53:675][  0]LogD3D11RHI:   Driver Version: Unknown (internal:Unknown, unified:Unknown)
[2018.10.21-10.22.53:675][  0]LogD3D11RHI:      Driver Date: Unknown
[2018.10.21-10.22.53:675][  0]LogRHI: Texture pool is 2814 MB (70% of 4021 MB)
[2018.10.21-10.22.53:775][  0]LogD3D11RHI: Async texture creation enabled
[2018.10.21-10.22.53:819][  0]LogD3D11RHI: GPU Timing Frequency: 1000.000000 (Debug: 2 2)
[2018.10.21-10.22.53:829][  0]LogShaderCompilers: Guid format shader working directory is -4 characters bigger than the processId version (../../../../../../Users/asus/Desktop/Masters_Game/Intermediate/Shaders/WorkingDirectory/6916/).
[2018.10.21-10.22.53:829][  0]LogShaderCompilers: Cleaned the shader compiler working directory 'C:/Users/asus/AppData/Local/Temp/UnrealShaderWorkingDir/39DA11B74A38717D969D8EA2DA3E3D47/'.
[2018.10.21-10.22.56:020][  0]LogTemp: Display: Loaded TP AllDesktopTargetPlatform
[2018.10.21-10.22.56:114][  0]LogTemp: Display: Loaded TP MacClientTargetPlatform
[2018.10.21-10.22.56:157][  0]LogTemp: Display: Loaded TP MacNoEditorTargetPlatform
[2018.10.21-10.22.56:192][  0]LogTemp: Display: Loaded TP MacServerTargetPlatform
[2018.10.21-10.22.56:255][  0]LogTemp: Display: Loaded TP MacTargetPlatform
[2018.10.21-10.22.56:298][  0]LogTemp: Display: Loaded TP WindowsClientTargetPlatform
[2018.10.21-10.22.56:356][  0]LogTemp: Display: Loaded TP WindowsNoEditorTargetPlatform
[2018.10.21-10.22.56:399][  0]LogTemp: Display: Loaded TP WindowsServerTargetPlatform
[2018.10.21-10.22.56:442][  0]LogTemp: Display: Loaded TP WindowsTargetPlatform
[2018.10.21-10.22.56:747][  0]LogTemp: Display: Loaded TP AndroidTargetPlatform
[2018.10.21-10.22.56:748][  0]LogTemp: Display: Loaded TP AndroidTargetPlatform
[2018.10.21-10.22.56:748][  0]LogTemp: Display: Loaded TP AndroidTargetPlatform
[2018.10.21-10.22.56:748][  0]LogTemp: Display: Loaded TP AndroidTargetPlatform
[2018.10.21-10.22.56:748][  0]LogTemp: Display: Loaded TP AndroidTargetPlatform
[2018.10.21-10.22.56:748][  0]LogTemp: Display: Loaded TP AndroidTargetPlatform
[2018.10.21-10.22.56:748][  0]LogTemp: Display: Loaded TP AndroidTargetPlatform
[2018.10.21-10.22.56:748][  0]LogTemp: Display: Loaded TP AndroidTargetPlatform
[2018.10.21-10.22.56:748][  0]LogTemp: Display: Loaded TP AndroidTargetPlatform
[2018.10.21-10.22.56:748][  0]LogTemp: Display: Loaded TP AndroidTargetPlatform
[2018.10.21-10.22.56:748][  0]LogTemp: Display: Loaded TP AndroidTargetPlatform
[2018.10.21-10.22.56:748][  0]LogTemp: Display: Loaded TP AndroidTargetPlatform
[2018.10.21-10.22.56:748][  0]LogTemp: Display: Loaded TP AndroidTargetPlatform
[2018.10.21-10.22.56:748][  0]LogTemp: Display: Loaded TP AndroidTargetPlatform
[2018.10.21-10.22.56:748][  0]LogTemp: Display: Loaded TP AndroidTargetPlatform
[2018.10.21-10.22.56:748][  0]LogTemp: Display: Loaded TP AndroidTargetPlatform
[2018.10.21-10.22.56:748][  0]LogTemp: Display: Loaded TP AndroidTargetPlatform
[2018.10.21-10.22.56:748][  0]LogTemp: Display: Loaded TP AndroidTargetPlatform
[2018.10.21-10.22.56:860][  0]LogTemp: Display: Loaded TP HTML5TargetPlatform
[2018.10.21-10.22.57:177][  0]LogTemp: Display: Loaded TP IOSTargetPlatform
[2018.10.21-10.22.57:177][  0]LogTemp: Display: Loaded TP IOSTargetPlatform
[2018.10.21-10.22.57:355][  0]LogTemp: Display: Loaded TP TVOSTargetPlatform
[2018.10.21-10.22.57:355][  0]LogTemp: Display: Loaded TP TVOSTargetPlatform
[2018.10.21-10.22.57:427][  0]LogTemp: Display: Loaded TP LinuxClientTargetPlatform
[2018.10.21-10.22.57:500][  0]LogTemp: Display: Loaded TP LinuxNoEditorTargetPlatform
[2018.10.21-10.22.57:598][  0]LogTemp: Display: Loaded TP LinuxServerTargetPlatform
[2018.10.21-10.22.57:734][  0]LogTemp: Display: Loaded TP LinuxTargetPlatform
[2018.10.21-10.22.57:791][  0]LogTemp: Display: Loaded TP LuminTargetPlatform
[2018.10.21-10.22.57:791][  0]LogTargetPlatformManager: Display: Building Assets For Windows
[2018.10.21-10.22.59:890][  0]LogXGEController: Cleaning working directory: C:/Users/asus/AppData/Local/Temp/UnrealXGEWorkingDir/
[2018.10.21-10.22.59:891][  0]LogXGEController: Cannot use XGE Controller as Incredibuild is not installed on this machine.
[2018.10.21-10.22.59:891][  0]LogShaderCompilers: Cannot use XGE Shader Compiler as Incredibuild is not installed on this machine.
[2018.10.21-10.22.59:891][  0]LogShaderCompilers: Display: Using Local Shader Compiler.
[2018.10.21-10.23.06:819][  0]LogDerivedDataCache: Display: Max Cache Size: 512 MB
[2018.10.21-10.23.08:065][  0]LogDerivedDataCache: Loaded boot cache 1.25s 71MB C:/Users/asus/AppData/Local/UnrealEngine/4.20/DerivedDataCache/Boot.ddc.
[2018.10.21-10.23.08:065][  0]LogDerivedDataCache: Display: Loaded Boot cache: C:/Users/asus/AppData/Local/UnrealEngine/4.20/DerivedDataCache/Boot.ddc
[2018.10.21-10.23.08:066][  0]LogDerivedDataCache: FDerivedDataBackendGraph:  Pak pak cache file ../../../../../../Users/asus/Desktop/Masters_Game/DerivedDataCache/DDC.ddp not found, will not use a pak cache.
[2018.10.21-10.23.08:066][  0]LogDerivedDataCache: Unable to find inner node Pak for hierarchical cache Hierarchy.
[2018.10.21-10.23.08:066][  0]LogDerivedDataCache: FDerivedDataBackendGraph:  CompressedPak pak cache file ../../../../../../Users/asus/Desktop/Masters_Game/DerivedDataCache/Compressed.ddp not found, will not use a pak cache.
[2018.10.21-10.23.08:066][  0]LogDerivedDataCache: Unable to find inner node CompressedPak for hierarchical cache Hierarchy.
[2018.10.21-10.23.08:129][  0]LogDerivedDataCache: Display: Pak cache opened for reading ../../../Engine/DerivedDataCache/Compressed.ddp.
[2018.10.21-10.23.08:159][  0]LogDerivedDataCache: Using Local data cache path C:/Users/asus/AppData/Local/UnrealEngine/Common/DerivedDataCache: Writable
[2018.10.21-10.23.08:159][  0]LogDerivedDataCache: Shared data cache path not found in *engine.ini, will not use an Shared cache.
[2018.10.21-10.23.08:159][  0]LogDerivedDataCache: Unable to find inner node Shared for hierarchical cache Hierarchy.
[2018.10.21-10.23.08:346][  0]LogMaterial: Verifying Global Shaders for PCD3D_SM5
[2018.10.21-10.23.08:413][  0]LogSlate: Using FreeType 2.6.0
[2018.10.21-10.23.08:512][  0]LogSlate: SlateFontServices - WITH_FREETYPE: 1, WITH_HARFBUZZ: 1
[2018.10.21-10.23.11:010][  0]LogAssetRegistry: FAssetRegistry took 0.0459 seconds to start up
[2018.10.21-10.23.17:607][  0]LogInit: Selected Device Profile: [Windows]
[2018.10.21-10.23.20:452][  0]LogSimplygon: Simplygon DLL not present - disabling.
[2018.10.21-10.23.20:953][  0]LogMeshReduction: Using SimplygonSwarm for distributed automatic mesh merging
[2018.10.21-10.23.20:956][  0]LogMeshReduction: Using ProxyLODMeshReduction for automatic mesh merging
[2018.10.21-10.23.21:009][  0]LogMeshReduction: Using QuadricMeshReduction for automatic static mesh reduction
[2018.10.21-10.23.21:009][  0]LogMeshReduction: No automatic skeletal mesh reduction module available
[2018.10.21-10.23.22:394][  0]LogNetVersion: Masters_Project 1.0.0, NetCL: 4212847, EngineNetVer: 5, GameNetVer: 0 (Checksum: 4035682717)
[2018.10.21-10.23.29:764][  0]LogPackageLocalizationCache: Processed 11 localized package path(s) for 2 prioritized culture(s) in 0.151660 seconds
[2018.10.21-10.23.29:826][  0]LogUObjectArray: 38425 objects as part of root set at end of initial load.
[2018.10.21-10.23.29:826][  0]LogUObjectAllocator: 6690872 out of 0 bytes used by permanent object pool.
[2018.10.21-10.23.29:826][  0]LogUObjectArray: CloseDisregardForGC: 0/0 objects in disregard for GC pool
[2018.10.21-10.23.56:180][  0]LogTcpMessaging: Initializing TcpMessaging bridge
[2018.10.21-10.23.56:259][  0]LogUdpMessaging: Initializing bridge on interface 0.0.0.0:0 to multicast group 230.0.0.1:6666.
[2018.10.21-10.23.58:144][  0]SourceControl: Source control is disabled
[2018.10.21-10.23.58:145][  0]SourceControl: Source control is disabled
[2018.10.21-10.23.58:297][  0]SourceControl: Source control is disabled
[2018.10.21-10.23.58:334][  0]SourceControl: Source control is disabled
[2018.10.21-10.24.01:419][  0]LogAndroidPermission: UAndroidPermissionCallbackProxy::GetInstance
[2018.10.21-10.24.02:194][  0]LogOcInput: OculusInput pre-init called
[2018.10.21-10.24.03:434][  0]LogEngine: Initializing Engine...
[2018.10.21-10.24.03:566][  0]LogHMD: Failed to initialize OpenVR with code 110
[2018.10.21-10.24.03:609][  0]LogStats: UGameplayTagsManager::ConstructGameplayTagTree: ImportINI prefixes -  0.005 s
[2018.10.21-10.24.03:609][  0]LogStats: UGameplayTagsManager::ConstructGameplayTagTree: Construct from data asset -  0.000 s
[2018.10.21-10.24.03:610][  0]LogStats: UGameplayTagsManager::ConstructGameplayTagTree: ImportINI -  0.000 s
[2018.10.21-10.24.03:610][  0]LogStats: UGameplayTagsManager::ConstructGameplayTagTree: GameplayTagTreeChangedEvent.Broadcast -  0.000 s
[2018.10.21-10.24.05:003][  0]LogInit: Initializing FReadOnlyCVARCache
[2018.10.21-10.24.06:145][  0]LogAIModule: Creating AISystem for world Untitled
[2018.10.21-10.24.06:522][  0]LogInit: XAudio2 using 'Speakers (Realtek High Definition Audio)' : 2 channels at 48 kHz using 32 bits per sample (channel mask 0x3)
[2018.10.21-10.24.06:707][  0]LogInit: FAudioDevice initialized.
[2018.10.21-10.24.06:725][  0]LogNetVersion: Set ProjectVersion to 1.0.0.0. Version Checksum will be recalculated on next use.
[2018.10.21-10.24.07:311][  0]LogDerivedDataCache: Saved boot cache 0.59s 71MB C:/Users/asus/AppData/Local/UnrealEngine/4.20/DerivedDataCache/Boot.ddc.
[2018.10.21-10.24.07:315][  0]LogInit: Texture streaming: Enabled
[2018.10.21-10.24.07:919][  0]LogEngineSessionManager: EngineSessionManager initialized
[2018.10.21-10.24.09:289][  0]LogInit: Transaction tracking system initialized
[2018.10.21-10.24.11:360][  0]BlueprintLog: New page: Editor Load
[2018.10.21-10.24.27:877][  0]LocalizationService: Localization service is disabled
[2018.10.21-10.24.47:326][  0]LogFileCache: Scanning file cache for directory 'C:/Users/asus/Desktop/Masters_Game/Content/' took 0.33s
[2018.10.21-10.24.47:326][  0]LogCook: Display: Max memory allowance for cook 16384mb min free memory 0mb
[2018.10.21-10.24.47:327][  0]LogCook: Display: Mobile HDR setting 1
[2018.10.21-10.24.47:446][  0]LogGameplayTags: Display: UGameplayTagsManager::DoneAddingNativeTags. DelegateIsBound: 0
[2018.10.21-10.24.47:448][  0]LogStats: UGameplayTagsManager::ConstructGameplayTagTree: ImportINI prefixes -  0.000 s
[2018.10.21-10.24.47:448][  0]LogStats: UGameplayTagsManager::ConstructGameplayTagTree: Construct from data asset -  0.000 s
[2018.10.21-10.24.47:448][  0]LogStats: UGameplayTagsManager::ConstructGameplayTagTree: ImportINI -  0.000 s
[2018.10.21-10.24.47:448][  0]LogStats: UGameplayTagsManager::ConstructGameplayTagTree: GameplayTagTreeChangedEvent.Broadcast -  0.000 s
[2018.10.21-10.24.54:339][  0]SourceControl: Source control is disabled
[2018.10.21-10.24.54:462][  0]Cmd: MAP LOAD FILE="../../../../../../Users/asus/Desktop/Masters_Game/Content/ThirdPersonBP/Maps/ThirdPersonExampleMap.umap" TEMPLATE=0 SHOWPROGRESS=1 FEATURELEVEL=3
[2018.10.21-10.24.54:775][  0]LightingResults: New page: Lighting Build
[2018.10.21-10.24.56:202][  0]MapCheck: New page: Map Check
[2018.10.21-10.24.56:202][  0]LightingResults: New page: Lighting Build
[2018.10.21-10.25.13:829][  0]LogAIModule: Creating AISystem for world ThirdPersonExampleMap
[2018.10.21-10.25.18:067][  0]LogEditorServer: Finished looking for orphan Actors (0.024 secs)
[2018.10.21-10.25.18:921][  0]Cmd: MAP CHECKDEP NOCLEARLOG
[2018.10.21-10.25.19:042][  0]MapCheck: Map check complete: 0 Error(s), 0 Warning(s), took 121.446ms to complete.
[2018.10.21-10.25.19:074][  0]LogFileHelpers: Loading map 'ThirdPersonExampleMap' took 24.672
[2018.10.21-10.25.28:685][  0]LogSlate: Updating window title bar state: overlay mode, drag disabled, window buttons hidden, title bar hidden
[2018.10.21-10.25.28:890][  0]LogSlate: Updating window title bar state: overlay mode, drag disabled, window buttons hidden, title bar hidden
[2018.10.21-10.25.28:898][  0]LogSlate: Updating window title bar state: overlay mode, drag disabled, window buttons hidden, title bar hidden
[2018.10.21-10.25.28:905][  0]LogSlate: Updating window title bar state: overlay mode, drag disabled, window buttons hidden, title bar hidden
[2018.10.21-10.25.29:753][  0]LogCollectionManager: Loaded 0 collections in 0.002295 seconds
[2018.10.21-10.25.30:798][  0]LogFileCache: Scanning file cache for directory 'C:/Users/asus/Desktop/Masters_Game/Saved/Collections/' took 0.01s
[2018.10.21-10.25.30:798][  0]LogFileCache: Scanning file cache for directory 'C:/Users/asus/Desktop/Masters_Game/Content/Developers/asus/Collections/' took 0.01s
[2018.10.21-10.25.30:798][  0]LogFileCache: Scanning file cache for directory 'C:/Users/asus/Desktop/Masters_Game/Content/Collections/' took 0.01s
[2018.10.21-10.25.30:798][  0]LogCollectionManager: Rebuilt the GUID cache for 0 collections in 0.000000 seconds
[2018.10.21-10.25.30:909][  0]LogContentBrowser: Native class hierarchy populated in 0.0826 seconds. Added 2572 classes and 603 folders.
[2018.10.21-10.25.31:516][  0]LogContentBrowser: Native class hierarchy updated for 'WidgetCarousel' in 0.0004 seconds. Added 0 classes and 0 folders.
[2018.10.21-10.25.40:978][  0]LogContentBrowser: Native class hierarchy updated for 'AddContentDialog' in 0.0005 seconds. Added 0 classes and 0 folders.
[2018.10.21-10.25.41:389][  0]LogContentBrowser: Native class hierarchy updated for 'SceneOutliner' in 0.0003 seconds. Added 1 classes and 2 folders.
[2018.10.21-10.25.52:481][  0]LogSlate: Took 0.077037 seconds to synchronously load lazily loaded font '../../../Engine/Content/Slate/Fonts/Roboto-Regular.ttf' (155K)
[2018.10.21-10.25.52:731][  0]LogSlate: Took 0.018960 seconds to synchronously load lazily loaded font '../../../Engine/Content/Slate/Fonts/Roboto-Bold.ttf' (160K)
[2018.10.21-10.25.53:154][  0]LogSlate: Took 0.029321 seconds to synchronously load lazily loaded font '../../../Engine/Content/Editor/Slate/Fonts/FontAwesome.ttf' (139K)
[2018.10.21-10.25.56:748][  0]LogRenderer: Reallocating scene render targets to support 1208x576 Format 9 NumSamples 1 (Frame:1).
[2018.10.21-10.26.04:112][  0]LogContentBrowser: Native class hierarchy updated for 'HierarchicalLODOutliner' in 0.0003 seconds. Added 0 classes and 0 folders.
[2018.10.21-10.26.04:113][  0]LogLoad: (Engine Initialization) Total time: 245.93 seconds
[2018.10.21-10.26.04:113][  0]LogLoad: (Engine Initialization) Total Blueprint compile time: 0.00 seconds
[2018.10.21-10.26.06:706][  0]LogContentStreaming: Texture pool size now 800 MB
[2018.10.21-10.26.09:859][  1]LogSlate: Took 0.151948 seconds to synchronously load lazily loaded font '../../../Engine/Content/Slate/Fonts/Roboto-Light.ttf' (167K)
[2018.10.21-10.26.11:868][  4]LogAssetRegistry: Asset discovery search completed in 180.8210 seconds
[2018.10.21-10.26.11:951][  4]LogCollectionManager: Rebuilt the object cache for 0 collections in 0.000001 seconds (found 0 objects)
[2018.10.21-10.26.11:951][  4]LogCollectionManager: Fixed up redirectors for 0 collections in 0.046865 seconds (updated 0 objects)
[2018.10.21-12.17.48:311][316]LogEditorViewport: Clicking on Actor (LMB): StaticMeshActor (Floor)
[2018.10.21-12.18.13:046][499]LogEditorViewport: Clicking on Actor (LMB): StaticMeshActor (Floor)
[2018.10.21-12.18.13:662][533]LogEditorViewport: Clicking on Actor (LMB): PlayerStart (NetworkPlayerStart)
[2018.10.21-12.18.23:307][862]LogSlate: FSceneViewport::OnFocusLost() reason 0
[2018.10.21-12.18.23:643][866]LogSlate: Window 'Masters_Project - Unreal Editor' being destroyed
[2018.10.21-12.18.24:569][867]Cmd: QUIT_EDITOR
[2018.10.21-12.18.25:182][867]LogWindowsTextInputMethodSystem: Display: IME system now deactivated.
[2018.10.21-12.18.25:285][867]LogExit: Preparing to exit.
[2018.10.21-12.18.28:843][867]LogExit: Editor shut down
[2018.10.21-12.18.28:845][867]LogExit: Transaction tracking system shut down
[2018.10.21-12.18.35:666][867]LogExit: Object subsystem successfully closed.
[2018.10.21-12.18.36:482][867]LogShaderCompilers: Display: Shaders left to compile 0
[2018.10.21-12.18.36:588][867]LogD3D11RHI: Shutdown
[2018.10.21-12.18.36:588][867]LogD3D11RHI: CleanupD3DDevice
[2018.10.21-12.18.36:725][867]LogD3D11RHI: ~FD3D11DynamicRHI
[2018.10.21-12.18.42:042][867]LogModuleManager: Shutting down and abandoning module HierarchicalLODOutliner (610)
[2018.10.21-12.18.42:042][867]LogModuleManager: Shutting down and abandoning module SceneOutliner (608)
[2018.10.21-12.18.42:042][867]LogModuleManager: Shutting down and abandoning module AddContentDialog (606)
[2018.10.21-12.18.42:164][867]LogModuleManager: Shutting down and abandoning module WidgetCarousel (605)
[2018.10.21-12.18.42:164][867]LogModuleManager: Shutting down and abandoning module EditorWidgets (602)
[2018.10.21-12.18.42:164][867]LogModuleManager: Shutting down and abandoning module CollectionManager (600)
[2018.10.21-12.18.42:198][867]LogModuleManager: Shutting down and abandoning module StatsViewer (598)
[2018.10.21-12.18.42:237][867]LogModuleManager: Shutting down and abandoning module FoliageEdit (596)
[2018.10.21-12.18.42:237][867]LogModuleManager: Shutting down and abandoning module LandscapeEditor (594)
[2018.10.21-12.18.42:309][867]LogModuleManager: Shutting down and abandoning module MeshPaintMode (592)
[2018.10.21-12.18.42:325][867]LogModuleManager: Shutting down and abandoning module SceneDepthPickerMode (590)
[2018.10.21-12.18.42:325][867]LogModuleManager: Shutting down and abandoning module ActorPickerMode (588)
[2018.10.21-12.18.42:325][867]LogModuleManager: Shutting down and abandoning module GeometryMode (586)
[2018.10.21-12.18.42:325][867]LogModuleManager: Shutting down and abandoning module TextureAlignMode (584)
[2018.10.21-12.18.42:325][867]LogModuleManager: Shutting down and abandoning module BspMode (582)
[2018.10.21-12.18.42:325][867]LogModuleManager: Shutting down and abandoning module PIEPreviewDeviceProfileSelector (580)
[2018.10.21-12.18.42:350][867]LogModuleManager: Shutting down and abandoning module SequenceRecorderSections (578)
[2018.10.21-12.18.42:367][867]LogModuleManager: Shutting down and abandoning module AutomationWorker (576)
[2018.10.21-12.18.42:367][867]LogModuleManager: Shutting down and abandoning module AudioCaptureEditor (574)
[2018.10.21-12.18.42:367][867]LogModuleManager: Shutting down and abandoning module SequenceRecorder (573)
[2018.10.21-12.18.42:385][867]LogModuleManager: Shutting down and abandoning module MatineeToLevelSequence (570)
[2018.10.21-12.18.42:428][867]LogModuleManager: Shutting down and abandoning module LevelSequenceEditor (568)
[2018.10.21-12.18.42:501][867]LogModuleManager: Shutting down and abandoning module PlacementMode (567)
[2018.10.21-12.18.42:501][867]LogModuleManager: Shutting down and abandoning module MaterialEditor (566)
[2018.10.21-12.18.42:637][867]LogModuleManager: Shutting down and abandoning module WmfMediaFactory (562)
[2018.10.21-12.18.42:637][867]LogModuleManager: Shutting down and abandoning module WmfMediaEditor (560)
[2018.10.21-12.18.42:637][867]LogModuleManager: Shutting down and abandoning module MediaPlayerEditor (558)
[2018.10.21-12.18.42:670][867]LogModuleManager: Shutting down and abandoning module OpenExrWrapper (556)
[2018.10.21-12.18.42:670][867]LogModuleManager: Shutting down and abandoning module ImgMediaFactory (554)
[2018.10.21-12.18.42:670][867]LogModuleManager: Shutting down and abandoning module ImgMediaEditor (552)
[2018.10.21-12.18.42:670][867]LogModuleManager: Shutting down and abandoning module AvfMediaFactory (550)
[2018.10.21-12.18.42:670][867]LogModuleManager: Shutting down and abandoning module AvfMediaEditor (548)
[2018.10.21-12.18.42:670][867]LogModuleManager: Shutting down and abandoning module AndroidMediaFactory (546)
[2018.10.21-12.18.42:671][867]LogModuleManager: Shutting down and abandoning module AndroidMediaEditor (544)
[2018.10.21-12.18.42:671][867]LogModuleManager: Shutting down and abandoning module MagicLeapCameraPreviewFactory (542)
[2018.10.21-12.18.42:671][867]LogModuleManager: Shutting down and abandoning module MagicLeapMediaFactory (540)
[2018.10.21-12.18.42:671][867]LogModuleManager: Shutting down and abandoning module MagicLeapMediaEditor (538)
[2018.10.21-12.18.42:671][867]LogModuleManager: Shutting down and abandoning module CharacterAI (536)
[2018.10.21-12.18.42:671][867]LogModuleManager: Shutting down and abandoning module SmartSnapping (534)
[2018.10.21-12.18.42:671][867]LogModuleManager: Shutting down and abandoning module SessionServices (532)
[2018.10.21-12.18.42:671][867]LogModuleManager: Shutting down and abandoning module ViewportSnapping (530)
[2018.10.21-12.18.42:671][867]LogModuleManager: Shutting down and abandoning module ViewportInteraction (528)
[2018.10.21-12.18.42:671][867]LogModuleManager: Shutting down and abandoning module ClothPainter (526)
[2018.10.21-12.18.42:731][867]LogModuleManager: Shutting down and abandoning module SkeletalMeshEditor (525)
[2018.10.21-12.18.42:755][867]LogModuleManager: Shutting down and abandoning module LogVisualizer (522)
[2018.10.21-12.18.42:781][867]LogModuleManager: Shutting down and abandoning module IntroTutorials (520)
[2018.10.21-12.18.42:865][867]LogModuleManager: Shutting down and abandoning module GameProjectGeneration (519)
[2018.10.21-12.18.42:892][867]LogModuleManager: Shutting down and abandoning module LuminPlatformEditor (516)
[2018.10.21-12.18.42:892][867]LogModuleManager: Shutting down and abandoning module IOSPlatformEditor (514)
[2018.10.21-12.18.42:909][867]LogModuleManager: Shutting down and abandoning module HTML5PlatformEditor (512)
[2018.10.21-12.18.42:909][867]LogModuleManager: Shutting down and abandoning module AndroidPlatformEditor (510)
[2018.10.21-12.18.42:909][867]LogModuleManager: Shutting down and abandoning module AndroidDeviceDetection (509)
[2018.10.21-12.18.43:630][867]LogModuleManager: Shutting down and abandoning module WindowsPlatformEditor (506)
[2018.10.21-12.18.43:630][867]LogModuleManager: Shutting down and abandoning module LuminRuntimeSettings (504)
[2018.10.21-12.18.43:630][867]LogModuleManager: Shutting down and abandoning module IOSRuntimeSettings (502)
[2018.10.21-12.18.43:630][867]LogModuleManager: Shutting down and abandoning module AndroidRuntimeSettings (500)
[2018.10.21-12.18.43:630][867]LogModuleManager: Shutting down and abandoning module InputBindingEditor (498)
[2018.10.21-12.18.43:639][867]LogModuleManager: Shutting down and abandoning module MergeActors (496)
[2018.10.21-12.18.43:652][867]LogModuleManager: Shutting down and abandoning module LocalizationDashboard (494)
[2018.10.21-12.18.43:671][867]LogModuleManager: Shutting down and abandoning module LocalizationService (493)
[2018.10.21-12.18.43:686][867]LogModuleManager: Shutting down and abandoning module HardwareTargeting (490)
[2018.10.21-12.18.43:686][867]LogModuleManager: Shutting down and abandoning module DeviceProfileEditor (488)
[2018.10.21-12.18.43:686][867]LogModuleManager: Shutting down and abandoning module UndoHistory (486)
[2018.10.21-12.18.43:704][867]LogModuleManager: Shutting down and abandoning module XmlParser (484)
[2018.10.21-12.18.43:704][867]LogModuleManager: Shutting down and abandoning module Blutility (482)
[2018.10.21-12.18.43:721][867]LogModuleManager: Shutting down and abandoning module ProjectSettingsViewer (480)
[2018.10.21-12.18.43:721][867]LogModuleManager: Shutting down and abandoning module ProjectTargetPlatformEditor (479)
[2018.10.21-12.18.43:721][867]LogModuleManager: Shutting down and abandoning module EditorSettingsViewer (476)
[2018.10.21-12.18.43:721][867]LogModuleManager: Shutting down and abandoning module SettingsEditor (474)
[2018.10.21-12.18.43:766][867]LogModuleManager: Shutting down and abandoning module ProjectLauncher (472)
[2018.10.21-12.18.43:798][867]LogModuleManager: Shutting down and abandoning module SessionFrontend (470)
[2018.10.21-12.18.43:811][867]LogModuleManager: Shutting down and abandoning module ProfilerClient (468)
[2018.10.21-12.18.43:821][867]LogModuleManager: Shutting down and abandoning module DeviceManager (466)
[2018.10.21-12.18.43:831][867]LogModuleManager: Shutting down and abandoning module TargetDeviceServices (465)
[2018.10.21-12.18.43:886][867]LogModuleManager: Shutting down and abandoning module AutomationController (462)
[2018.10.21-12.18.43:897][867]LogModuleManager: Shutting down and abandoning module AutomationWindow (460)
[2018.10.21-12.18.43:918][867]LogModuleManager: Shutting down and abandoning module Layers (458)
[2018.10.21-12.18.44:138][867]LogModuleManager: Shutting down and abandoning module ComponentVisualizers (456)
[2018.10.21-12.18.44:138][867]LogModuleManager: Shutting down and abandoning module DetailCustomizations (454)
[2018.10.21-12.18.44:138][867]LogModuleManager: Shutting down and abandoning module PackagesDialog (452)
[2018.10.21-12.18.44:156][867]LogModuleManager: Shutting down and abandoning module Persona (450)
[2018.10.21-12.18.44:253][867]LogModuleManager: Shutting down and abandoning module AdvancedPreviewScene (449)
[2018.10.21-12.18.44:253][867]LogModuleManager: Shutting down and abandoning module AnimGraph (447)
[2018.10.21-12.18.44:265][867]LogModuleManager: Shutting down and abandoning module Kismet (444)
[2018.10.21-12.18.44:322][867]LogModuleManager: Shutting down and abandoning module GraphEditor (442)
[2018.10.21-12.18.44:380][867]LogModuleManager: Shutting down and abandoning module ClassViewer (440)
[2018.10.21-12.18.44:380][867]LogModuleManager: Shutting down and abandoning module Toolbox (438)
[2018.10.21-12.18.44:380][867]LogModuleManager: Shutting down and abandoning module ModuleUI (436)
[2018.10.21-12.18.44:396][867]LogModuleManager: Shutting down and abandoning module MovieSceneTools (434)
[2018.10.21-12.18.44:441][867]LogModuleManager: Shutting down and abandoning module OutputLog (432)
[2018.10.21-12.18.44:441][867]LogModuleManager: Shutting down and abandoning module GammaUI (430)
[2018.10.21-12.18.44:461][867]LogModuleManager: Shutting down and abandoning module Documentation (428)
[2018.10.21-12.18.44:461][867]LogModuleManager: Shutting down and abandoning module MovieSceneTracks (426)
[2018.10.21-12.18.44:461][867]LogModuleManager: Shutting down and abandoning module MovieScene (424)
[2018.10.21-12.18.44:469][867]LogModuleManager: Shutting down and abandoning module StreamingPauseRendering (422)
[2018.10.21-12.18.44:484][867]LogModuleManager: Shutting down and abandoning module LauncherPlatform (420)
[2018.10.21-12.18.44:484][867]LogModuleManager: Shutting down and abandoning module AnalyticsET (418)
[2018.10.21-12.18.44:484][867]LogModuleManager: Shutting down and abandoning module PortalServices (416)
[2018.10.21-12.18.44:484][867]LogModuleManager: Shutting down and abandoning module PortalRpc (414)
[2018.10.21-12.18.44:484][867]LogModuleManager: Shutting down and abandoning module MessagingRpc (412)
[2018.10.21-12.18.44:484][867]LogModuleManager: Shutting down and abandoning module AIModule (410)
[2018.10.21-12.18.44:518][867]LogModuleManager: Shutting down and abandoning module GameplayDebugger (409)
[2018.10.21-12.18.44:518][867]LogModuleManager: Shutting down and abandoning module AITestSuite (407)
[2018.10.21-12.18.44:525][867]LogModuleManager: Shutting down and abandoning module NavigationSystem (405)
[2018.10.21-12.18.44:525][867]LogModuleManager: Shutting down and abandoning module DesktopPlatform (402)
[2018.10.21-12.18.44:525][867]LogModuleManager: Shutting down and abandoning module ProfilerService (400)
[2018.10.21-12.18.44:654][867]LogModuleManager: Shutting down and abandoning module TaskGraph (398)
[2018.10.21-12.18.44:698][867]LogModuleManager: Shutting down and abandoning module SteamVRController (396)
[2018.10.21-12.18.44:698][867]LogModuleManager: Shutting down and abandoning module ProceduralMeshComponentEditor (394)
[2018.10.21-12.18.44:699][867]LogModuleManager: Shutting down and abandoning module ProceduralMeshComponent (392)
[2018.10.21-12.18.44:714][867]LogModuleManager: Shutting down and abandoning module OculusInput (390)
[2018.10.21-12.18.44:714][867]LogModuleManager: Shutting down and abandoning module MobilePatchingUtils (388)
[2018.10.21-12.18.44:714][867]LogModuleManager: Shutting down and abandoning module EditableMesh (386)
[2018.10.21-12.18.44:737][867]LogModuleManager: Shutting down and abandoning module CustomMeshComponent (384)
[2018.10.21-12.18.44:737][867]LogModuleManager: Shutting down and abandoning module CableComponent (382)
[2018.10.21-12.18.44:737][867]LogModuleManager: Shutting down and abandoning module AudioCapture (380)
[2018.10.21-12.18.44:737][867]LogModuleManager: Shutting down and abandoning module ArchVisCharacter (378)
[2018.10.21-12.18.44:737][867]LogModuleManager: Shutting down and abandoning module AndroidPermission (376)
[2018.10.21-12.18.44:737][867]LogModuleManager: Shutting down and abandoning module NUTUnrealEngine4 (374)
[2018.10.21-12.18.44:737][867]LogModuleManager: Shutting down and abandoning module NetcodeUnitTest (372)
[2018.10.21-12.18.44:787][867]LogModuleManager: Shutting down and abandoning module MediaCompositingEditor (370)
[2018.10.21-12.18.44:787][867]LogModuleManager: Shutting down and abandoning module MediaCompositing (368)
[2018.10.21-12.18.44:787][867]LogModuleManager: Shutting down and abandoning module LinearTimecode (366)
[2018.10.21-12.18.44:787][867]LogModuleManager: Shutting down and abandoning module ImgMedia (364)
[2018.10.21-12.18.44:815][867]LogModuleManager: Shutting down and abandoning module HTML5Networking (362)
[2018.10.21-12.18.44:815][867]LogModuleManager: Shutting down and abandoning module GeometryCacheTracks (360)
[2018.10.21-12.18.44:815][867]LogModuleManager: Shutting down and abandoning module GeometryCacheSequencer (358)
[2018.10.21-12.18.44:815][867]LogModuleManager: Shutting down and abandoning module BackChannel (356)
[2018.10.21-12.18.44:838][867]LogModuleManager: Shutting down and abandoning module AppleVision (354)
[2018.10.21-12.18.44:838][867]LogModuleManager: Shutting down and abandoning module AppleImageUtils (352)
[2018.10.21-12.18.44:838][867]LogModuleManager: Shutting down and abandoning module AlembicImporter (350)
[2018.10.21-12.18.44:838][867]LogModuleManager: Shutting down and abandoning module AlembicLibrary (349)
[2018.10.21-12.18.44:838][867]LogModuleManager: Shutting down and abandoning module GeometryCache (348)
[2018.10.21-12.18.44:838][867]LogModuleManager: Shutting down and abandoning module GeometryCacheEd (347)
[2018.10.21-12.18.44:838][867]LogModuleManager: Shutting down and abandoning module DatasmithContentEditor (342)
[2018.10.21-12.18.44:844][867]LogModuleManager: Shutting down and abandoning module DatasmithContent (340)
[2018.10.21-12.18.44:846][867]LogModuleManager: Shutting down and abandoning module SpeedTreeImporter (338)
[2018.10.21-12.18.44:846][867]LogModuleManager: Shutting down and abandoning module PluginBrowser (336)
[2018.10.21-12.18.44:973][867]LogModuleManager: Shutting down and abandoning module MobileLauncherProfileWizard (334)
[2018.10.21-12.18.45:017][867]LogModuleManager: Shutting down and abandoning module PolygonModeling (332)
[2018.10.21-12.18.45:017][867]LogModuleManager: Shutting down and abandoning module MeshEditor (330)
[2018.10.21-12.18.45:028][867]LogModuleManager: Shutting down and abandoning module CryptoKeysOpenSSL (328)
[2018.10.21-12.18.45:053][867]LogModuleManager: Shutting down and abandoning module CryptoKeys (326)
[2018.10.21-12.18.45:053][867]LogModuleManager: Shutting down and abandoning module VisualStudioSourceCodeAccess (324)
[2018.10.21-12.18.45:053][867]LogModuleManager: Shutting down and abandoning module VisualStudioCodeSourceCodeAccess (322)
[2018.10.21-12.18.45:053][867]LogModuleManager: Shutting down and abandoning module UObjectPlugin (320)
[2018.10.21-12.18.45:053][867]LogModuleManager: Shutting down and abandoning module SubversionSourceControl (318)
[2018.10.21-12.18.45:106][867]LogModuleManager: Shutting down and abandoning module PerforceSourceControl (316)
[2018.10.21-12.18.45:159][867]LogModuleManager: Shutting down and abandoning module GitSourceControl (314)
[2018.10.21-12.18.45:186][867]LogModuleManager: Shutting down and abandoning module SourceControl (313)
[2018.10.21-12.18.45:196][867]LogModuleManager: Shutting down and abandoning module CLionSourceCodeAccess (310)
[2018.10.21-12.18.45:196][867]LogModuleManager: Shutting down and abandoning module LightPropagationVolumeEditor (308)
[2018.10.21-12.18.45:196][867]LogModuleManager: Shutting down and abandoning module PaperTiledImporter (306)
[2018.10.21-12.18.45:196][867]LogModuleManager: Shutting down and abandoning module PaperSpriteSheetImporter (304)
[2018.10.21-12.18.45:196][867]LogModuleManager: Shutting down and abandoning module Paper2DEditor (302)
[2018.10.21-12.18.45:256][867]LogModuleManager: Shutting down and abandoning module MeshPaint (301)
[2018.10.21-12.18.45:275][867]LogModuleManager: Shutting down and abandoning module RuntimePhysXCooking (298)
[2018.10.21-12.18.45:275][867]LogModuleManager: Shutting down and abandoning module PhysXVehiclesEditor (296)
[2018.10.21-12.18.45:275][867]LogModuleManager: Shutting down and abandoning module PhysXVehicles (294)
[2018.10.21-12.18.45:275][867]LogModuleManager: Shutting down and abandoning module OculusEditor (292)
[2018.10.21-12.18.45:295][867]LogModuleManager: Shutting down and abandoning module LocationServicesBPLibrary (290)
[2018.10.21-12.18.45:295][867]LogModuleManager: Shutting down and abandoning module ImmediatePhysicsEditor (288)
[2018.10.21-12.18.45:295][867]LogModuleManager: Shutting down and abandoning module ImmediatePhysics (286)
[2018.10.21-12.18.45:338][867]LogModuleManager: Shutting down and abandoning module ActorSequence (284)
[2018.10.21-12.18.45:338][867]LogModuleManager: Shutting down and abandoning module UdpMessaging (282)
[2018.10.21-12.18.45:439][867]LogModuleManager: Shutting down and abandoning module TcpMessaging (280)
[2018.10.21-12.18.45:559][867]LogModuleManager: Shutting down and abandoning module MagicLeapAudio (278)
[2018.10.21-12.18.45:559][867]LogModuleManager: Shutting down and abandoning module GameplayTagsEditor (276)
[2018.10.21-12.18.45:588][867]LogModuleManager: Shutting down and abandoning module FacialAnimationEditor (274)
[2018.10.21-12.18.45:588][867]LogModuleManager: Shutting down and abandoning module FacialAnimation (272)
[2018.10.21-12.18.45:588][867]LogModuleManager: Shutting down and abandoning module DataValidation (270)
[2018.10.21-12.18.45:588][867]LogModuleManager: Shutting down and abandoning module AssetManagerEditor (268)
[2018.10.21-12.18.45:622][867]LogModuleManager: Shutting down and abandoning module LevelEditor (267)
[2018.10.21-12.18.45:698][867]LogModuleManager: Shutting down and abandoning module PixelInspectorModule (266)
[2018.10.21-12.18.45:726][867]LogModuleManager: Shutting down and abandoning module CommonMenuExtensions (264)
[2018.10.21-12.18.45:727][867]LogModuleManager: Shutting down and abandoning module MainFrame (262)
[2018.10.21-12.18.45:763][867]LogModuleManager: Shutting down and abandoning module HotReload (261)
[2018.10.21-12.18.45:785][867]LogModuleManager: Shutting down and abandoning module ContentBrowser (257)
[2018.10.21-12.18.45:788][867]LogModuleManager: Shutting down and abandoning module TreeMap (255)
[2018.10.21-12.18.45:829][867]LogModuleManager: Shutting down and abandoning module LightPropagationVolumeRuntime (252)
[2018.10.21-12.18.45:829][867]LogModuleManager: Shutting down and abandoning module AISupportModule (250)
[2018.10.21-12.18.45:829][867]LogModuleManager: Shutting down and abandoning module Paper2D (248)
[2018.10.21-12.18.45:846][867]LogModuleManager: Shutting down and abandoning module WindowsMoviePlayer (246)
[2018.10.21-12.18.45:884][867]LogModuleManager: Shutting down and abandoning module WmfMedia (244)
[2018.10.21-12.18.45:906][867]LogModuleManager: Shutting down and abandoning module Media (243)
[2018.10.21-12.18.45:912][867]LogModuleManager: Shutting down and abandoning module PacketHandler (240)
[2018.10.21-12.18.45:912][867]LogModuleManager: Shutting down and abandoning module ClothingSystemEditor (238)
[2018.10.21-12.18.45:912][867]LogModuleManager: Shutting down and abandoning module ClothingSystemRuntime (236)
[2018.10.21-12.18.46:003][867]LogModuleManager: Shutting down and abandoning module MediaAssets (234)
[2018.10.21-12.18.46:003][867]LogModuleManager: Shutting down and abandoning module Overlay (232)
[2018.10.21-12.18.46:003][867]LogModuleManager: Shutting down and abandoning module OverlayEditor (231)
[2018.10.21-12.18.46:003][867]LogModuleManager: Shutting down and abandoning module VREditor (228)
[2018.10.21-12.18.46:045][867]LogModuleManager: Shutting down and abandoning module StringTableEditor (226)
[2018.10.21-12.18.46:091][867]LogModuleManager: Shutting down and abandoning module GameplayTasksEditor (224)
[2018.10.21-12.18.46:091][867]LogModuleManager: Shutting down and abandoning module BehaviorTreeEditor (222)
[2018.10.21-12.18.46:185][867]LogModuleManager: Shutting down and abandoning module FunctionalTesting (220)
[2018.10.21-12.18.46:195][867]LogModuleManager: Shutting down and abandoning module CollisionAnalyzer (218)
[2018.10.21-12.18.46:208][867]LogModuleManager: Shutting down and abandoning module WorkspaceMenuStructure (217)
[2018.10.21-12.18.46:208][867]LogModuleManager: Shutting down and abandoning module UMG (214)
[2018.10.21-12.18.46:261][867]LogModuleManager: Shutting down and abandoning module UMGEditor (213)
[2018.10.21-12.18.46:463][867]LogModuleManager: Shutting down and abandoning module Sequencer (212)
[2018.10.21-12.18.46:634][867]LogModuleManager: Shutting down and abandoning module MessageLog (209)
[2018.10.21-12.18.46:634][867]LogModuleManager: Shutting down and abandoning module SlateReflector (204)
[2018.10.21-12.18.46:723][867]LogModuleManager: Shutting down and abandoning module Slate (202)
[2018.10.21-12.18.46:723][867]LogModuleManager: Shutting down and abandoning module EditorStyle (200)
[2018.10.21-12.18.46:730][867]LogModuleManager: Shutting down and abandoning module MRMesh (198)
[2018.10.21-12.18.46:755][867]LogModuleManager: Shutting down and abandoning module SourceCodeAccess (196)
[2018.10.21-12.18.46:755][867]LogModuleManager: Shutting down and abandoning module HeadMountedDisplay (194)
[2018.10.21-12.18.46:755][867]LogModuleManager: Shutting down and abandoning module XAudio2 (192)
[2018.10.21-12.18.46:755][867]LogModuleManager: Shutting down and abandoning module Networking (190)
[2018.10.21-12.18.46:755][867]LogModuleManager: Shutting down and abandoning module Core (188)
[2018.10.21-12.18.46:755][867]LogModuleManager: Shutting down and abandoning module LevelSequence (186)
[2018.10.21-12.18.46:755][867]LogModuleManager: Shutting down and abandoning module KismetCompiler (184)
[2018.10.21-12.18.46:755][867]LogModuleManager: Shutting down and abandoning module MeshUtilities (182)
[2018.10.21-12.18.46:779][867]LogModuleManager: Shutting down and abandoning module MeshMergeUtilities (181)
[2018.10.21-12.18.46:862][867]LogModuleManager: Shutting down and abandoning module MeshReductionInterface (180)
[2018.10.21-12.18.46:862][867]LogModuleManager: Shutting down and abandoning module SimplygonSwarm (179)
[2018.10.21-12.18.46:892][867]LogModuleManager: Shutting down and abandoning module ProxyLODMeshReduction (177)
[2018.10.21-12.18.46:935][867]LogModuleManager: Shutting down and abandoning module SimplygonMeshReduction (175)
[2018.10.21-12.18.46:935][867]LogModuleManager: Shutting down and abandoning module QuadricMeshReduction (173)
[2018.10.21-12.18.47:012][867]LogModuleManager: Shutting down and abandoning module MaterialBaking (169)
[2018.10.21-12.18.47:018][867]LogModuleManager: Shutting down and abandoning module DirectoryWatcher (165)
[2018.10.21-12.18.47:019][867]LogModuleManager: Shutting down and abandoning module DerivedDataCache (162)
[2018.10.21-12.18.47:064][867]LogDerivedDataCache: Shutdown
[2018.10.21-12.18.47:064][867]LogModuleManager: Shutting down and abandoning module XGEController (160)
[2018.10.21-12.18.47:064][867]LogXGEController: Cleaning working directory: C:/Users/asus/AppData/Local/Temp/UnrealXGEWorkingDir/
[2018.10.21-12.18.47:100][867]LogModuleManager: Shutting down and abandoning module TargetPlatform (158)
[2018.10.21-12.18.47:100][867]LogModuleManager: Shutting down and abandoning module VulkanShaderFormat (157)
[2018.10.21-12.18.47:127][867]LogModuleManager: Shutting down and abandoning module ShaderFormatVectorVM (155)
[2018.10.21-12.18.47:160][867]LogModuleManager: Shutting down and abandoning module ShaderFormatOpenGL (153)
[2018.10.21-12.18.47:196][867]LogModuleManager: Shutting down and abandoning module ShaderFormatD3D (151)
[2018.10.21-12.18.47:196][867]LogModuleManager: Shutting down and abandoning module MetalShaderFormat (149)
[2018.10.21-12.18.47:238][867]LogModuleManager: Shutting down and abandoning module TextureFormatUncompressed (147)
[2018.10.21-12.18.47:238][867]LogModuleManager: Shutting down and abandoning module TextureFormatPVR (145)
[2018.10.21-12.18.47:238][867]LogModuleManager: Shutting down and abandoning module TextureFormatDXT (143)
[2018.10.21-12.18.47:430][867]LogModuleManager: Shutting down and abandoning module TextureFormatIntelISPCTexComp (141)
[2018.10.21-12.18.47:445][867]LogModuleManager: Shutting down and abandoning module TextureFormatASTC (139)
[2018.10.21-12.18.47:445][867]LogModuleManager: Shutting down and abandoning module ImageWrapper (138)
[2018.10.21-12.18.47:445][867]LogModuleManager: Shutting down and abandoning module TextureFormatAndroid (135)
[2018.10.21-12.18.47:445][867]LogModuleManager: Shutting down and abandoning module AudioFormatOpus (133)
[2018.10.21-12.18.47:445][867]LogModuleManager: Shutting down and abandoning module AudioFormatOgg (131)
[2018.10.21-12.18.47:445][867]LogModuleManager: Shutting down and abandoning module AudioFormatADPCM (129)
[2018.10.21-12.18.47:445][867]LogModuleManager: Shutting down and abandoning module LuminTargetPlatform (127)
[2018.10.21-12.18.47:446][867]LogModuleManager: Shutting down and abandoning module LinuxTargetPlatform (125)
[2018.10.21-12.18.47:446][867]LogModuleManager: Shutting down and abandoning module LinuxServerTargetPlatform (123)
[2018.10.21-12.18.47:446][867]LogModuleManager: Shutting down and abandoning module LinuxNoEditorTargetPlatform (121)
[2018.10.21-12.18.47:480][867]LogModuleManager: Shutting down and abandoning module LinuxClientTargetPlatform (119)
[2018.10.21-12.18.47:540][867]LogModuleManager: Shutting down and abandoning module TVOSTargetPlatform (117)
[2018.10.21-12.18.47:546][867]LogModuleManager: Shutting down and abandoning module Messaging (115)
[2018.10.21-12.18.47:546][867]LogModuleManager: Shutting down and abandoning module IOSTargetPlatform (113)
[2018.10.21-12.18.47:550][867]LogModuleManager: Shutting down and abandoning module HTML5TargetPlatform (111)
[2018.10.21-12.18.47:550][867]LogModuleManager: Shutting down and abandoning module AndroidTargetPlatform (109)
[2018.10.21-12.18.47:601][867]LogModuleManager: Shutting down and abandoning module WindowsTargetPlatform (107)
[2018.10.21-12.18.47:601][867]LogModuleManager: Shutting down and abandoning module WindowsServerTargetPlatform (105)
[2018.10.21-12.18.47:601][867]LogModuleManager: Shutting down and abandoning module WindowsNoEditorTargetPlatform (103)
[2018.10.21-12.18.47:601][867]LogModuleManager: Shutting down and abandoning module WindowsClientTargetPlatform (101)
[2018.10.21-12.18.47:601][867]LogModuleManager: Shutting down and abandoning module MacTargetPlatform (99)
[2018.10.21-12.18.47:602][867]LogModuleManager: Shutting down and abandoning module MacServerTargetPlatform (97)
[2018.10.21-12.18.47:602][867]LogModuleManager: Shutting down and abandoning module MacNoEditorTargetPlatform (95)
[2018.10.21-12.18.47:602][867]LogModuleManager: Shutting down and abandoning module MacClientTargetPlatform (93)
[2018.10.21-12.18.47:602][867]LogModuleManager: Shutting down and abandoning module AllDesktopTargetPlatform (91)
[2018.10.21-12.18.47:602][867]LogModuleManager: Shutting down and abandoning module InputCore (88)
[2018.10.21-12.18.47:602][867]LogModuleManager: Shutting down and abandoning module Settings (86)
[2018.10.21-12.18.47:602][867]LogModuleManager: Shutting down and abandoning module PhysXCooking (84)
[2018.10.21-12.18.47:602][867]LogModuleManager: Shutting down and abandoning module SteamVR (82)
[2018.10.21-12.18.47:602][867]LogModuleManager: Shutting down and abandoning module OculusHMD (80)
[2018.10.21-12.18.47:645][867]LogModuleManager: Shutting down and abandoning module ExampleDeviceProfileSelector (78)
[2018.10.21-12.18.47:645][867]LogModuleManager: Shutting down and abandoning module LauncherChunkInstaller (76)
[2018.10.21-12.18.47:645][867]LogModuleManager: Shutting down and abandoning module OnlineBlueprintSupport (74)
[2018.10.21-12.18.47:645][867]LogModuleManager: Shutting down and abandoning module OnlineSubsystem (70)
[2018.10.21-12.18.47:953][867]LogModuleManager: Shutting down and abandoning module XMPP (65)
[2018.10.21-12.18.48:061][867]LogModuleManager: Shutting down and abandoning module WebSockets (64)
[2018.10.21-12.18.48:654][867]LogModuleManager: Shutting down and abandoning module HTTP (61)
[2018.10.21-12.18.48:827][867]LogHttp: Display: Http module shutting down, but needs to wait on 1 outstanding Http requests:
[2018.10.21-12.18.48:827][867]LogHttp: Display: 	verb=[POST] url=[https://datarouter.ol.epicgames.com/datarouter/api/v1/public/data?SessionID=%7B4043349C-4D53-AFE5-667E-81A703D816A1%7D&AppID=UEEditor.Rocket.Release&AppVersion=4.20.3-4369336%2B%2B%2BUE4%2BRelease-4.20&UserID=a16bc8ec4c33dc725ec6e7b588e82052%7C8f3ae6b668e548619376b42adb21b3aa%7C73c36f6a-4424-40dc-ac64-3ea54c30aa2b&AppEnvironment=datacollector-binary&UploadType=eteventstream] status=Processing
[2018.10.21-12.18.48:867][867]LogModuleManager: Shutting down and abandoning module SSL (60)
[2018.10.21-12.18.49:241][867]LogModuleManager: Shutting down and abandoning module MagicLeapEmulator (56)
[2018.10.21-12.18.49:241][867]LogModuleManager: Shutting down and abandoning module MagicLeapPrivileges (54)
[2018.10.21-12.18.49:241][867]LogModuleManager: Shutting down and abandoning module MagicLeapIdentity (52)
[2018.10.21-12.18.49:241][867]LogModuleManager: Shutting down and abandoning module MagicLeapHelperVulkan (50)
[2018.10.21-12.18.49:241][867]LogModuleManager: Shutting down and abandoning module MagicLeapHelperOpenGL (48)
[2018.10.21-12.18.49:241][867]LogModuleManager: Shutting down and abandoning module MagicLeapSecureStorage (46)
[2018.10.21-12.18.49:241][867]LogModuleManager: Shutting down and abandoning module MagicLeapGestures (44)
[2018.10.21-12.18.49:241][867]LogModuleManager: Shutting down and abandoning module MagicLeapEyeTracker (42)
[2018.10.21-12.18.49:241][867]LogModuleManager: Shutting down and abandoning module MagicLeapController (40)
[2018.10.21-12.18.49:241][867]LogSlate: Slate User Destroyed.  User Index 0, Is Virtual User: 0
[2018.10.21-12.18.49:241][867]LogModuleManager: Shutting down and abandoning module MagicLeap (38)
[2018.10.21-12.18.49:241][867]LogModuleManager: Shutting down and abandoning module AnimationModifiers (36)
[2018.10.21-12.18.49:466][867]LogModuleManager: Shutting down and abandoning module PropertyEditor (35)
[2018.10.21-12.18.49:555][867]LogModuleManager: Shutting down and abandoning module AudioEditor (32)
[2018.10.21-12.18.49:705][867]LogModuleManager: Shutting down and abandoning module TextureCompressor (30)
[2018.10.21-12.18.49:916][867]LogModuleManager: Shutting down and abandoning module ShaderCore (28)
[2018.10.21-12.18.49:916][867]LogModuleManager: Shutting down and abandoning module Landscape (26)
[2018.10.21-12.18.49:916][867]LogModuleManager: Shutting down and abandoning module SlateRHIRenderer (24)
[2018.10.21-12.18.50:143][867]LogModuleManager: Shutting down and abandoning module OpenGLDrv (22)
[2018.10.21-12.18.50:165][867]LogModuleManager: Shutting down and abandoning module D3D11RHI (20)
[2018.10.21-12.18.50:165][867]LogModuleManager: Shutting down and abandoning module AnimGraphRuntime (18)
[2018.10.21-12.18.50:189][867]LogModuleManager: Shutting down and abandoning module Renderer (16)
[2018.10.21-12.18.50:189][867]LogModuleManager: Shutting down and abandoning module Engine (14)
[2018.10.21-12.18.50:189][867]LogModuleManager: Shutting down and abandoning module CoreUObject (12)
[2018.10.21-12.18.50:189][867]LogModuleManager: Shutting down and abandoning module NetworkFile (10)
[2018.10.21-12.18.50:202][867]LogModuleManager: Shutting down and abandoning module CookedIterativeFile (8)
[2018.10.21-12.18.50:202][867]LogModuleManager: Shutting down and abandoning module StreamingFile (6)
[2018.10.21-12.18.50:279][867]LogModuleManager: Shutting down and abandoning module SandboxFile (4)
[2018.10.21-12.18.50:279][867]LogModuleManager: Shutting down and abandoning module PakFile (2)
[2018.10.21-12.18.50:465][867]LogExit: Exiting.
[2018.10.21-12.18.50:513][867]Log file closed, 10/21/18 14:18:50
